19:43:33 **-- Starting Experiment 1: Usage, Surge with AVG workload
Seeding the UpgradeplannerDB with tenants
[{"tenantId":1,"appName":"mt-api","slaClass":"bronze","currVersion":"1","upgVersion":null,"deadline":null},{"tenantId":2,"appName":"mt-api","slaClass":"bronze","currVersion":"1","upgVersion":null,"deadline":null},{"tenantId":3,"appName":"mt-api","slaClass":"bronze","currVersion":"1","upgVersion":null,"deadline":null},{"tenantId":4,"appName":"mt-api","slaClass":"bronze","currVersion":"1","upgVersion":null,"deadline":null},{"tenantId":5,"appName":"mt-api","slaClass":"bronze","currVersion":"1","upgVersion":null,"deadline":null},{"tenantId":6,"appName":"mt-api","slaClass":"bronze","currVersion":"1","upgVersion":null,"deadline":null},{"tenantId":7,"appName":"mt-api","slaClass":"bronze","currVersion":"1","upgVersion":null,"deadline":null},{"tenantId":8,"appName":"mt-api","slaClass":"bronze","currVersion":"1","upgVersion":null,"deadline":null},{"tenantId":9,"appName":"mt-api","slaClass":"bronze","currVersion":"1","upgVersion":null,"deadline":null},{"tenantId":10,"appName":"mt-api","slaClass":"bronze","currVersion":"1","upgVersion":null,"deadline":null},{"tenantId":11,"appName":"mt-api","slaClass":"bronze","currVersion":"1","upgVersion":null,"deadline":null},{"tenantId":12,"appName":"mt-api","slaClass":"bronze","currVersion":"1","upgVersion":null,"deadline":null},{"tenantId":13,"appName":"mt-api","slaClass":"bronze","currVersion":"1","upgVersion":null,"deadline":null}]Seeding the UpgradeplannerDB with Deployments
{"deploymentName":"mt-api-v1","appName":"mt-api","version":"1","slaClass":"bronze","podRequests":871,"podLimits":1300,"tenantRequests":67,"tenantLimits":100,"upgradeTime":90}{"deploymentName":"mt-api-v2","appName":"mt-api","version":"2","slaClass":"bronze","podRequests":0,"podLimits":0,"tenantRequests":67,"tenantLimits":100,"upgradeTime":90}Seeding the application database

> mt-api@0.0.0 clear-db /app
> node ./scripts/db-clear.js

2020-05-22T19:43:36.921Z [mt-api] [32minfo[39m: Connecting to database.
2020-05-22T19:43:36.928Z [mt-api] [32minfo[39m: Connecting to: mongodb://mt-db-s/mt-api
2020-05-22T19:43:36.993Z [mt-api] [33mwarn[39m: Clearing database.
2020-05-22T19:43:37.071Z [mt-api] [32minfo[39m: TenantModel: {"n":0,"ok":1,"deletedCount":0}
2020-05-22T19:43:37.085Z [mt-api] [32minfo[39m: UserModel: {"n":0,"ok":1,"deletedCount":0}
2020-05-22T19:43:37.086Z [mt-api] [33mwarn[39m: Database cleared.
2020-05-22T19:43:37.087Z [mt-api] [32minfo[39m: Disconnecting from database.

> mt-api@0.0.0 seed-db /app
> node ./scripts/db-seed.js

2020-05-22T19:43:38.658Z [mt-api] [32minfo[39m: Connecting to database.
2020-05-22T19:43:38.662Z [mt-api] [32minfo[39m: Connecting to: mongodb://mt-db-s/mt-api
2020-05-22T19:43:38.743Z [mt-api] [33mwarn[39m: Seeding database.
2020-05-22T19:43:38.926Z [mt-api] [33mwarn[39m: Tenants seeded.
2020-05-22T19:43:39.112Z [mt-api] [32minfo[39m: [REGISTER] User created: user-2-1
2020-05-22T19:43:39.329Z [mt-api] [32minfo[39m: [REGISTER] User created: user-5-1
2020-05-22T19:43:39.433Z [mt-api] [32minfo[39m: [REGISTER] User created: user-4-1
2020-05-22T19:43:39.449Z [mt-api] [32minfo[39m: [REGISTER] User created: user-1-1
2020-05-22T19:43:39.510Z [mt-api] [32minfo[39m: [REGISTER] User created: user-3-1
2020-05-22T19:43:39.560Z [mt-api] [32minfo[39m: [REGISTER] User created: user-6-1
2020-05-22T19:43:39.821Z [mt-api] [32minfo[39m: [REGISTER] User created: user-10-1
2020-05-22T19:43:39.920Z [mt-api] [32minfo[39m: [REGISTER] User created: user-8-1
2020-05-22T19:43:39.941Z [mt-api] [32minfo[39m: [REGISTER] User created: user-7-1
2020-05-22T19:43:40.004Z [mt-api] [32minfo[39m: [REGISTER] User created: user-9-1
2020-05-22T19:43:40.113Z [mt-api] [32minfo[39m: [REGISTER] User created: user-11-1
2020-05-22T19:43:40.135Z [mt-api] [32minfo[39m: [REGISTER] User created: user-13-1
2020-05-22T19:43:40.167Z [mt-api] [32minfo[39m: [REGISTER] User created: user-12-1
2020-05-22T19:43:40.206Z [mt-api] [33mwarn[39m: Users seeded.
2020-05-22T19:43:40.207Z [mt-api] [32minfo[39m: Disconnecting from database.
Incremental stress testing
upgrade-users.json
Starting scalar script
Starting upgrade
[{"tenantId":1,"appName":"mt-api","slaClass":"bronze","currVersion":"1","upgVersion":"2","deadline":"19:44:15"},{"tenantId":2,"appName":"mt-api","slaClass":"bronze","currVersion":"1","upgVersion":"2","deadline":"19:44:35"},{"tenantId":3,"appName":"mt-api","slaClass":"bronze","currVersion":"1","upgVersion":"2","deadline":"19:44:55"},{"tenantId":4,"appName":"mt-api","slaClass":"bronze","currVersion":"1","upgVersion":"2","deadline":"19:45:15"},{"tenantId":5,"appName":"mt-api","slaClass":"bronze","currVersion":"1","upgVersion":"2","deadline":"19:45:35"},{"tenantId":6,"appName":"mt-api","slaClass":"bronze","currVersion":"1","upgVersion":"2","deadline":"19:45:55"},{"tenantId":7,"appName":"mt-api","slaClass":"bronze","currVersion":"1","upgVersion":"2","deadline":"19:46:15"},{"tenantId":8,"appName":"mt-api","slaClass":"bronze","currVersion":"1","upgVersion":"2","deadline":"19:46:35"},{"tenantId":9,"appName":"mt-api","slaClass":"bronze","currVersion":"1","upgVersion":"2","deadline":"19:46:55"},{"tenantId":10,"appName":"mt-api","slaClass":"bronze","currVersion":"1","upgVersion":"2","deadline":"19:47:15"},{"tenantId":11,"appName":"mt-api","slaClass":"bronze","currVersion":"1","upgVersion":"2","deadline":"19:47:35"},{"tenantId":12,"appName":"mt-api","slaClass":"bronze","currVersion":"1","upgVersion":"2","deadline":"19:47:55"},{"tenantId":13,"appName":"mt-api","slaClass":"bronze","currVersion":"1","upgVersion":"2","deadline":"19:48:15"}]20:07:37 -- Experiment script is over
