22:58:32 **-- Starting Experiment 2: Latency, with high workload for  seconds
Seeding the UpgradeplannerDB with tenants
[{"tenantId":1,"appName":"mt-api","slaClass":"bronze","currVersion":"1","upgVersion":null,"deadline":null},{"tenantId":2,"appName":"mt-api","slaClass":"bronze","currVersion":"1","upgVersion":null,"deadline":null},{"tenantId":3,"appName":"mt-api","slaClass":"bronze","currVersion":"1","upgVersion":null,"deadline":null},{"tenantId":4,"appName":"mt-api","slaClass":"bronze","currVersion":"1","upgVersion":null,"deadline":null},{"tenantId":5,"appName":"mt-api","slaClass":"bronze","currVersion":"1","upgVersion":null,"deadline":null},{"tenantId":6,"appName":"mt-api","slaClass":"bronze","currVersion":"1","upgVersion":null,"deadline":null},{"tenantId":7,"appName":"mt-api","slaClass":"bronze","currVersion":"1","upgVersion":null,"deadline":null},{"tenantId":8,"appName":"mt-api","slaClass":"bronze","currVersion":"1","upgVersion":null,"deadline":null},{"tenantId":9,"appName":"mt-api","slaClass":"bronze","currVersion":"1","upgVersion":null,"deadline":null},{"tenantId":10,"appName":"mt-api","slaClass":"bronze","currVersion":"1","upgVersion":null,"deadline":null},{"tenantId":11,"appName":"mt-api","slaClass":"bronze","currVersion":"1","upgVersion":null,"deadline":null},{"tenantId":12,"appName":"mt-api","slaClass":"bronze","currVersion":"1","upgVersion":null,"deadline":null},{"tenantId":13,"appName":"mt-api","slaClass":"bronze","currVersion":"1","upgVersion":null,"deadline":null}]Seeding the UpgradeplannerDB with Deployments
{"deploymentName":"mt-api-v1","appName":"mt-api","version":"1","slaClass":"bronze","podRequests":871,"podLimits":1300,"tenantRequests":67,"tenantLimits":100,"upgradeTime":90}{"deploymentName":"mt-api-v2","appName":"mt-api","version":"2","slaClass":"bronze","podRequests":0,"podLimits":0,"tenantRequests":67,"tenantLimits":100,"upgradeTime":90}Seeding the application database

> mt-api@0.0.0 clear-db /app
> node ./scripts/db-clear.js

2020-05-25T22:58:36.621Z [mt-api] [32minfo[39m: Connecting to database.
2020-05-25T22:58:36.625Z [mt-api] [32minfo[39m: Connecting to: mongodb://mt-db-s/mt-api
2020-05-25T22:58:36.662Z [mt-api] [33mwarn[39m: Clearing database.
2020-05-25T22:58:36.730Z [mt-api] [32minfo[39m: TenantModel: {"n":0,"ok":1,"deletedCount":0}
2020-05-25T22:58:36.755Z [mt-api] [32minfo[39m: UserModel: {"n":0,"ok":1,"deletedCount":0}
2020-05-25T22:58:36.756Z [mt-api] [33mwarn[39m: Database cleared.
2020-05-25T22:58:36.756Z [mt-api] [32minfo[39m: Disconnecting from database.

> mt-api@0.0.0 seed-db /app
> node ./scripts/db-seed.js

2020-05-25T22:58:38.339Z [mt-api] [32minfo[39m: Connecting to database.
2020-05-25T22:58:38.343Z [mt-api] [32minfo[39m: Connecting to: mongodb://mt-db-s/mt-api
2020-05-25T22:58:38.434Z [mt-api] [33mwarn[39m: Seeding database.
2020-05-25T22:58:38.562Z [mt-api] [33mwarn[39m: Tenants seeded.
2020-05-25T22:58:38.799Z [mt-api] [32minfo[39m: [REGISTER] User created: user-2-1
2020-05-25T22:58:38.931Z [mt-api] [32minfo[39m: [REGISTER] User created: user-4-1
2020-05-25T22:58:38.960Z [mt-api] [32minfo[39m: [REGISTER] User created: user-5-1
2020-05-25T22:58:39.052Z [mt-api] [32minfo[39m: [REGISTER] User created: user-1-1
2020-05-25T22:58:39.117Z [mt-api] [32minfo[39m: [REGISTER] User created: user-3-1
2020-05-25T22:58:39.309Z [mt-api] [32minfo[39m: [REGISTER] User created: user-6-1
2020-05-25T22:58:39.346Z [mt-api] [32minfo[39m: [REGISTER] User created: user-7-1
2020-05-25T22:58:39.521Z [mt-api] [32minfo[39m: [REGISTER] User created: user-8-1
2020-05-25T22:58:39.550Z [mt-api] [32minfo[39m: [REGISTER] User created: user-9-1
2020-05-25T22:58:39.646Z [mt-api] [32minfo[39m: [REGISTER] User created: user-10-1
2020-05-25T22:58:39.648Z [mt-api] [32minfo[39m: [REGISTER] User created: user-11-1
2020-05-25T22:58:39.739Z [mt-api] [32minfo[39m: [REGISTER] User created: user-12-1
2020-05-25T22:58:39.798Z [mt-api] [32minfo[39m: [REGISTER] User created: user-13-1
2020-05-25T22:58:39.814Z [mt-api] [33mwarn[39m: Users seeded.
2020-05-25T22:58:39.814Z [mt-api] [32minfo[39m: Disconnecting from database.
Single increment stress testing
22:58:42 -- Starting scalar script
22:58:42 --Starting upgrade
[{"tenantId":1,"appName":"mt-api","slaClass":"bronze","currVersion":"1","upgVersion":"2","deadline":"22:58:48"}]23:00:58 -- Experiment script is over
