10:47:49 **-- Starting Experiment 1: Usage, Surge with AVG workload
Seeding the UpgradeplannerDB with tenants
[{"tenantId":1,"appName":"mt-api","slaClass":"bronze","currVersion":"1","upgVersion":null,"deadline":null},{"tenantId":2,"appName":"mt-api","slaClass":"bronze","currVersion":"1","upgVersion":null,"deadline":null},{"tenantId":3,"appName":"mt-api","slaClass":"bronze","currVersion":"1","upgVersion":null,"deadline":null},{"tenantId":4,"appName":"mt-api","slaClass":"bronze","currVersion":"1","upgVersion":null,"deadline":null},{"tenantId":5,"appName":"mt-api","slaClass":"bronze","currVersion":"1","upgVersion":null,"deadline":null},{"tenantId":6,"appName":"mt-api","slaClass":"bronze","currVersion":"1","upgVersion":null,"deadline":null},{"tenantId":7,"appName":"mt-api","slaClass":"bronze","currVersion":"1","upgVersion":null,"deadline":null},{"tenantId":8,"appName":"mt-api","slaClass":"bronze","currVersion":"1","upgVersion":null,"deadline":null},{"tenantId":9,"appName":"mt-api","slaClass":"bronze","currVersion":"1","upgVersion":null,"deadline":null},{"tenantId":10,"appName":"mt-api","slaClass":"bronze","currVersion":"1","upgVersion":null,"deadline":null},{"tenantId":11,"appName":"mt-api","slaClass":"bronze","currVersion":"1","upgVersion":null,"deadline":null},{"tenantId":12,"appName":"mt-api","slaClass":"bronze","currVersion":"1","upgVersion":null,"deadline":null},{"tenantId":13,"appName":"mt-api","slaClass":"bronze","currVersion":"1","upgVersion":null,"deadline":null}]10:47:50 -- Seeding the UpgradeplannerDB with Deployments
{"deploymentName":"mt-api-v1","appName":"mt-api","version":"1","slaClass":"bronze","podRequests":871,"podLimits":1300,"tenantRequests":67,"tenantLimits":100,"upgradeTime":90}{"deploymentName":"mt-api-v2","appName":"mt-api","version":"2","slaClass":"bronze","podRequests":0,"podLimits":0,"tenantRequests":67,"tenantLimits":100,"upgradeTime":90}10:47:51 -- Seeding the application database

> mt-api@0.0.0 clear-db /app
> node ./scripts/db-clear.js

2020-05-26T10:47:53.317Z [mt-api] [32minfo[39m: Connecting to database.
2020-05-26T10:47:53.322Z [mt-api] [32minfo[39m: Connecting to: mongodb://mt-db-s/mt-api
2020-05-26T10:47:53.360Z [mt-api] [33mwarn[39m: Clearing database.
2020-05-26T10:47:53.434Z [mt-api] [32minfo[39m: TenantModel: {"n":0,"ok":1,"deletedCount":0}
2020-05-26T10:47:53.452Z [mt-api] [32minfo[39m: UserModel: {"n":0,"ok":1,"deletedCount":0}
2020-05-26T10:47:53.454Z [mt-api] [33mwarn[39m: Database cleared.
2020-05-26T10:47:53.455Z [mt-api] [32minfo[39m: Disconnecting from database.

> mt-api@0.0.0 seed-db /app
> node ./scripts/db-seed.js

2020-05-26T10:47:55.173Z [mt-api] [32minfo[39m: Connecting to database.
2020-05-26T10:47:55.179Z [mt-api] [32minfo[39m: Connecting to: mongodb://mt-db-s/mt-api
2020-05-26T10:47:55.299Z [mt-api] [33mwarn[39m: Seeding database.
2020-05-26T10:47:55.501Z [mt-api] [33mwarn[39m: Tenants seeded.
2020-05-26T10:47:55.741Z [mt-api] [32minfo[39m: [REGISTER] User created: user-2-1
2020-05-26T10:47:56.023Z [mt-api] [32minfo[39m: [REGISTER] User created: user-4-1
2020-05-26T10:47:56.063Z [mt-api] [32minfo[39m: [REGISTER] User created: user-1-1
2020-05-26T10:47:56.122Z [mt-api] [32minfo[39m: [REGISTER] User created: user-3-1
2020-05-26T10:47:56.139Z [mt-api] [32minfo[39m: [REGISTER] User created: user-5-1
2020-05-26T10:47:56.471Z [mt-api] [32minfo[39m: [REGISTER] User created: user-6-1
2020-05-26T10:47:56.500Z [mt-api] [32minfo[39m: [REGISTER] User created: user-7-1
2020-05-26T10:47:56.531Z [mt-api] [32minfo[39m: [REGISTER] User created: user-8-1
2020-05-26T10:47:56.560Z [mt-api] [32minfo[39m: [REGISTER] User created: user-9-1
2020-05-26T10:47:56.832Z [mt-api] [32minfo[39m: [REGISTER] User created: user-13-1
2020-05-26T10:47:56.852Z [mt-api] [32minfo[39m: [REGISTER] User created: user-11-1
2020-05-26T10:47:56.862Z [mt-api] [32minfo[39m: [REGISTER] User created: user-12-1
2020-05-26T10:47:56.904Z [mt-api] [32minfo[39m: [REGISTER] User created: user-10-1
2020-05-26T10:47:56.929Z [mt-api] [33mwarn[39m: Users seeded.
2020-05-26T10:47:56.930Z [mt-api] [32minfo[39m: Disconnecting from database.
10:47:57 -- changing experiment files
Group stress testing
10:48:00 -- Starting scalar script
10:48:00 -- Starting upgrade
[{"tenantId":1,"appName":"mt-api","slaClass":"bronze","currVersion":"1","upgVersion":"2","deadline":"10:50:57"},{"tenantId":9,"appName":"mt-api","slaClass":"bronze","currVersion":"1","upgVersion":"2","deadline":"10:50:57"},{"tenantId":2,"appName":"mt-api","slaClass":"bronze","currVersion":"1","upgVersion":"2","deadline":"10:50:57"},{"tenantId":10,"appName":"mt-api","slaClass":"bronze","currVersion":"1","upgVersion":"2","deadline":"10:50:57"},{"tenantId":3,"appName":"mt-api","slaClass":"bronze","currVersion":"1","upgVersion":"2","deadline":"10:50:57"},{"tenantId":4,"appName":"mt-api","slaClass":"bronze","currVersion":"1","upgVersion":"2","deadline":"10:50:57"},{"tenantId":11,"appName":"mt-api","slaClass":"bronze","currVersion":"1","upgVersion":"2","deadline":"10:50:57"},{"tenantId":5,"appName":"mt-api","slaClass":"bronze","currVersion":"1","upgVersion":"2","deadline":"10:50:57"},{"tenantId":12,"appName":"mt-api","slaClass":"bronze","currVersion":"1","upgVersion":"2","deadline":"10:50:57"},{"tenantId":7,"appName":"mt-api","slaClass":"bronze","currVersion":"1","upgVersion":"2","deadline":"10:50:57"},{"tenantId":13,"appName":"mt-api","slaClass":"bronze","currVersion":"1","upgVersion":"2","deadline":"10:50:57"},{"tenantId":8,"appName":"mt-api","slaClass":"bronze","currVersion":"1","upgVersion":"2","deadline":"10:50:57"}]10:54:01 -- Experiment script is over
