11:20:02 **-- Starting Experiment 1: Usage, Surge with AVG workload
Seeding the UpgradeplannerDB with tenants
[{"tenantId":1,"appName":"mt-api","slaClass":"bronze","currVersion":"1","upgVersion":null,"deadline":null},{"tenantId":2,"appName":"mt-api","slaClass":"bronze","currVersion":"1","upgVersion":null,"deadline":null},{"tenantId":3,"appName":"mt-api","slaClass":"bronze","currVersion":"1","upgVersion":null,"deadline":null},{"tenantId":4,"appName":"mt-api","slaClass":"bronze","currVersion":"1","upgVersion":null,"deadline":null},{"tenantId":5,"appName":"mt-api","slaClass":"bronze","currVersion":"1","upgVersion":null,"deadline":null},{"tenantId":6,"appName":"mt-api","slaClass":"bronze","currVersion":"1","upgVersion":null,"deadline":null},{"tenantId":7,"appName":"mt-api","slaClass":"bronze","currVersion":"1","upgVersion":null,"deadline":null},{"tenantId":8,"appName":"mt-api","slaClass":"bronze","currVersion":"1","upgVersion":null,"deadline":null},{"tenantId":9,"appName":"mt-api","slaClass":"bronze","currVersion":"1","upgVersion":null,"deadline":null},{"tenantId":10,"appName":"mt-api","slaClass":"bronze","currVersion":"1","upgVersion":null,"deadline":null},{"tenantId":11,"appName":"mt-api","slaClass":"bronze","currVersion":"1","upgVersion":null,"deadline":null},{"tenantId":12,"appName":"mt-api","slaClass":"bronze","currVersion":"1","upgVersion":null,"deadline":null},{"tenantId":13,"appName":"mt-api","slaClass":"bronze","currVersion":"1","upgVersion":null,"deadline":null}]11:20:03 -- Seeding the UpgradeplannerDB with Deployments
{"deploymentName":"mt-api-v1","appName":"mt-api","version":"1","slaClass":"bronze","podRequests":871,"podLimits":1300,"tenantRequests":67,"tenantLimits":100,"upgradeTime":90}{"deploymentName":"mt-api-v2","appName":"mt-api","version":"2","slaClass":"bronze","podRequests":0,"podLimits":0,"tenantRequests":67,"tenantLimits":100,"upgradeTime":90}11:20:04 -- Seeding the application database

> mt-api@0.0.0 clear-db /app
> node ./scripts/db-clear.js

2020-05-25T11:20:06.167Z [mt-api] [32minfo[39m: Connecting to database.
2020-05-25T11:20:06.173Z [mt-api] [32minfo[39m: Connecting to: mongodb://mt-db-s/mt-api
2020-05-25T11:20:06.230Z [mt-api] [33mwarn[39m: Clearing database.
2020-05-25T11:20:06.315Z [mt-api] [32minfo[39m: TenantModel: {"n":0,"ok":1,"deletedCount":0}
2020-05-25T11:20:06.321Z [mt-api] [32minfo[39m: UserModel: {"n":0,"ok":1,"deletedCount":0}
2020-05-25T11:20:06.321Z [mt-api] [33mwarn[39m: Database cleared.
2020-05-25T11:20:06.322Z [mt-api] [32minfo[39m: Disconnecting from database.

> mt-api@0.0.0 seed-db /app
> node ./scripts/db-seed.js

2020-05-25T11:20:07.855Z [mt-api] [32minfo[39m: Connecting to database.
2020-05-25T11:20:07.861Z [mt-api] [32minfo[39m: Connecting to: mongodb://mt-db-s/mt-api
2020-05-25T11:20:07.944Z [mt-api] [33mwarn[39m: Seeding database.
2020-05-25T11:20:08.071Z [mt-api] [33mwarn[39m: Tenants seeded.
2020-05-25T11:20:08.503Z [mt-api] [32minfo[39m: [REGISTER] User created: user-2-1
2020-05-25T11:20:08.543Z [mt-api] [32minfo[39m: [REGISTER] User created: user-3-1
2020-05-25T11:20:08.545Z [mt-api] [32minfo[39m: [REGISTER] User created: user-4-1
2020-05-25T11:20:08.610Z [mt-api] [32minfo[39m: [REGISTER] User created: user-1-1
2020-05-25T11:20:08.755Z [mt-api] [32minfo[39m: [REGISTER] User created: user-5-1
2020-05-25T11:20:08.763Z [mt-api] [32minfo[39m: [REGISTER] User created: user-6-1
2020-05-25T11:20:08.965Z [mt-api] [32minfo[39m: [REGISTER] User created: user-9-1
2020-05-25T11:20:09.033Z [mt-api] [32minfo[39m: [REGISTER] User created: user-10-1
2020-05-25T11:20:09.059Z [mt-api] [32minfo[39m: [REGISTER] User created: user-8-1
2020-05-25T11:20:09.061Z [mt-api] [32minfo[39m: [REGISTER] User created: user-7-1
2020-05-25T11:20:09.300Z [mt-api] [32minfo[39m: [REGISTER] User created: user-13-1
2020-05-25T11:20:09.310Z [mt-api] [32minfo[39m: [REGISTER] User created: user-11-1
2020-05-25T11:20:09.319Z [mt-api] [32minfo[39m: [REGISTER] User created: user-12-1
2020-05-25T11:20:09.340Z [mt-api] [33mwarn[39m: Users seeded.
2020-05-25T11:20:09.340Z [mt-api] [32minfo[39m: Disconnecting from database.
11:20:09 -- changing experiment files
Incremental stress testing
upgrade-users.json
11:20:12 -- Starting scalar script
11:20:12 -- Starting upgrade
[{"tenantId":1,"appName":"mt-api","slaClass":"bronze","currVersion":"1","upgVersion":"2","deadline":"11:22:33"},{"tenantId":9,"appName":"mt-api","slaClass":"bronze","currVersion":"1","upgVersion":"2","deadline":"11:22:46"},{"tenantId":2,"appName":"mt-api","slaClass":"bronze","currVersion":"1","upgVersion":"2","deadline":"11:22:59"},{"tenantId":10,"appName":"mt-api","slaClass":"bronze","currVersion":"1","upgVersion":"2","deadline":"11:23:12"},{"tenantId":3,"appName":"mt-api","slaClass":"bronze","currVersion":"1","upgVersion":"2","deadline":"11:23:25"},{"tenantId":4,"appName":"mt-api","slaClass":"bronze","currVersion":"1","upgVersion":"2","deadline":"11:23:38"},{"tenantId":11,"appName":"mt-api","slaClass":"bronze","currVersion":"1","upgVersion":"2","deadline":"11:23:51"},{"tenantId":5,"appName":"mt-api","slaClass":"bronze","currVersion":"1","upgVersion":"2","deadline":"11:24:04"},{"tenantId":6,"appName":"mt-api","slaClass":"bronze","currVersion":"1","upgVersion":"2","deadline":"11:24:17"},{"tenantId":12,"appName":"mt-api","slaClass":"bronze","currVersion":"1","upgVersion":"2","deadline":"11:24:30"},{"tenantId":7,"appName":"mt-api","slaClass":"bronze","currVersion":"1","upgVersion":"2","deadline":"11:24:43"},{"tenantId":13,"appName":"mt-api","slaClass":"bronze","currVersion":"1","upgVersion":"2","deadline":"11:24:56"},{"tenantId":8,"appName":"mt-api","slaClass":"bronze","currVersion":"1","upgVersion":"2","deadline":"11:25:09"}]11:49:26 -- Experiment script is over
