22:47:02 **-- Starting Experiment 2: Latency, with high workload for  seconds
Seeding the UpgradeplannerDB with tenants
[{"tenantId":1,"appName":"mt-api","slaClass":"bronze","currVersion":"1","upgVersion":null,"deadline":null},{"tenantId":2,"appName":"mt-api","slaClass":"bronze","currVersion":"1","upgVersion":null,"deadline":null},{"tenantId":3,"appName":"mt-api","slaClass":"bronze","currVersion":"1","upgVersion":null,"deadline":null},{"tenantId":4,"appName":"mt-api","slaClass":"bronze","currVersion":"1","upgVersion":null,"deadline":null},{"tenantId":5,"appName":"mt-api","slaClass":"bronze","currVersion":"1","upgVersion":null,"deadline":null},{"tenantId":6,"appName":"mt-api","slaClass":"bronze","currVersion":"1","upgVersion":null,"deadline":null},{"tenantId":7,"appName":"mt-api","slaClass":"bronze","currVersion":"1","upgVersion":null,"deadline":null},{"tenantId":8,"appName":"mt-api","slaClass":"bronze","currVersion":"1","upgVersion":null,"deadline":null},{"tenantId":9,"appName":"mt-api","slaClass":"bronze","currVersion":"1","upgVersion":null,"deadline":null},{"tenantId":10,"appName":"mt-api","slaClass":"bronze","currVersion":"1","upgVersion":null,"deadline":null},{"tenantId":11,"appName":"mt-api","slaClass":"bronze","currVersion":"1","upgVersion":null,"deadline":null},{"tenantId":12,"appName":"mt-api","slaClass":"bronze","currVersion":"1","upgVersion":null,"deadline":null},{"tenantId":13,"appName":"mt-api","slaClass":"bronze","currVersion":"1","upgVersion":null,"deadline":null}]Seeding the UpgradeplannerDB with Deployments
{"deploymentName":"mt-api-v1","appName":"mt-api","version":"1","slaClass":"bronze","podRequests":871,"podLimits":1300,"tenantRequests":67,"tenantLimits":100,"upgradeTime":90}{"deploymentName":"mt-api-v2","appName":"mt-api","version":"2","slaClass":"bronze","podRequests":0,"podLimits":0,"tenantRequests":67,"tenantLimits":100,"upgradeTime":90}Seeding the application database

> mt-api@0.0.0 clear-db /app
> node ./scripts/db-clear.js

2020-05-25T22:47:05.806Z [mt-api] [32minfo[39m: Connecting to database.
2020-05-25T22:47:05.811Z [mt-api] [32minfo[39m: Connecting to: mongodb://mt-db-s/mt-api
2020-05-25T22:47:05.860Z [mt-api] [33mwarn[39m: Clearing database.
2020-05-25T22:47:05.920Z [mt-api] [32minfo[39m: TenantModel: {"n":0,"ok":1,"deletedCount":0}
2020-05-25T22:47:05.936Z [mt-api] [32minfo[39m: UserModel: {"n":0,"ok":1,"deletedCount":0}
2020-05-25T22:47:05.937Z [mt-api] [33mwarn[39m: Database cleared.
2020-05-25T22:47:05.938Z [mt-api] [32minfo[39m: Disconnecting from database.

> mt-api@0.0.0 seed-db /app
> node ./scripts/db-seed.js

2020-05-25T22:47:07.511Z [mt-api] [32minfo[39m: Connecting to database.
2020-05-25T22:47:07.515Z [mt-api] [32minfo[39m: Connecting to: mongodb://mt-db-s/mt-api
2020-05-25T22:47:07.612Z [mt-api] [33mwarn[39m: Seeding database.
2020-05-25T22:47:07.742Z [mt-api] [33mwarn[39m: Tenants seeded.
2020-05-25T22:47:07.914Z [mt-api] [32minfo[39m: [REGISTER] User created: user-1-1
2020-05-25T22:47:08.060Z [mt-api] [32minfo[39m: [REGISTER] User created: user-5-1
2020-05-25T22:47:08.131Z [mt-api] [32minfo[39m: [REGISTER] User created: user-2-1
2020-05-25T22:47:08.243Z [mt-api] [32minfo[39m: [REGISTER] User created: user-4-1
2020-05-25T22:47:08.246Z [mt-api] [32minfo[39m: [REGISTER] User created: user-3-1
2020-05-25T22:47:08.358Z [mt-api] [32minfo[39m: [REGISTER] User created: user-6-1
2020-05-25T22:47:08.498Z [mt-api] [32minfo[39m: [REGISTER] User created: user-7-1
2020-05-25T22:47:08.621Z [mt-api] [32minfo[39m: [REGISTER] User created: user-8-1
2020-05-25T22:47:08.627Z [mt-api] [32minfo[39m: [REGISTER] User created: user-9-1
2020-05-25T22:47:08.645Z [mt-api] [32minfo[39m: [REGISTER] User created: user-10-1
2020-05-25T22:47:08.743Z [mt-api] [32minfo[39m: [REGISTER] User created: user-11-1
2020-05-25T22:47:08.838Z [mt-api] [32minfo[39m: [REGISTER] User created: user-12-1
2020-05-25T22:47:08.903Z [mt-api] [32minfo[39m: [REGISTER] User created: user-13-1
2020-05-25T22:47:08.916Z [mt-api] [33mwarn[39m: Users seeded.
2020-05-25T22:47:08.917Z [mt-api] [32minfo[39m: Disconnecting from database.
Single increment stress testing
22:47:12 -- Starting scalar script
22:47:12 --Starting upgrade
[{"tenantId":1,"appName":"mt-api","slaClass":"bronze","currVersion":"1","upgVersion":"2","deadline":"22:47:17"}]22:49:27 -- Experiment script is over
