22:12:42 **-- Starting Experiment 2: Latency, with high workload for  seconds
Seeding the UpgradeplannerDB with tenants
[{"tenantId":1,"appName":"mt-api","slaClass":"bronze","currVersion":"1","upgVersion":null,"deadline":null},{"tenantId":2,"appName":"mt-api","slaClass":"bronze","currVersion":"1","upgVersion":null,"deadline":null},{"tenantId":3,"appName":"mt-api","slaClass":"bronze","currVersion":"1","upgVersion":null,"deadline":null},{"tenantId":4,"appName":"mt-api","slaClass":"bronze","currVersion":"1","upgVersion":null,"deadline":null},{"tenantId":5,"appName":"mt-api","slaClass":"bronze","currVersion":"1","upgVersion":null,"deadline":null},{"tenantId":6,"appName":"mt-api","slaClass":"bronze","currVersion":"1","upgVersion":null,"deadline":null},{"tenantId":7,"appName":"mt-api","slaClass":"bronze","currVersion":"1","upgVersion":null,"deadline":null},{"tenantId":8,"appName":"mt-api","slaClass":"bronze","currVersion":"1","upgVersion":null,"deadline":null},{"tenantId":9,"appName":"mt-api","slaClass":"bronze","currVersion":"1","upgVersion":null,"deadline":null},{"tenantId":10,"appName":"mt-api","slaClass":"bronze","currVersion":"1","upgVersion":null,"deadline":null},{"tenantId":11,"appName":"mt-api","slaClass":"bronze","currVersion":"1","upgVersion":null,"deadline":null},{"tenantId":12,"appName":"mt-api","slaClass":"bronze","currVersion":"1","upgVersion":null,"deadline":null},{"tenantId":13,"appName":"mt-api","slaClass":"bronze","currVersion":"1","upgVersion":null,"deadline":null}]Seeding the UpgradeplannerDB with Deployments
{"deploymentName":"mt-api-v1","appName":"mt-api","version":"1","slaClass":"bronze","podRequests":871,"podLimits":1300,"tenantRequests":67,"tenantLimits":100,"upgradeTime":90}{"deploymentName":"mt-api-v2","appName":"mt-api","version":"2","slaClass":"bronze","podRequests":0,"podLimits":0,"tenantRequests":67,"tenantLimits":100,"upgradeTime":90}Seeding the application database

> mt-api@0.0.0 clear-db /app
> node ./scripts/db-clear.js

2020-05-25T22:12:46.445Z [mt-api] [32minfo[39m: Connecting to database.
2020-05-25T22:12:46.449Z [mt-api] [32minfo[39m: Connecting to: mongodb://mt-db-s/mt-api
2020-05-25T22:12:46.479Z [mt-api] [33mwarn[39m: Clearing database.
2020-05-25T22:12:46.551Z [mt-api] [32minfo[39m: TenantModel: {"n":0,"ok":1,"deletedCount":0}
2020-05-25T22:12:46.558Z [mt-api] [32minfo[39m: UserModel: {"n":0,"ok":1,"deletedCount":0}
2020-05-25T22:12:46.558Z [mt-api] [33mwarn[39m: Database cleared.
2020-05-25T22:12:46.559Z [mt-api] [32minfo[39m: Disconnecting from database.

> mt-api@0.0.0 seed-db /app
> node ./scripts/db-seed.js

2020-05-25T22:12:48.200Z [mt-api] [32minfo[39m: Connecting to database.
2020-05-25T22:12:48.204Z [mt-api] [32minfo[39m: Connecting to: mongodb://mt-db-s/mt-api
2020-05-25T22:12:48.290Z [mt-api] [33mwarn[39m: Seeding database.
2020-05-25T22:12:48.420Z [mt-api] [33mwarn[39m: Tenants seeded.
2020-05-25T22:12:48.605Z [mt-api] [32minfo[39m: [REGISTER] User created: user-2-1
2020-05-25T22:12:48.735Z [mt-api] [32minfo[39m: [REGISTER] User created: user-5-1
2020-05-25T22:12:48.817Z [mt-api] [32minfo[39m: [REGISTER] User created: user-3-1
2020-05-25T22:12:48.824Z [mt-api] [32minfo[39m: [REGISTER] User created: user-1-1
2020-05-25T22:12:48.856Z [mt-api] [32minfo[39m: [REGISTER] User created: user-4-1
2020-05-25T22:12:48.998Z [mt-api] [32minfo[39m: [REGISTER] User created: user-6-1
2020-05-25T22:12:49.223Z [mt-api] [32minfo[39m: [REGISTER] User created: user-10-1
2020-05-25T22:12:49.423Z [mt-api] [32minfo[39m: [REGISTER] User created: user-8-1
2020-05-25T22:12:49.462Z [mt-api] [32minfo[39m: [REGISTER] User created: user-7-1
2020-05-25T22:12:49.538Z [mt-api] [32minfo[39m: [REGISTER] User created: user-9-1
2020-05-25T22:12:49.558Z [mt-api] [32minfo[39m: [REGISTER] User created: user-11-1
2020-05-25T22:12:49.700Z [mt-api] [32minfo[39m: [REGISTER] User created: user-12-1
2020-05-25T22:12:49.744Z [mt-api] [32minfo[39m: [REGISTER] User created: user-13-1
2020-05-25T22:12:49.760Z [mt-api] [33mwarn[39m: Users seeded.
2020-05-25T22:12:49.761Z [mt-api] [32minfo[39m: Disconnecting from database.
Single increment stress testing
22:12:52 -- Starting scalar script
22:12:52 --Starting upgrade
[{"tenantId":1,"appName":"mt-api","slaClass":"bronze","currVersion":"1","upgVersion":"2","deadline":"22:12:58"}]22:15:08 -- Experiment script is over
