15:48:21 **-- Starting Experiment 1: Usage, Surge with AVG workload
Seeding the UpgradeplannerDB with tenants
[{"tenantId":1,"appName":"mt-api","slaClass":"bronze","currVersion":"1","upgVersion":null,"deadline":null},{"tenantId":2,"appName":"mt-api","slaClass":"bronze","currVersion":"1","upgVersion":null,"deadline":null},{"tenantId":3,"appName":"mt-api","slaClass":"bronze","currVersion":"1","upgVersion":null,"deadline":null},{"tenantId":4,"appName":"mt-api","slaClass":"bronze","currVersion":"1","upgVersion":null,"deadline":null},{"tenantId":5,"appName":"mt-api","slaClass":"bronze","currVersion":"1","upgVersion":null,"deadline":null},{"tenantId":6,"appName":"mt-api","slaClass":"bronze","currVersion":"1","upgVersion":null,"deadline":null},{"tenantId":7,"appName":"mt-api","slaClass":"bronze","currVersion":"1","upgVersion":null,"deadline":null},{"tenantId":8,"appName":"mt-api","slaClass":"bronze","currVersion":"1","upgVersion":null,"deadline":null},{"tenantId":9,"appName":"mt-api","slaClass":"bronze","currVersion":"1","upgVersion":null,"deadline":null},{"tenantId":10,"appName":"mt-api","slaClass":"bronze","currVersion":"1","upgVersion":null,"deadline":null},{"tenantId":11,"appName":"mt-api","slaClass":"bronze","currVersion":"1","upgVersion":null,"deadline":null},{"tenantId":12,"appName":"mt-api","slaClass":"bronze","currVersion":"1","upgVersion":null,"deadline":null},{"tenantId":13,"appName":"mt-api","slaClass":"bronze","currVersion":"1","upgVersion":null,"deadline":null}]Seeding the UpgradeplannerDB with Deployments
{"deploymentName":"mt-api-v1","appName":"mt-api","version":"1","slaClass":"bronze","podRequests":871,"podLimits":1300,"tenantRequests":67,"tenantLimits":100,"upgradeTime":90}{"deploymentName":"mt-api-v2","appName":"mt-api","version":"2","slaClass":"bronze","podRequests":0,"podLimits":0,"tenantRequests":67,"tenantLimits":100,"upgradeTime":90}Seeding the application database

> mt-api@0.0.0 clear-db /app
> node ./scripts/db-clear.js

2020-05-22T15:48:25.430Z [mt-api] [32minfo[39m: Connecting to database.
2020-05-22T15:48:25.434Z [mt-api] [32minfo[39m: Connecting to: mongodb://mt-db-s/mt-api
2020-05-22T15:48:25.466Z [mt-api] [33mwarn[39m: Clearing database.
2020-05-22T15:48:25.520Z [mt-api] [32minfo[39m: TenantModel: {"n":0,"ok":1,"deletedCount":0}
2020-05-22T15:48:25.541Z [mt-api] [32minfo[39m: UserModel: {"n":0,"ok":1,"deletedCount":0}
2020-05-22T15:48:25.542Z [mt-api] [33mwarn[39m: Database cleared.
2020-05-22T15:48:25.542Z [mt-api] [32minfo[39m: Disconnecting from database.

> mt-api@0.0.0 seed-db /app
> node ./scripts/db-seed.js

2020-05-22T15:48:27.268Z [mt-api] [32minfo[39m: Connecting to database.
2020-05-22T15:48:27.273Z [mt-api] [32minfo[39m: Connecting to: mongodb://mt-db-s/mt-api
2020-05-22T15:48:27.387Z [mt-api] [33mwarn[39m: Seeding database.
2020-05-22T15:48:27.533Z [mt-api] [33mwarn[39m: Tenants seeded.
2020-05-22T15:48:27.798Z [mt-api] [32minfo[39m: [REGISTER] User created: user-4-1
2020-05-22T15:48:27.931Z [mt-api] [32minfo[39m: [REGISTER] User created: user-5-1
2020-05-22T15:48:28.044Z [mt-api] [32minfo[39m: [REGISTER] User created: user-1-1
2020-05-22T15:48:28.046Z [mt-api] [32minfo[39m: [REGISTER] User created: user-3-1
2020-05-22T15:48:28.116Z [mt-api] [32minfo[39m: [REGISTER] User created: user-2-1
2020-05-22T15:48:28.348Z [mt-api] [32minfo[39m: [REGISTER] User created: user-6-1
2020-05-22T15:48:28.462Z [mt-api] [32minfo[39m: [REGISTER] User created: user-7-1
2020-05-22T15:48:28.526Z [mt-api] [32minfo[39m: [REGISTER] User created: user-8-1
2020-05-22T15:48:28.543Z [mt-api] [32minfo[39m: [REGISTER] User created: user-9-1
2020-05-22T15:48:28.844Z [mt-api] [32minfo[39m: [REGISTER] User created: user-10-1
2020-05-22T15:48:28.861Z [mt-api] [32minfo[39m: [REGISTER] User created: user-11-1
2020-05-22T15:48:28.902Z [mt-api] [32minfo[39m: [REGISTER] User created: user-12-1
2020-05-22T15:48:28.951Z [mt-api] [32minfo[39m: [REGISTER] User created: user-13-1
2020-05-22T15:48:28.963Z [mt-api] [33mwarn[39m: Users seeded.
2020-05-22T15:48:28.964Z [mt-api] [32minfo[39m: Disconnecting from database.
Incremental stress testing
upgrade-users.json
Starting scalar script
Starting upgrade
[{"tenantId":1,"appName":"mt-api","slaClass":"bronze","currVersion":"1","upgVersion":"2","deadline":"15:49:04"},{"tenantId":2,"appName":"mt-api","slaClass":"bronze","currVersion":"1","upgVersion":"2","deadline":"15:49:24"},{"tenantId":3,"appName":"mt-api","slaClass":"bronze","currVersion":"1","upgVersion":"2","deadline":"15:49:44"},{"tenantId":4,"appName":"mt-api","slaClass":"bronze","currVersion":"1","upgVersion":"2","deadline":"15:50:04"},{"tenantId":5,"appName":"mt-api","slaClass":"bronze","currVersion":"1","upgVersion":"2","deadline":"15:50:24"},{"tenantId":6,"appName":"mt-api","slaClass":"bronze","currVersion":"1","upgVersion":"2","deadline":"15:50:44"},{"tenantId":7,"appName":"mt-api","slaClass":"bronze","currVersion":"1","upgVersion":"2","deadline":"15:51:04"},{"tenantId":8,"appName":"mt-api","slaClass":"bronze","currVersion":"1","upgVersion":"2","deadline":"15:51:24"},{"tenantId":9,"appName":"mt-api","slaClass":"bronze","currVersion":"1","upgVersion":"2","deadline":"15:51:44"},{"tenantId":10,"appName":"mt-api","slaClass":"bronze","currVersion":"1","upgVersion":"2","deadline":"15:52:04"},{"tenantId":11,"appName":"mt-api","slaClass":"bronze","currVersion":"1","upgVersion":"2","deadline":"15:52:24"},{"tenantId":12,"appName":"mt-api","slaClass":"bronze","currVersion":"1","upgVersion":"2","deadline":"15:52:44"},{"tenantId":13,"appName":"mt-api","slaClass":"bronze","currVersion":"1","upgVersion":"2","deadline":"15:53:04"}]16:12:26 -- Experiment script is over
