11:40:02 **-- Starting Experiment 2: Latency, with high workload for 125 seconds
Seeding the UpgradeplannerDB with tenants
[{"tenantId":1,"appName":"mt-api","slaClass":"bronze","currVersion":"1","upgVersion":null,"deadline":null},{"tenantId":2,"appName":"mt-api","slaClass":"bronze","currVersion":"1","upgVersion":null,"deadline":null},{"tenantId":3,"appName":"mt-api","slaClass":"bronze","currVersion":"1","upgVersion":null,"deadline":null},{"tenantId":4,"appName":"mt-api","slaClass":"bronze","currVersion":"1","upgVersion":null,"deadline":null},{"tenantId":5,"appName":"mt-api","slaClass":"bronze","currVersion":"1","upgVersion":null,"deadline":null},{"tenantId":6,"appName":"mt-api","slaClass":"bronze","currVersion":"1","upgVersion":null,"deadline":null},{"tenantId":7,"appName":"mt-api","slaClass":"bronze","currVersion":"1","upgVersion":null,"deadline":null},{"tenantId":8,"appName":"mt-api","slaClass":"bronze","currVersion":"1","upgVersion":null,"deadline":null},{"tenantId":9,"appName":"mt-api","slaClass":"bronze","currVersion":"1","upgVersion":null,"deadline":null},{"tenantId":10,"appName":"mt-api","slaClass":"bronze","currVersion":"1","upgVersion":null,"deadline":null},{"tenantId":11,"appName":"mt-api","slaClass":"bronze","currVersion":"1","upgVersion":null,"deadline":null},{"tenantId":12,"appName":"mt-api","slaClass":"bronze","currVersion":"1","upgVersion":null,"deadline":null},{"tenantId":13,"appName":"mt-api","slaClass":"bronze","currVersion":"1","upgVersion":null,"deadline":null}]Seeding the UpgradeplannerDB with Deployments
{"deploymentName":"mt-api-v1","appName":"mt-api","version":"1","slaClass":"bronze","podRequests":871,"podLimits":1300,"tenantRequests":67,"tenantLimits":100,"upgradeTime":90}{"deploymentName":"mt-api-v2","appName":"mt-api","version":"2","slaClass":"bronze","podRequests":0,"podLimits":0,"tenantRequests":67,"tenantLimits":100,"upgradeTime":90}Seeding the application database

> mt-api@0.0.0 clear-db /app
> node ./scripts/db-clear.js

2020-05-23T11:40:05.535Z [mt-api] [32minfo[39m: Connecting to database.
2020-05-23T11:40:05.539Z [mt-api] [32minfo[39m: Connecting to: mongodb://mt-db-s/mt-api
2020-05-23T11:40:05.571Z [mt-api] [33mwarn[39m: Clearing database.
2020-05-23T11:40:05.638Z [mt-api] [32minfo[39m: TenantModel: {"n":0,"ok":1,"deletedCount":0}
2020-05-23T11:40:05.655Z [mt-api] [32minfo[39m: UserModel: {"n":0,"ok":1,"deletedCount":0}
2020-05-23T11:40:05.655Z [mt-api] [33mwarn[39m: Database cleared.
2020-05-23T11:40:05.656Z [mt-api] [32minfo[39m: Disconnecting from database.

> mt-api@0.0.0 seed-db /app
> node ./scripts/db-seed.js

2020-05-23T11:40:07.137Z [mt-api] [32minfo[39m: Connecting to database.
2020-05-23T11:40:07.140Z [mt-api] [32minfo[39m: Connecting to: mongodb://mt-db-s/mt-api
2020-05-23T11:40:07.228Z [mt-api] [33mwarn[39m: Seeding database.
2020-05-23T11:40:07.363Z [mt-api] [33mwarn[39m: Tenants seeded.
2020-05-23T11:40:07.605Z [mt-api] [32minfo[39m: [REGISTER] User created: user-3-1
2020-05-23T11:40:07.662Z [mt-api] [32minfo[39m: [REGISTER] User created: user-1-1
2020-05-23T11:40:07.836Z [mt-api] [32minfo[39m: [REGISTER] User created: user-5-1
2020-05-23T11:40:07.853Z [mt-api] [32minfo[39m: [REGISTER] User created: user-2-1
2020-05-23T11:40:07.911Z [mt-api] [32minfo[39m: [REGISTER] User created: user-4-1
2020-05-23T11:40:08.103Z [mt-api] [32minfo[39m: [REGISTER] User created: user-7-1
2020-05-23T11:40:08.136Z [mt-api] [32minfo[39m: [REGISTER] User created: user-6-1
2020-05-23T11:40:08.329Z [mt-api] [32minfo[39m: [REGISTER] User created: user-10-1
2020-05-23T11:40:08.350Z [mt-api] [32minfo[39m: [REGISTER] User created: user-8-1
2020-05-23T11:40:08.422Z [mt-api] [32minfo[39m: [REGISTER] User created: user-9-1
2020-05-23T11:40:08.613Z [mt-api] [32minfo[39m: [REGISTER] User created: user-12-1
2020-05-23T11:40:08.637Z [mt-api] [32minfo[39m: [REGISTER] User created: user-11-1
2020-05-23T11:40:08.733Z [mt-api] [32minfo[39m: [REGISTER] User created: user-13-1
2020-05-23T11:40:08.752Z [mt-api] [33mwarn[39m: Users seeded.
2020-05-23T11:40:08.753Z [mt-api] [32minfo[39m: Disconnecting from database.
Group stress testing
Starting scalar script
Starting upgrade
[{"tenantId":1,"appName":"mt-api","slaClass":"bronze","currVersion":"1","upgVersion":"2","deadline":"11:40:29"},{"tenantId":2,"appName":"mt-api","slaClass":"bronze","currVersion":"1","upgVersion":"2","deadline":"11:40:29"},{"tenantId":3,"appName":"mt-api","slaClass":"bronze","currVersion":"1","upgVersion":"2","deadline":"11:40:29"},{"tenantId":4,"appName":"mt-api","slaClass":"bronze","currVersion":"1","upgVersion":"2","deadline":"11:40:29"},{"tenantId":5,"appName":"mt-api","slaClass":"bronze","currVersion":"1","upgVersion":"2","deadline":"11:40:29"},{"tenantId":6,"appName":"mt-api","slaClass":"bronze","currVersion":"1","upgVersion":"2","deadline":"11:40:29"},{"tenantId":7,"appName":"mt-api","slaClass":"bronze","currVersion":"1","upgVersion":"2","deadline":"11:40:29"},{"tenantId":8,"appName":"mt-api","slaClass":"bronze","currVersion":"1","upgVersion":"2","deadline":"11:40:29"},{"tenantId":9,"appName":"mt-api","slaClass":"bronze","currVersion":"1","upgVersion":"2","deadline":"11:40:29"},{"tenantId":10,"appName":"mt-api","slaClass":"bronze","currVersion":"1","upgVersion":"2","deadline":"11:40:29"},{"tenantId":11,"appName":"mt-api","slaClass":"bronze","currVersion":"1","upgVersion":"2","deadline":"11:40:29"},{"tenantId":12,"appName":"mt-api","slaClass":"bronze","currVersion":"1","upgVersion":"2","deadline":"11:40:29"},{"tenantId":13,"appName":"mt-api","slaClass":"bronze","currVersion":"1","upgVersion":"2","deadline":"11:40:29"}]11:42:18 -- Experiment script is over
