11:31:53 **-- Starting Experiment 1: Usage, Surge with AVG workload
Seeding the UpgradeplannerDB with tenants
[{"tenantId":1,"appName":"mt-api","slaClass":"bronze","currVersion":"1","upgVersion":null,"deadline":null},{"tenantId":2,"appName":"mt-api","slaClass":"bronze","currVersion":"1","upgVersion":null,"deadline":null},{"tenantId":3,"appName":"mt-api","slaClass":"bronze","currVersion":"1","upgVersion":null,"deadline":null},{"tenantId":4,"appName":"mt-api","slaClass":"bronze","currVersion":"1","upgVersion":null,"deadline":null},{"tenantId":5,"appName":"mt-api","slaClass":"bronze","currVersion":"1","upgVersion":null,"deadline":null},{"tenantId":6,"appName":"mt-api","slaClass":"bronze","currVersion":"1","upgVersion":null,"deadline":null},{"tenantId":7,"appName":"mt-api","slaClass":"bronze","currVersion":"1","upgVersion":null,"deadline":null},{"tenantId":8,"appName":"mt-api","slaClass":"bronze","currVersion":"1","upgVersion":null,"deadline":null},{"tenantId":9,"appName":"mt-api","slaClass":"bronze","currVersion":"1","upgVersion":null,"deadline":null},{"tenantId":10,"appName":"mt-api","slaClass":"bronze","currVersion":"1","upgVersion":null,"deadline":null},{"tenantId":11,"appName":"mt-api","slaClass":"bronze","currVersion":"1","upgVersion":null,"deadline":null},{"tenantId":12,"appName":"mt-api","slaClass":"bronze","currVersion":"1","upgVersion":null,"deadline":null},{"tenantId":13,"appName":"mt-api","slaClass":"bronze","currVersion":"1","upgVersion":null,"deadline":null}]11:31:54 -- Seeding the UpgradeplannerDB with Deployments
{"deploymentName":"mt-api-v1","appName":"mt-api","version":"1","slaClass":"bronze","podRequests":871,"podLimits":1300,"tenantRequests":67,"tenantLimits":100,"upgradeTime":90}{"deploymentName":"mt-api-v2","appName":"mt-api","version":"2","slaClass":"bronze","podRequests":0,"podLimits":0,"tenantRequests":67,"tenantLimits":100,"upgradeTime":90}11:31:55 -- Seeding the application database

> mt-api@0.0.0 clear-db /app
> node ./scripts/db-clear.js

2020-05-26T11:31:57.107Z [mt-api] [32minfo[39m: Connecting to database.
2020-05-26T11:31:57.112Z [mt-api] [32minfo[39m: Connecting to: mongodb://mt-db-s/mt-api
2020-05-26T11:31:57.147Z [mt-api] [33mwarn[39m: Clearing database.
2020-05-26T11:31:57.195Z [mt-api] [32minfo[39m: TenantModel: {"n":0,"ok":1,"deletedCount":0}
2020-05-26T11:31:57.200Z [mt-api] [32minfo[39m: UserModel: {"n":0,"ok":1,"deletedCount":0}
2020-05-26T11:31:57.200Z [mt-api] [33mwarn[39m: Database cleared.
2020-05-26T11:31:57.201Z [mt-api] [32minfo[39m: Disconnecting from database.

> mt-api@0.0.0 seed-db /app
> node ./scripts/db-seed.js

2020-05-26T11:31:59.057Z [mt-api] [32minfo[39m: Connecting to database.
2020-05-26T11:31:59.061Z [mt-api] [32minfo[39m: Connecting to: mongodb://mt-db-s/mt-api
2020-05-26T11:31:59.131Z [mt-api] [33mwarn[39m: Seeding database.
2020-05-26T11:31:59.277Z [mt-api] [33mwarn[39m: Tenants seeded.
2020-05-26T11:31:59.647Z [mt-api] [32minfo[39m: [REGISTER] User created: user-1-1
2020-05-26T11:31:59.814Z [mt-api] [32minfo[39m: [REGISTER] User created: user-4-1
2020-05-26T11:31:59.817Z [mt-api] [32minfo[39m: [REGISTER] User created: user-2-1
2020-05-26T11:31:59.825Z [mt-api] [32minfo[39m: [REGISTER] User created: user-3-1
2020-05-26T11:31:59.946Z [mt-api] [32minfo[39m: [REGISTER] User created: user-5-1
2020-05-26T11:32:00.127Z [mt-api] [32minfo[39m: [REGISTER] User created: user-6-1
2020-05-26T11:32:00.149Z [mt-api] [32minfo[39m: [REGISTER] User created: user-8-1
2020-05-26T11:32:00.205Z [mt-api] [32minfo[39m: [REGISTER] User created: user-7-1
2020-05-26T11:32:00.230Z [mt-api] [32minfo[39m: [REGISTER] User created: user-9-1
2020-05-26T11:32:00.355Z [mt-api] [32minfo[39m: [REGISTER] User created: user-10-1
2020-05-26T11:32:00.445Z [mt-api] [32minfo[39m: [REGISTER] User created: user-13-1
2020-05-26T11:32:00.463Z [mt-api] [32minfo[39m: [REGISTER] User created: user-11-1
2020-05-26T11:32:00.468Z [mt-api] [32minfo[39m: [REGISTER] User created: user-12-1
2020-05-26T11:32:00.500Z [mt-api] [33mwarn[39m: Users seeded.
2020-05-26T11:32:00.502Z [mt-api] [32minfo[39m: Disconnecting from database.
11:32:00 -- changing experiment files
Group stress testing
11:32:03 -- Starting scalar script
11:32:03 -- Starting upgrade
[{"tenantId":1,"appName":"mt-api","slaClass":"bronze","currVersion":"1","upgVersion":"2","deadline":"11:35:01"},{"tenantId":9,"appName":"mt-api","slaClass":"bronze","currVersion":"1","upgVersion":"2","deadline":"11:35:01"},{"tenantId":2,"appName":"mt-api","slaClass":"bronze","currVersion":"1","upgVersion":"2","deadline":"11:35:01"},{"tenantId":10,"appName":"mt-api","slaClass":"bronze","currVersion":"1","upgVersion":"2","deadline":"11:35:01"},{"tenantId":3,"appName":"mt-api","slaClass":"bronze","currVersion":"1","upgVersion":"2","deadline":"11:35:01"},{"tenantId":4,"appName":"mt-api","slaClass":"bronze","currVersion":"1","upgVersion":"2","deadline":"11:35:01"},{"tenantId":11,"appName":"mt-api","slaClass":"bronze","currVersion":"1","upgVersion":"2","deadline":"11:35:01"},{"tenantId":5,"appName":"mt-api","slaClass":"bronze","currVersion":"1","upgVersion":"2","deadline":"11:35:01"},{"tenantId":12,"appName":"mt-api","slaClass":"bronze","currVersion":"1","upgVersion":"2","deadline":"11:35:01"},{"tenantId":7,"appName":"mt-api","slaClass":"bronze","currVersion":"1","upgVersion":"2","deadline":"11:35:01"},{"tenantId":13,"appName":"mt-api","slaClass":"bronze","currVersion":"1","upgVersion":"2","deadline":"11:35:01"},{"tenantId":8,"appName":"mt-api","slaClass":"bronze","currVersion":"1","upgVersion":"2","deadline":"11:35:01"}]11:38:05 -- Experiment script is over
