20:17:13 **-- Starting Experiment 1: Usage, Surge with AVG workload
Seeding the UpgradeplannerDB with tenants
[{"tenantId":1,"appName":"mt-api","slaClass":"bronze","currVersion":"1","upgVersion":null,"deadline":null},{"tenantId":2,"appName":"mt-api","slaClass":"bronze","currVersion":"1","upgVersion":null,"deadline":null},{"tenantId":3,"appName":"mt-api","slaClass":"bronze","currVersion":"1","upgVersion":null,"deadline":null},{"tenantId":4,"appName":"mt-api","slaClass":"bronze","currVersion":"1","upgVersion":null,"deadline":null},{"tenantId":5,"appName":"mt-api","slaClass":"bronze","currVersion":"1","upgVersion":null,"deadline":null},{"tenantId":6,"appName":"mt-api","slaClass":"bronze","currVersion":"1","upgVersion":null,"deadline":null},{"tenantId":7,"appName":"mt-api","slaClass":"bronze","currVersion":"1","upgVersion":null,"deadline":null},{"tenantId":8,"appName":"mt-api","slaClass":"bronze","currVersion":"1","upgVersion":null,"deadline":null},{"tenantId":9,"appName":"mt-api","slaClass":"bronze","currVersion":"1","upgVersion":null,"deadline":null},{"tenantId":10,"appName":"mt-api","slaClass":"bronze","currVersion":"1","upgVersion":null,"deadline":null},{"tenantId":11,"appName":"mt-api","slaClass":"bronze","currVersion":"1","upgVersion":null,"deadline":null},{"tenantId":12,"appName":"mt-api","slaClass":"bronze","currVersion":"1","upgVersion":null,"deadline":null},{"tenantId":13,"appName":"mt-api","slaClass":"bronze","currVersion":"1","upgVersion":null,"deadline":null}]Seeding the UpgradeplannerDB with Deployments
{"deploymentName":"mt-api-v1","appName":"mt-api","version":"1","slaClass":"bronze","podRequests":871,"podLimits":1300,"tenantRequests":67,"tenantLimits":100,"upgradeTime":90}{"deploymentName":"mt-api-v2","appName":"mt-api","version":"2","slaClass":"bronze","podRequests":0,"podLimits":0,"tenantRequests":67,"tenantLimits":100,"upgradeTime":90}Seeding the application database

> mt-api@0.0.0 clear-db /app
> node ./scripts/db-clear.js

2020-05-22T20:17:16.703Z [mt-api] [32minfo[39m: Connecting to database.
2020-05-22T20:17:16.708Z [mt-api] [32minfo[39m: Connecting to: mongodb://mt-db-s/mt-api
2020-05-22T20:17:16.744Z [mt-api] [33mwarn[39m: Clearing database.
2020-05-22T20:17:16.822Z [mt-api] [32minfo[39m: TenantModel: {"n":0,"ok":1,"deletedCount":0}
2020-05-22T20:17:16.829Z [mt-api] [32minfo[39m: UserModel: {"n":0,"ok":1,"deletedCount":0}
2020-05-22T20:17:16.830Z [mt-api] [33mwarn[39m: Database cleared.
2020-05-22T20:17:16.830Z [mt-api] [32minfo[39m: Disconnecting from database.

> mt-api@0.0.0 seed-db /app
> node ./scripts/db-seed.js

2020-05-22T20:17:18.359Z [mt-api] [32minfo[39m: Connecting to database.
2020-05-22T20:17:18.366Z [mt-api] [32minfo[39m: Connecting to: mongodb://mt-db-s/mt-api
2020-05-22T20:17:18.490Z [mt-api] [33mwarn[39m: Seeding database.
2020-05-22T20:17:18.691Z [mt-api] [33mwarn[39m: Tenants seeded.
2020-05-22T20:17:19.157Z [mt-api] [32minfo[39m: [REGISTER] User created: user-1-1
2020-05-22T20:17:19.165Z [mt-api] [32minfo[39m: [REGISTER] User created: user-3-1
2020-05-22T20:17:19.211Z [mt-api] [32minfo[39m: [REGISTER] User created: user-2-1
2020-05-22T20:17:19.240Z [mt-api] [32minfo[39m: [REGISTER] User created: user-4-1
2020-05-22T20:17:19.508Z [mt-api] [32minfo[39m: [REGISTER] User created: user-6-1
2020-05-22T20:17:19.542Z [mt-api] [32minfo[39m: [REGISTER] User created: user-7-1
2020-05-22T20:17:19.614Z [mt-api] [32minfo[39m: [REGISTER] User created: user-5-1
2020-05-22T20:17:19.698Z [mt-api] [32minfo[39m: [REGISTER] User created: user-8-1
2020-05-22T20:17:19.923Z [mt-api] [32minfo[39m: [REGISTER] User created: user-9-1
2020-05-22T20:17:19.950Z [mt-api] [32minfo[39m: [REGISTER] User created: user-10-1
2020-05-22T20:17:20.101Z [mt-api] [32minfo[39m: [REGISTER] User created: user-11-1
2020-05-22T20:17:20.123Z [mt-api] [32minfo[39m: [REGISTER] User created: user-13-1
2020-05-22T20:17:20.139Z [mt-api] [32minfo[39m: [REGISTER] User created: user-12-1
2020-05-22T20:17:20.150Z [mt-api] [33mwarn[39m: Users seeded.
2020-05-22T20:17:20.152Z [mt-api] [32minfo[39m: Disconnecting from database.
Incremental stress testing
upgrade-users.json
Starting scalar script
Starting upgrade
[{"tenantId":1,"appName":"mt-api","slaClass":"bronze","currVersion":"1","upgVersion":"2","deadline":"20:17:55"},{"tenantId":2,"appName":"mt-api","slaClass":"bronze","currVersion":"1","upgVersion":"2","deadline":"20:18:15"},{"tenantId":3,"appName":"mt-api","slaClass":"bronze","currVersion":"1","upgVersion":"2","deadline":"20:18:35"},{"tenantId":4,"appName":"mt-api","slaClass":"bronze","currVersion":"1","upgVersion":"2","deadline":"20:18:55"},{"tenantId":5,"appName":"mt-api","slaClass":"bronze","currVersion":"1","upgVersion":"2","deadline":"20:19:15"},{"tenantId":6,"appName":"mt-api","slaClass":"bronze","currVersion":"1","upgVersion":"2","deadline":"20:19:35"},{"tenantId":7,"appName":"mt-api","slaClass":"bronze","currVersion":"1","upgVersion":"2","deadline":"20:19:55"},{"tenantId":8,"appName":"mt-api","slaClass":"bronze","currVersion":"1","upgVersion":"2","deadline":"20:20:15"},{"tenantId":9,"appName":"mt-api","slaClass":"bronze","currVersion":"1","upgVersion":"2","deadline":"20:20:35"},{"tenantId":10,"appName":"mt-api","slaClass":"bronze","currVersion":"1","upgVersion":"2","deadline":"20:20:55"},{"tenantId":11,"appName":"mt-api","slaClass":"bronze","currVersion":"1","upgVersion":"2","deadline":"20:21:15"},{"tenantId":12,"appName":"mt-api","slaClass":"bronze","currVersion":"1","upgVersion":"2","deadline":"20:21:35"},{"tenantId":13,"appName":"mt-api","slaClass":"bronze","currVersion":"1","upgVersion":"2","deadline":"20:21:55"}]20:41:17 -- Experiment script is over
