22:24:03 **-- Starting Experiment 2: Latency, with high workload for  seconds
Seeding the UpgradeplannerDB with tenants
[{"tenantId":1,"appName":"mt-api","slaClass":"bronze","currVersion":"1","upgVersion":null,"deadline":null},{"tenantId":2,"appName":"mt-api","slaClass":"bronze","currVersion":"1","upgVersion":null,"deadline":null},{"tenantId":3,"appName":"mt-api","slaClass":"bronze","currVersion":"1","upgVersion":null,"deadline":null},{"tenantId":4,"appName":"mt-api","slaClass":"bronze","currVersion":"1","upgVersion":null,"deadline":null},{"tenantId":5,"appName":"mt-api","slaClass":"bronze","currVersion":"1","upgVersion":null,"deadline":null},{"tenantId":6,"appName":"mt-api","slaClass":"bronze","currVersion":"1","upgVersion":null,"deadline":null},{"tenantId":7,"appName":"mt-api","slaClass":"bronze","currVersion":"1","upgVersion":null,"deadline":null},{"tenantId":8,"appName":"mt-api","slaClass":"bronze","currVersion":"1","upgVersion":null,"deadline":null},{"tenantId":9,"appName":"mt-api","slaClass":"bronze","currVersion":"1","upgVersion":null,"deadline":null},{"tenantId":10,"appName":"mt-api","slaClass":"bronze","currVersion":"1","upgVersion":null,"deadline":null},{"tenantId":11,"appName":"mt-api","slaClass":"bronze","currVersion":"1","upgVersion":null,"deadline":null},{"tenantId":12,"appName":"mt-api","slaClass":"bronze","currVersion":"1","upgVersion":null,"deadline":null},{"tenantId":13,"appName":"mt-api","slaClass":"bronze","currVersion":"1","upgVersion":null,"deadline":null}]Seeding the UpgradeplannerDB with Deployments
{"deploymentName":"mt-api-v1","appName":"mt-api","version":"1","slaClass":"bronze","podRequests":871,"podLimits":1300,"tenantRequests":67,"tenantLimits":100,"upgradeTime":90}{"deploymentName":"mt-api-v2","appName":"mt-api","version":"2","slaClass":"bronze","podRequests":0,"podLimits":0,"tenantRequests":67,"tenantLimits":100,"upgradeTime":90}Seeding the application database

> mt-api@0.0.0 clear-db /app
> node ./scripts/db-clear.js

2020-05-25T22:24:07.096Z [mt-api] [32minfo[39m: Connecting to database.
2020-05-25T22:24:07.102Z [mt-api] [32minfo[39m: Connecting to: mongodb://mt-db-s/mt-api
2020-05-25T22:24:07.157Z [mt-api] [33mwarn[39m: Clearing database.
2020-05-25T22:24:07.222Z [mt-api] [32minfo[39m: TenantModel: {"n":0,"ok":1,"deletedCount":0}
2020-05-25T22:24:07.238Z [mt-api] [32minfo[39m: UserModel: {"n":0,"ok":1,"deletedCount":0}
2020-05-25T22:24:07.238Z [mt-api] [33mwarn[39m: Database cleared.
2020-05-25T22:24:07.239Z [mt-api] [32minfo[39m: Disconnecting from database.

> mt-api@0.0.0 seed-db /app
> node ./scripts/db-seed.js

2020-05-25T22:24:09.115Z [mt-api] [32minfo[39m: Connecting to database.
2020-05-25T22:24:09.121Z [mt-api] [32minfo[39m: Connecting to: mongodb://mt-db-s/mt-api
2020-05-25T22:24:09.220Z [mt-api] [33mwarn[39m: Seeding database.
2020-05-25T22:24:09.370Z [mt-api] [33mwarn[39m: Tenants seeded.
2020-05-25T22:24:09.610Z [mt-api] [32minfo[39m: [REGISTER] User created: user-2-1
2020-05-25T22:24:09.653Z [mt-api] [32minfo[39m: [REGISTER] User created: user-4-1
2020-05-25T22:24:09.801Z [mt-api] [32minfo[39m: [REGISTER] User created: user-3-1
2020-05-25T22:24:09.816Z [mt-api] [32minfo[39m: [REGISTER] User created: user-1-1
2020-05-25T22:24:09.910Z [mt-api] [32minfo[39m: [REGISTER] User created: user-8-1
2020-05-25T22:24:09.942Z [mt-api] [32minfo[39m: [REGISTER] User created: user-7-1
2020-05-25T22:24:10.130Z [mt-api] [32minfo[39m: [REGISTER] User created: user-5-1
2020-05-25T22:24:10.146Z [mt-api] [32minfo[39m: [REGISTER] User created: user-6-1
2020-05-25T22:24:10.238Z [mt-api] [32minfo[39m: [REGISTER] User created: user-9-1
2020-05-25T22:24:10.254Z [mt-api] [32minfo[39m: [REGISTER] User created: user-10-1
2020-05-25T22:24:10.340Z [mt-api] [32minfo[39m: [REGISTER] User created: user-13-1
2020-05-25T22:24:10.428Z [mt-api] [32minfo[39m: [REGISTER] User created: user-11-1
2020-05-25T22:24:10.505Z [mt-api] [32minfo[39m: [REGISTER] User created: user-12-1
2020-05-25T22:24:10.523Z [mt-api] [33mwarn[39m: Users seeded.
2020-05-25T22:24:10.524Z [mt-api] [32minfo[39m: Disconnecting from database.
Single increment stress testing
22:24:13 -- Starting scalar script
22:24:13 --Starting upgrade
[{"tenantId":1,"appName":"mt-api","slaClass":"bronze","currVersion":"1","upgVersion":"2","deadline":"22:24:19"}]22:26:29 -- Experiment script is over
