11:57:54 **-- Starting Experiment 1: Usage, Surge with AVG workload
Seeding the UpgradeplannerDB with tenants
[{"tenantId":1,"appName":"mt-api","slaClass":"bronze","currVersion":"1","upgVersion":null,"deadline":null},{"tenantId":2,"appName":"mt-api","slaClass":"bronze","currVersion":"1","upgVersion":null,"deadline":null},{"tenantId":3,"appName":"mt-api","slaClass":"bronze","currVersion":"1","upgVersion":null,"deadline":null},{"tenantId":4,"appName":"mt-api","slaClass":"bronze","currVersion":"1","upgVersion":null,"deadline":null},{"tenantId":5,"appName":"mt-api","slaClass":"bronze","currVersion":"1","upgVersion":null,"deadline":null},{"tenantId":6,"appName":"mt-api","slaClass":"bronze","currVersion":"1","upgVersion":null,"deadline":null},{"tenantId":7,"appName":"mt-api","slaClass":"bronze","currVersion":"1","upgVersion":null,"deadline":null},{"tenantId":8,"appName":"mt-api","slaClass":"bronze","currVersion":"1","upgVersion":null,"deadline":null},{"tenantId":9,"appName":"mt-api","slaClass":"bronze","currVersion":"1","upgVersion":null,"deadline":null},{"tenantId":10,"appName":"mt-api","slaClass":"bronze","currVersion":"1","upgVersion":null,"deadline":null},{"tenantId":11,"appName":"mt-api","slaClass":"bronze","currVersion":"1","upgVersion":null,"deadline":null},{"tenantId":12,"appName":"mt-api","slaClass":"bronze","currVersion":"1","upgVersion":null,"deadline":null},{"tenantId":13,"appName":"mt-api","slaClass":"bronze","currVersion":"1","upgVersion":null,"deadline":null}]11:57:55 -- Seeding the UpgradeplannerDB with Deployments
{"deploymentName":"mt-api-v1","appName":"mt-api","version":"1","slaClass":"bronze","podRequests":871,"podLimits":1300,"tenantRequests":67,"tenantLimits":100,"upgradeTime":90}{"deploymentName":"mt-api-v2","appName":"mt-api","version":"2","slaClass":"bronze","podRequests":0,"podLimits":0,"tenantRequests":67,"tenantLimits":100,"upgradeTime":90}11:57:56 -- Seeding the application database

> mt-api@0.0.0 clear-db /app
> node ./scripts/db-clear.js

2020-05-25T11:57:58.355Z [mt-api] [32minfo[39m: Connecting to database.
2020-05-25T11:57:58.359Z [mt-api] [32minfo[39m: Connecting to: mongodb://mt-db-s/mt-api
2020-05-25T11:57:58.404Z [mt-api] [33mwarn[39m: Clearing database.
2020-05-25T11:57:58.478Z [mt-api] [32minfo[39m: TenantModel: {"n":0,"ok":1,"deletedCount":0}
2020-05-25T11:57:58.491Z [mt-api] [32minfo[39m: UserModel: {"n":0,"ok":1,"deletedCount":0}
2020-05-25T11:57:58.492Z [mt-api] [33mwarn[39m: Database cleared.
2020-05-25T11:57:58.492Z [mt-api] [32minfo[39m: Disconnecting from database.

> mt-api@0.0.0 seed-db /app
> node ./scripts/db-seed.js

2020-05-25T11:57:59.945Z [mt-api] [32minfo[39m: Connecting to database.
2020-05-25T11:57:59.949Z [mt-api] [32minfo[39m: Connecting to: mongodb://mt-db-s/mt-api
2020-05-25T11:58:00.062Z [mt-api] [33mwarn[39m: Seeding database.
2020-05-25T11:58:00.192Z [mt-api] [33mwarn[39m: Tenants seeded.
2020-05-25T11:58:00.399Z [mt-api] [32minfo[39m: [REGISTER] User created: user-2-1
2020-05-25T11:58:00.534Z [mt-api] [32minfo[39m: [REGISTER] User created: user-5-1
2020-05-25T11:58:00.757Z [mt-api] [32minfo[39m: [REGISTER] User created: user-6-1
2020-05-25T11:58:00.818Z [mt-api] [32minfo[39m: [REGISTER] User created: user-3-1
2020-05-25T11:58:00.838Z [mt-api] [32minfo[39m: [REGISTER] User created: user-4-1
2020-05-25T11:58:00.861Z [mt-api] [32minfo[39m: [REGISTER] User created: user-1-1
2020-05-25T11:58:01.035Z [mt-api] [32minfo[39m: [REGISTER] User created: user-7-1
2020-05-25T11:58:01.220Z [mt-api] [32minfo[39m: [REGISTER] User created: user-11-1
2020-05-25T11:58:01.434Z [mt-api] [32minfo[39m: [REGISTER] User created: user-8-1
2020-05-25T11:58:01.453Z [mt-api] [32minfo[39m: [REGISTER] User created: user-9-1
2020-05-25T11:58:01.463Z [mt-api] [32minfo[39m: [REGISTER] User created: user-12-1
2020-05-25T11:58:01.514Z [mt-api] [32minfo[39m: [REGISTER] User created: user-10-1
2020-05-25T11:58:01.621Z [mt-api] [32minfo[39m: [REGISTER] User created: user-13-1
2020-05-25T11:58:01.642Z [mt-api] [33mwarn[39m: Users seeded.
2020-05-25T11:58:01.643Z [mt-api] [32minfo[39m: Disconnecting from database.
11:58:01 -- changing experiment files
Incremental stress testing
upgrade-users.json
11:58:04 -- Starting scalar script
11:58:04 -- Starting upgrade
[{"tenantId":1,"appName":"mt-api","slaClass":"bronze","currVersion":"1","upgVersion":"2","deadline":"12:00:25"},{"tenantId":9,"appName":"mt-api","slaClass":"bronze","currVersion":"1","upgVersion":"2","deadline":"12:00:38"},{"tenantId":2,"appName":"mt-api","slaClass":"bronze","currVersion":"1","upgVersion":"2","deadline":"12:00:51"},{"tenantId":10,"appName":"mt-api","slaClass":"bronze","currVersion":"1","upgVersion":"2","deadline":"12:01:04"},{"tenantId":3,"appName":"mt-api","slaClass":"bronze","currVersion":"1","upgVersion":"2","deadline":"12:01:17"},{"tenantId":4,"appName":"mt-api","slaClass":"bronze","currVersion":"1","upgVersion":"2","deadline":"12:01:30"},{"tenantId":11,"appName":"mt-api","slaClass":"bronze","currVersion":"1","upgVersion":"2","deadline":"12:01:43"},{"tenantId":5,"appName":"mt-api","slaClass":"bronze","currVersion":"1","upgVersion":"2","deadline":"12:01:56"},{"tenantId":6,"appName":"mt-api","slaClass":"bronze","currVersion":"1","upgVersion":"2","deadline":"12:02:09"},{"tenantId":12,"appName":"mt-api","slaClass":"bronze","currVersion":"1","upgVersion":"2","deadline":"12:02:22"},{"tenantId":7,"appName":"mt-api","slaClass":"bronze","currVersion":"1","upgVersion":"2","deadline":"12:02:35"},{"tenantId":13,"appName":"mt-api","slaClass":"bronze","currVersion":"1","upgVersion":"2","deadline":"12:02:48"},{"tenantId":8,"appName":"mt-api","slaClass":"bronze","currVersion":"1","upgVersion":"2","deadline":"12:03:01"}]12:27:19 -- Experiment script is over
