22:35:34 **-- Starting Experiment 2: Latency, with high workload for  seconds
Seeding the UpgradeplannerDB with tenants
[{"tenantId":1,"appName":"mt-api","slaClass":"bronze","currVersion":"1","upgVersion":null,"deadline":null},{"tenantId":2,"appName":"mt-api","slaClass":"bronze","currVersion":"1","upgVersion":null,"deadline":null},{"tenantId":3,"appName":"mt-api","slaClass":"bronze","currVersion":"1","upgVersion":null,"deadline":null},{"tenantId":4,"appName":"mt-api","slaClass":"bronze","currVersion":"1","upgVersion":null,"deadline":null},{"tenantId":5,"appName":"mt-api","slaClass":"bronze","currVersion":"1","upgVersion":null,"deadline":null},{"tenantId":6,"appName":"mt-api","slaClass":"bronze","currVersion":"1","upgVersion":null,"deadline":null},{"tenantId":7,"appName":"mt-api","slaClass":"bronze","currVersion":"1","upgVersion":null,"deadline":null},{"tenantId":8,"appName":"mt-api","slaClass":"bronze","currVersion":"1","upgVersion":null,"deadline":null},{"tenantId":9,"appName":"mt-api","slaClass":"bronze","currVersion":"1","upgVersion":null,"deadline":null},{"tenantId":10,"appName":"mt-api","slaClass":"bronze","currVersion":"1","upgVersion":null,"deadline":null},{"tenantId":11,"appName":"mt-api","slaClass":"bronze","currVersion":"1","upgVersion":null,"deadline":null},{"tenantId":12,"appName":"mt-api","slaClass":"bronze","currVersion":"1","upgVersion":null,"deadline":null},{"tenantId":13,"appName":"mt-api","slaClass":"bronze","currVersion":"1","upgVersion":null,"deadline":null}]Seeding the UpgradeplannerDB with Deployments
{"deploymentName":"mt-api-v1","appName":"mt-api","version":"1","slaClass":"bronze","podRequests":871,"podLimits":1300,"tenantRequests":67,"tenantLimits":100,"upgradeTime":90}{"deploymentName":"mt-api-v2","appName":"mt-api","version":"2","slaClass":"bronze","podRequests":0,"podLimits":0,"tenantRequests":67,"tenantLimits":100,"upgradeTime":90}Seeding the application database

> mt-api@0.0.0 clear-db /app
> node ./scripts/db-clear.js

2020-05-25T22:35:38.423Z [mt-api] [32minfo[39m: Connecting to database.
2020-05-25T22:35:38.426Z [mt-api] [32minfo[39m: Connecting to: mongodb://mt-db-s/mt-api
2020-05-25T22:35:38.456Z [mt-api] [33mwarn[39m: Clearing database.
2020-05-25T22:35:38.523Z [mt-api] [32minfo[39m: TenantModel: {"n":0,"ok":1,"deletedCount":0}
2020-05-25T22:35:38.552Z [mt-api] [32minfo[39m: UserModel: {"n":0,"ok":1,"deletedCount":0}
2020-05-25T22:35:38.553Z [mt-api] [33mwarn[39m: Database cleared.
2020-05-25T22:35:38.553Z [mt-api] [32minfo[39m: Disconnecting from database.

> mt-api@0.0.0 seed-db /app
> node ./scripts/db-seed.js

2020-05-25T22:35:40.260Z [mt-api] [32minfo[39m: Connecting to database.
2020-05-25T22:35:40.264Z [mt-api] [32minfo[39m: Connecting to: mongodb://mt-db-s/mt-api
2020-05-25T22:35:40.404Z [mt-api] [33mwarn[39m: Seeding database.
2020-05-25T22:35:40.587Z [mt-api] [33mwarn[39m: Tenants seeded.
2020-05-25T22:35:40.834Z [mt-api] [32minfo[39m: [REGISTER] User created: user-2-1
2020-05-25T22:35:41.024Z [mt-api] [32minfo[39m: [REGISTER] User created: user-5-1
2020-05-25T22:35:41.216Z [mt-api] [32minfo[39m: [REGISTER] User created: user-3-1
2020-05-25T22:35:41.235Z [mt-api] [32minfo[39m: [REGISTER] User created: user-4-1
2020-05-25T22:35:41.253Z [mt-api] [32minfo[39m: [REGISTER] User created: user-6-1
2020-05-25T22:35:41.311Z [mt-api] [32minfo[39m: [REGISTER] User created: user-1-1
2020-05-25T22:35:41.709Z [mt-api] [32minfo[39m: [REGISTER] User created: user-9-1
2020-05-25T22:35:41.711Z [mt-api] [32minfo[39m: [REGISTER] User created: user-8-1
2020-05-25T22:35:41.748Z [mt-api] [32minfo[39m: [REGISTER] User created: user-7-1
2020-05-25T22:35:41.801Z [mt-api] [32minfo[39m: [REGISTER] User created: user-10-1
2020-05-25T22:35:41.929Z [mt-api] [32minfo[39m: [REGISTER] User created: user-11-1
2020-05-25T22:35:42.026Z [mt-api] [32minfo[39m: [REGISTER] User created: user-13-1
2020-05-25T22:35:42.052Z [mt-api] [32minfo[39m: [REGISTER] User created: user-12-1
2020-05-25T22:35:42.066Z [mt-api] [33mwarn[39m: Users seeded.
2020-05-25T22:35:42.066Z [mt-api] [32minfo[39m: Disconnecting from database.
Single increment stress testing
22:35:45 -- Starting scalar script
22:35:45 --Starting upgrade
[{"tenantId":1,"appName":"mt-api","slaClass":"bronze","currVersion":"1","upgVersion":"2","deadline":"22:35:50"}]22:38:01 -- Experiment script is over
