16:21:50 **-- Starting Experiment 1: Usage, Surge with AVG workload
Seeding the UpgradeplannerDB with tenants
[{"tenantId":1,"appName":"mt-api","slaClass":"bronze","currVersion":"1","upgVersion":null,"deadline":null},{"tenantId":2,"appName":"mt-api","slaClass":"bronze","currVersion":"1","upgVersion":null,"deadline":null},{"tenantId":3,"appName":"mt-api","slaClass":"bronze","currVersion":"1","upgVersion":null,"deadline":null},{"tenantId":4,"appName":"mt-api","slaClass":"bronze","currVersion":"1","upgVersion":null,"deadline":null},{"tenantId":5,"appName":"mt-api","slaClass":"bronze","currVersion":"1","upgVersion":null,"deadline":null},{"tenantId":6,"appName":"mt-api","slaClass":"bronze","currVersion":"1","upgVersion":null,"deadline":null},{"tenantId":7,"appName":"mt-api","slaClass":"bronze","currVersion":"1","upgVersion":null,"deadline":null},{"tenantId":8,"appName":"mt-api","slaClass":"bronze","currVersion":"1","upgVersion":null,"deadline":null},{"tenantId":9,"appName":"mt-api","slaClass":"bronze","currVersion":"1","upgVersion":null,"deadline":null},{"tenantId":10,"appName":"mt-api","slaClass":"bronze","currVersion":"1","upgVersion":null,"deadline":null},{"tenantId":11,"appName":"mt-api","slaClass":"bronze","currVersion":"1","upgVersion":null,"deadline":null},{"tenantId":12,"appName":"mt-api","slaClass":"bronze","currVersion":"1","upgVersion":null,"deadline":null},{"tenantId":13,"appName":"mt-api","slaClass":"bronze","currVersion":"1","upgVersion":null,"deadline":null}]Seeding the UpgradeplannerDB with Deployments
{"deploymentName":"mt-api-v1","appName":"mt-api","version":"1","slaClass":"bronze","podRequests":871,"podLimits":1300,"tenantRequests":67,"tenantLimits":100,"upgradeTime":90}{"deploymentName":"mt-api-v2","appName":"mt-api","version":"2","slaClass":"bronze","podRequests":0,"podLimits":0,"tenantRequests":67,"tenantLimits":100,"upgradeTime":90}Seeding the application database

> mt-api@0.0.0 clear-db /app
> node ./scripts/db-clear.js

2020-05-22T16:21:54.174Z [mt-api] [32minfo[39m: Connecting to database.
2020-05-22T16:21:54.179Z [mt-api] [32minfo[39m: Connecting to: mongodb://mt-db-s/mt-api
2020-05-22T16:21:54.220Z [mt-api] [33mwarn[39m: Clearing database.
2020-05-22T16:21:54.289Z [mt-api] [32minfo[39m: TenantModel: {"n":0,"ok":1,"deletedCount":0}
2020-05-22T16:21:54.308Z [mt-api] [32minfo[39m: UserModel: {"n":0,"ok":1,"deletedCount":0}
2020-05-22T16:21:54.309Z [mt-api] [33mwarn[39m: Database cleared.
2020-05-22T16:21:54.310Z [mt-api] [32minfo[39m: Disconnecting from database.

> mt-api@0.0.0 seed-db /app
> node ./scripts/db-seed.js

2020-05-22T16:21:55.769Z [mt-api] [32minfo[39m: Connecting to database.
2020-05-22T16:21:55.773Z [mt-api] [32minfo[39m: Connecting to: mongodb://mt-db-s/mt-api
2020-05-22T16:21:55.847Z [mt-api] [33mwarn[39m: Seeding database.
2020-05-22T16:21:56.032Z [mt-api] [33mwarn[39m: Tenants seeded.
2020-05-22T16:21:56.301Z [mt-api] [32minfo[39m: [REGISTER] User created: user-2-1
2020-05-22T16:21:56.303Z [mt-api] [32minfo[39m: [REGISTER] User created: user-4-1
2020-05-22T16:21:56.352Z [mt-api] [32minfo[39m: [REGISTER] User created: user-1-1
2020-05-22T16:21:56.410Z [mt-api] [32minfo[39m: [REGISTER] User created: user-3-1
2020-05-22T16:21:56.455Z [mt-api] [32minfo[39m: [REGISTER] User created: user-5-1
2020-05-22T16:21:56.514Z [mt-api] [32minfo[39m: [REGISTER] User created: user-7-1
2020-05-22T16:21:56.630Z [mt-api] [32minfo[39m: [REGISTER] User created: user-6-1
2020-05-22T16:21:56.639Z [mt-api] [32minfo[39m: [REGISTER] User created: user-8-1
2020-05-22T16:21:56.801Z [mt-api] [32minfo[39m: [REGISTER] User created: user-9-1
2020-05-22T16:21:56.838Z [mt-api] [32minfo[39m: [REGISTER] User created: user-10-1
2020-05-22T16:21:57.003Z [mt-api] [32minfo[39m: [REGISTER] User created: user-11-1
2020-05-22T16:21:57.005Z [mt-api] [32minfo[39m: [REGISTER] User created: user-12-1
2020-05-22T16:21:57.042Z [mt-api] [32minfo[39m: [REGISTER] User created: user-13-1
2020-05-22T16:21:57.056Z [mt-api] [33mwarn[39m: Users seeded.
2020-05-22T16:21:57.057Z [mt-api] [32minfo[39m: Disconnecting from database.
Incremental stress testing
upgrade-users.json
Starting scalar script
Starting upgrade
[{"tenantId":1,"appName":"mt-api","slaClass":"bronze","currVersion":"1","upgVersion":"2","deadline":"16:22:32"},{"tenantId":2,"appName":"mt-api","slaClass":"bronze","currVersion":"1","upgVersion":"2","deadline":"16:22:52"},{"tenantId":3,"appName":"mt-api","slaClass":"bronze","currVersion":"1","upgVersion":"2","deadline":"16:23:12"},{"tenantId":4,"appName":"mt-api","slaClass":"bronze","currVersion":"1","upgVersion":"2","deadline":"16:23:32"},{"tenantId":5,"appName":"mt-api","slaClass":"bronze","currVersion":"1","upgVersion":"2","deadline":"16:23:52"},{"tenantId":6,"appName":"mt-api","slaClass":"bronze","currVersion":"1","upgVersion":"2","deadline":"16:24:12"},{"tenantId":7,"appName":"mt-api","slaClass":"bronze","currVersion":"1","upgVersion":"2","deadline":"16:24:32"},{"tenantId":8,"appName":"mt-api","slaClass":"bronze","currVersion":"1","upgVersion":"2","deadline":"16:24:52"},{"tenantId":9,"appName":"mt-api","slaClass":"bronze","currVersion":"1","upgVersion":"2","deadline":"16:25:12"},{"tenantId":10,"appName":"mt-api","slaClass":"bronze","currVersion":"1","upgVersion":"2","deadline":"16:25:32"},{"tenantId":11,"appName":"mt-api","slaClass":"bronze","currVersion":"1","upgVersion":"2","deadline":"16:25:52"},{"tenantId":12,"appName":"mt-api","slaClass":"bronze","currVersion":"1","upgVersion":"2","deadline":"16:26:12"},{"tenantId":13,"appName":"mt-api","slaClass":"bronze","currVersion":"1","upgVersion":"2","deadline":"16:26:32"}]16:45:55 -- Experiment script is over
