12:14:02 **-- Starting Experiment 2: Latency, with high workload for 125 seconds
Seeding the UpgradeplannerDB with tenants
[{"tenantId":1,"appName":"mt-api","slaClass":"bronze","currVersion":"1","upgVersion":null,"deadline":null},{"tenantId":2,"appName":"mt-api","slaClass":"bronze","currVersion":"1","upgVersion":null,"deadline":null},{"tenantId":3,"appName":"mt-api","slaClass":"bronze","currVersion":"1","upgVersion":null,"deadline":null},{"tenantId":4,"appName":"mt-api","slaClass":"bronze","currVersion":"1","upgVersion":null,"deadline":null},{"tenantId":5,"appName":"mt-api","slaClass":"bronze","currVersion":"1","upgVersion":null,"deadline":null},{"tenantId":6,"appName":"mt-api","slaClass":"bronze","currVersion":"1","upgVersion":null,"deadline":null},{"tenantId":7,"appName":"mt-api","slaClass":"bronze","currVersion":"1","upgVersion":null,"deadline":null},{"tenantId":8,"appName":"mt-api","slaClass":"bronze","currVersion":"1","upgVersion":null,"deadline":null},{"tenantId":9,"appName":"mt-api","slaClass":"bronze","currVersion":"1","upgVersion":null,"deadline":null},{"tenantId":10,"appName":"mt-api","slaClass":"bronze","currVersion":"1","upgVersion":null,"deadline":null},{"tenantId":11,"appName":"mt-api","slaClass":"bronze","currVersion":"1","upgVersion":null,"deadline":null},{"tenantId":12,"appName":"mt-api","slaClass":"bronze","currVersion":"1","upgVersion":null,"deadline":null},{"tenantId":13,"appName":"mt-api","slaClass":"bronze","currVersion":"1","upgVersion":null,"deadline":null}]Seeding the UpgradeplannerDB with Deployments
{"deploymentName":"mt-api-v1","appName":"mt-api","version":"1","slaClass":"bronze","podRequests":871,"podLimits":1300,"tenantRequests":67,"tenantLimits":100,"upgradeTime":90}{"deploymentName":"mt-api-v2","appName":"mt-api","version":"2","slaClass":"bronze","podRequests":0,"podLimits":0,"tenantRequests":67,"tenantLimits":100,"upgradeTime":90}Seeding the application database

> mt-api@0.0.0 clear-db /app
> node ./scripts/db-clear.js

2020-05-23T12:14:05.601Z [mt-api] [32minfo[39m: Connecting to database.
2020-05-23T12:14:05.605Z [mt-api] [32minfo[39m: Connecting to: mongodb://mt-db-s/mt-api
2020-05-23T12:14:05.644Z [mt-api] [33mwarn[39m: Clearing database.
2020-05-23T12:14:05.713Z [mt-api] [32minfo[39m: TenantModel: {"n":0,"ok":1,"deletedCount":0}
2020-05-23T12:14:05.720Z [mt-api] [32minfo[39m: UserModel: {"n":0,"ok":1,"deletedCount":0}
2020-05-23T12:14:05.721Z [mt-api] [33mwarn[39m: Database cleared.
2020-05-23T12:14:05.722Z [mt-api] [32minfo[39m: Disconnecting from database.

> mt-api@0.0.0 seed-db /app
> node ./scripts/db-seed.js

2020-05-23T12:14:07.095Z [mt-api] [32minfo[39m: Connecting to database.
2020-05-23T12:14:07.099Z [mt-api] [32minfo[39m: Connecting to: mongodb://mt-db-s/mt-api
2020-05-23T12:14:07.180Z [mt-api] [33mwarn[39m: Seeding database.
2020-05-23T12:14:07.372Z [mt-api] [33mwarn[39m: Tenants seeded.
2020-05-23T12:14:07.629Z [mt-api] [32minfo[39m: [REGISTER] User created: user-2-1
2020-05-23T12:14:07.811Z [mt-api] [32minfo[39m: [REGISTER] User created: user-1-1
2020-05-23T12:14:07.821Z [mt-api] [32minfo[39m: [REGISTER] User created: user-4-1
2020-05-23T12:14:07.855Z [mt-api] [32minfo[39m: [REGISTER] User created: user-3-1
2020-05-23T12:14:07.917Z [mt-api] [32minfo[39m: [REGISTER] User created: user-5-1
2020-05-23T12:14:08.144Z [mt-api] [32minfo[39m: [REGISTER] User created: user-8-1
2020-05-23T12:14:08.159Z [mt-api] [32minfo[39m: [REGISTER] User created: user-7-1
2020-05-23T12:14:08.254Z [mt-api] [32minfo[39m: [REGISTER] User created: user-6-1
2020-05-23T12:14:08.339Z [mt-api] [32minfo[39m: [REGISTER] User created: user-9-1
2020-05-23T12:14:08.414Z [mt-api] [32minfo[39m: [REGISTER] User created: user-11-1
2020-05-23T12:14:08.422Z [mt-api] [32minfo[39m: [REGISTER] User created: user-10-1
2020-05-23T12:14:08.531Z [mt-api] [32minfo[39m: [REGISTER] User created: user-13-1
2020-05-23T12:14:08.534Z [mt-api] [32minfo[39m: [REGISTER] User created: user-12-1
2020-05-23T12:14:08.563Z [mt-api] [33mwarn[39m: Users seeded.
2020-05-23T12:14:08.564Z [mt-api] [32minfo[39m: Disconnecting from database.
Group stress testing
Starting scalar script
Starting upgrade
[{"tenantId":1,"appName":"mt-api","slaClass":"bronze","currVersion":"1","upgVersion":"2","deadline":"12:14:29"},{"tenantId":2,"appName":"mt-api","slaClass":"bronze","currVersion":"1","upgVersion":"2","deadline":"12:14:29"},{"tenantId":3,"appName":"mt-api","slaClass":"bronze","currVersion":"1","upgVersion":"2","deadline":"12:14:29"},{"tenantId":4,"appName":"mt-api","slaClass":"bronze","currVersion":"1","upgVersion":"2","deadline":"12:14:29"},{"tenantId":5,"appName":"mt-api","slaClass":"bronze","currVersion":"1","upgVersion":"2","deadline":"12:14:29"},{"tenantId":6,"appName":"mt-api","slaClass":"bronze","currVersion":"1","upgVersion":"2","deadline":"12:14:29"},{"tenantId":7,"appName":"mt-api","slaClass":"bronze","currVersion":"1","upgVersion":"2","deadline":"12:14:29"},{"tenantId":8,"appName":"mt-api","slaClass":"bronze","currVersion":"1","upgVersion":"2","deadline":"12:14:29"},{"tenantId":9,"appName":"mt-api","slaClass":"bronze","currVersion":"1","upgVersion":"2","deadline":"12:14:29"},{"tenantId":10,"appName":"mt-api","slaClass":"bronze","currVersion":"1","upgVersion":"2","deadline":"12:14:29"},{"tenantId":11,"appName":"mt-api","slaClass":"bronze","currVersion":"1","upgVersion":"2","deadline":"12:14:29"},{"tenantId":12,"appName":"mt-api","slaClass":"bronze","currVersion":"1","upgVersion":"2","deadline":"12:14:29"},{"tenantId":13,"appName":"mt-api","slaClass":"bronze","currVersion":"1","upgVersion":"2","deadline":"12:14:29"}]12:16:17 -- Experiment script is over
