be.kuleuven.distrinet.scalar.exceptions.InternalException: org.apache.http.NoHttpResponseException: bsv2:80 failed to respond
	at be.kuleuven.distrinet.dedycker.ApplicationInterface.executeRequest(ApplicationInterface.java:139)
	at be.kuleuven.distrinet.dedycker.ApplicationInterface.login(ApplicationInterface.java:90)
	at be.kuleuven.distrinet.dedycker.requests.LoginRequest.doRequest(LoginRequest.java:26)
	at be.kuleuven.distrinet.dedycker.tenants.Tenant.mainLoop(Tenant.java:54)
	at be.kuleuven.distrinet.scalar.core.User.run(User.java:379)
	at java.util.concurrent.ThreadPoolExecutor.runWorker(ThreadPoolExecutor.java:1149)
	at java.util.concurrent.ThreadPoolExecutor$Worker.run(ThreadPoolExecutor.java:624)
	at java.lang.Thread.run(Thread.java:748)
Caused by: org.apache.http.NoHttpResponseException: bsv2:80 failed to respond
	at org.apache.http.impl.conn.DefaultHttpResponseParser.parseHead(DefaultHttpResponseParser.java:143)
	at org.apache.http.impl.conn.DefaultHttpResponseParser.parseHead(DefaultHttpResponseParser.java:57)
	at org.apache.http.impl.io.AbstractMessageParser.parse(AbstractMessageParser.java:261)
	at org.apache.http.impl.DefaultBHttpClientConnection.receiveResponseHeader(DefaultBHttpClientConnection.java:165)
	at org.apache.http.impl.conn.CPoolProxy.receiveResponseHeader(CPoolProxy.java:167)
	at org.apache.http.protocol.HttpRequestExecutor.doReceiveResponse(HttpRequestExecutor.java:272)
	at org.apache.http.protocol.HttpRequestExecutor.execute(HttpRequestExecutor.java:124)
	at org.apache.http.impl.execchain.MainClientExec.execute(MainClientExec.java:271)
	at org.apache.http.impl.execchain.ProtocolExec.execute(ProtocolExec.java:184)
	at org.apache.http.impl.execchain.RetryExec.execute(RetryExec.java:88)
	at org.apache.http.impl.execchain.RedirectExec.execute(RedirectExec.java:110)
	at org.apache.http.impl.client.InternalHttpClient.doExecute(InternalHttpClient.java:184)
	at org.apache.http.impl.client.CloseableHttpClient.execute(CloseableHttpClient.java:82)
	at org.apache.http.impl.client.CloseableHttpClient.execute(CloseableHttpClient.java:107)
	at be.kuleuven.distrinet.dedycker.ApplicationInterface.executeRequest(ApplicationInterface.java:128)
	... 7 more
be.kuleuven.distrinet.scalar.exceptions.InternalException: org.apache.http.NoHttpResponseException: bsv2:80 failed to respond
	at be.kuleuven.distrinet.dedycker.ApplicationInterface.executeRequest(ApplicationInterface.java:139)
	at be.kuleuven.distrinet.dedycker.ApplicationInterface.login(ApplicationInterface.java:90)
	at be.kuleuven.distrinet.dedycker.requests.LoginRequest.doRequest(LoginRequest.java:26)
	at be.kuleuven.distrinet.dedycker.tenants.Tenant.mainLoop(Tenant.java:54)
	at be.kuleuven.distrinet.scalar.core.User.run(User.java:379)
	at java.util.concurrent.ThreadPoolExecutor.runWorker(ThreadPoolExecutor.java:1149)
	at java.util.concurrent.ThreadPoolExecutor$Worker.run(ThreadPoolExecutor.java:624)
	at java.lang.Thread.run(Thread.java:748)
Caused by: org.apache.http.NoHttpResponseException: bsv2:80 failed to respond
	at org.apache.http.impl.conn.DefaultHttpResponseParser.parseHead(DefaultHttpResponseParser.java:143)
	at org.apache.http.impl.conn.DefaultHttpResponseParser.parseHead(DefaultHttpResponseParser.java:57)
	at org.apache.http.impl.io.AbstractMessageParser.parse(AbstractMessageParser.java:261)
	at org.apache.http.impl.DefaultBHttpClientConnection.receiveResponseHeader(DefaultBHttpClientConnection.java:165)
	at org.apache.http.impl.conn.CPoolProxy.receiveResponseHeader(CPoolProxy.java:167)
	at org.apache.http.protocol.HttpRequestExecutor.doReceiveResponse(HttpRequestExecutor.java:272)
	at org.apache.http.protocol.HttpRequestExecutor.execute(HttpRequestExecutor.java:124)
	at org.apache.http.impl.execchain.MainClientExec.execute(MainClientExec.java:271)
	at org.apache.http.impl.execchain.ProtocolExec.execute(ProtocolExec.java:184)
	at org.apache.http.impl.execchain.RetryExec.execute(RetryExec.java:88)
	at org.apache.http.impl.execchain.RedirectExec.execute(RedirectExec.java:110)
	at org.apache.http.impl.client.InternalHttpClient.doExecute(InternalHttpClient.java:184)
	at org.apache.http.impl.client.CloseableHttpClient.execute(CloseableHttpClient.java:82)
	at org.apache.http.impl.client.CloseableHttpClient.execute(CloseableHttpClient.java:107)
	at be.kuleuven.distrinet.dedycker.ApplicationInterface.executeRequest(ApplicationInterface.java:128)
	... 7 more
be.kuleuven.distrinet.scalar.exceptions.InternalException: org.apache.http.NoHttpResponseException: bsv2:80 failed to respond
	at be.kuleuven.distrinet.dedycker.ApplicationInterface.executeRequest(ApplicationInterface.java:139)
	at be.kuleuven.distrinet.dedycker.ApplicationInterface.login(ApplicationInterface.java:90)
	at be.kuleuven.distrinet.dedycker.requests.LoginRequest.doRequest(LoginRequest.java:26)
	at be.kuleuven.distrinet.dedycker.tenants.Tenant.mainLoop(Tenant.java:54)
	at be.kuleuven.distrinet.scalar.core.User.run(User.java:379)
	at java.util.concurrent.ThreadPoolExecutor.runWorker(ThreadPoolExecutor.java:1149)
	at java.util.concurrent.ThreadPoolExecutor$Worker.run(ThreadPoolExecutor.java:624)
	at java.lang.Thread.run(Thread.java:748)
Caused by: org.apache.http.NoHttpResponseException: bsv2:80 failed to respond
	at org.apache.http.impl.conn.DefaultHttpResponseParser.parseHead(DefaultHttpResponseParser.java:143)
	at org.apache.http.impl.conn.DefaultHttpResponseParser.parseHead(DefaultHttpResponseParser.java:57)
	at org.apache.http.impl.io.AbstractMessageParser.parse(AbstractMessageParser.java:261)
	at org.apache.http.impl.DefaultBHttpClientConnection.receiveResponseHeader(DefaultBHttpClientConnection.java:165)
	at org.apache.http.impl.conn.CPoolProxy.receiveResponseHeader(CPoolProxy.java:167)
	at org.apache.http.protocol.HttpRequestExecutor.doReceiveResponse(HttpRequestExecutor.java:272)
	at org.apache.http.protocol.HttpRequestExecutor.execute(HttpRequestExecutor.java:124)
	at org.apache.http.impl.execchain.MainClientExec.execute(MainClientExec.java:271)
	at org.apache.http.impl.execchain.ProtocolExec.execute(ProtocolExec.java:184)
	at org.apache.http.impl.execchain.RetryExec.execute(RetryExec.java:88)
	at org.apache.http.impl.execchain.RedirectExec.execute(RedirectExec.java:110)
	at org.apache.http.impl.client.InternalHttpClient.doExecute(InternalHttpClient.java:184)
	at org.apache.http.impl.client.CloseableHttpClient.execute(CloseableHttpClient.java:82)
	at org.apache.http.impl.client.CloseableHttpClient.execute(CloseableHttpClient.java:107)
	at be.kuleuven.distrinet.dedycker.ApplicationInterface.executeRequest(ApplicationInterface.java:128)
	... 7 more
May 23, 2020 12:14:55 PM org.apache.http.impl.execchain.RetryExec execute
INFO: I/O exception (org.apache.http.NoHttpResponseException) caught when processing request to {}->http://bsv2:80: The target server failed to respond
May 23, 2020 12:14:55 PM org.apache.http.impl.execchain.RetryExec execute
INFO: Retrying request to {}->http://bsv2:80
be.kuleuven.distrinet.scalar.exceptions.InternalException: org.apache.http.NoHttpResponseException: bsv2:80 failed to respond
	at be.kuleuven.distrinet.dedycker.ApplicationInterface.executeRequest(ApplicationInterface.java:139)
	at be.kuleuven.distrinet.dedycker.ApplicationInterface.login(ApplicationInterface.java:90)
	at be.kuleuven.distrinet.dedycker.requests.LoginRequest.doRequest(LoginRequest.java:26)
	at be.kuleuven.distrinet.dedycker.tenants.Tenant.mainLoop(Tenant.java:54)
	at be.kuleuven.distrinet.scalar.core.User.run(User.java:379)
	at java.util.concurrent.ThreadPoolExecutor.runWorker(ThreadPoolExecutor.java:1149)
	at java.util.concurrent.ThreadPoolExecutor$Worker.run(ThreadPoolExecutor.java:624)
	at java.lang.Thread.run(Thread.java:748)
Caused by: org.apache.http.NoHttpResponseException: bsv2:80 failed to respond
	at org.apache.http.impl.conn.DefaultHttpResponseParser.parseHead(DefaultHttpResponseParser.java:143)
	at org.apache.http.impl.conn.DefaultHttpResponseParser.parseHead(DefaultHttpResponseParser.java:57)
	at org.apache.http.impl.io.AbstractMessageParser.parse(AbstractMessageParser.java:261)
	at org.apache.http.impl.DefaultBHttpClientConnection.receiveResponseHeader(DefaultBHttpClientConnection.java:165)
	at org.apache.http.impl.conn.CPoolProxy.receiveResponseHeader(CPoolProxy.java:167)
	at org.apache.http.protocol.HttpRequestExecutor.doReceiveResponse(HttpRequestExecutor.java:272)
	at org.apache.http.protocol.HttpRequestExecutor.execute(HttpRequestExecutor.java:124)
	at org.apache.http.impl.execchain.MainClientExec.execute(MainClientExec.java:271)
	at org.apache.http.impl.execchain.ProtocolExec.execute(ProtocolExec.java:184)
	at org.apache.http.impl.execchain.RetryExec.execute(RetryExec.java:88)
	at org.apache.http.impl.execchain.RedirectExec.execute(RedirectExec.java:110)
	at org.apache.http.impl.client.InternalHttpClient.doExecute(InternalHttpClient.java:184)
	at org.apache.http.impl.client.CloseableHttpClient.execute(CloseableHttpClient.java:82)
	at org.apache.http.impl.client.CloseableHttpClient.execute(CloseableHttpClient.java:107)
	at be.kuleuven.distrinet.dedycker.ApplicationInterface.executeRequest(ApplicationInterface.java:128)
	... 7 more
May 23, 2020 12:14:55 PM org.apache.http.impl.execchain.RetryExec execute
INFO: I/O exception (org.apache.http.NoHttpResponseException) caught when processing request to {}->http://bsv2:80: The target server failed to respond
be.kuleuven.distrinet.scalar.exceptions.InternalException: org.apache.http.NoHttpResponseException: bsv2:80 failed to respond
	at be.kuleuven.distrinet.dedycker.ApplicationInterface.executeRequest(ApplicationInterface.java:139)
	at be.kuleuven.distrinet.dedycker.ApplicationInterface.login(ApplicationInterface.java:90)
	at be.kuleuven.distrinet.dedycker.requests.LoginRequest.doRequest(LoginRequest.java:26)
	at be.kuleuven.distrinet.dedycker.tenants.Tenant.mainLoop(Tenant.java:54)
	at be.kuleuven.distrinet.scalar.core.User.run(User.java:379)
	at java.util.concurrent.ThreadPoolExecutor.runWorker(ThreadPoolExecutor.java:1149)
	at java.util.concurrent.ThreadPoolExecutor$Worker.run(ThreadPoolExecutor.java:624)
	at java.lang.Thread.run(Thread.java:748)
Caused by: org.apache.http.NoHttpResponseException: bsv2:80 failed to respond
	at org.apache.http.impl.conn.DefaultHttpResponseParser.parseHead(DefaultHttpResponseParser.java:143)
	at org.apache.http.impl.conn.DefaultHttpResponseParser.parseHead(DefaultHttpResponseParser.java:57)
	at org.apache.http.impl.io.AbstractMessageParser.parse(AbstractMessageParser.java:261)
	at org.apache.http.impl.DefaultBHttpClientConnection.receiveResponseHeader(DefaultBHttpClientConnection.java:165)
	at org.apache.http.impl.conn.CPoolProxy.receiveResponseHeader(CPoolProxy.java:167)
	at org.apache.http.protocol.HttpRequestExecutor.doReceiveResponse(HttpRequestExecutor.java:272)
	at org.apache.http.protocol.HttpRequestExecutor.execute(HttpRequestExecutor.java:124)
	at org.apache.http.impl.execchain.MainClientExec.execute(MainClientExec.java:271)
	at org.apache.http.impl.execchain.ProtocolExec.execute(ProtocolExec.java:184)
	at org.apache.http.impl.execchain.RetryExec.execute(RetryExec.java:88)
	at org.apache.http.impl.execchain.RedirectExec.execute(RedirectExec.java:110)
	at org.apache.http.impl.client.InternalHttpClient.doExecute(InternalHttpClient.java:184)
	at org.apache.http.impl.client.CloseableHttpClient.execute(CloseableHttpClient.java:82)
	at org.apache.http.impl.client.CloseableHttpClient.execute(CloseableHttpClient.java:107)
	at be.kuleuven.distrinet.dedycker.ApplicationInterface.executeRequest(ApplicationInterface.java:128)
	... 7 more
May 23, 2020 12:14:55 PM org.apache.http.impl.execchain.RetryExec execute
INFO: Retrying request to {}->http://bsv2:80
May 23, 2020 12:14:55 PM org.apache.http.impl.execchain.RetryExec execute
INFO: I/O exception (org.apache.http.NoHttpResponseException) caught when processing request to {}->http://bsv2:80: The target server failed to respond
May 23, 2020 12:14:55 PM org.apache.http.impl.execchain.RetryExec execute
INFO: Retrying request to {}->http://bsv2:80
May 23, 2020 12:14:55 PM org.apache.http.impl.execchain.RetryExec execute
INFO: I/O exception (org.apache.http.NoHttpResponseException) caught when processing request to {}->http://bsv2:80: The target server failed to respond
May 23, 2020 12:14:55 PM org.apache.http.impl.execchain.RetryExec execute
INFO: Retrying request to {}->http://bsv2:80
May 23, 2020 12:14:55 PM org.apache.http.impl.execchain.RetryExec execute
INFO: I/O exception (org.apache.http.NoHttpResponseException) caught when processing request to {}->http://bsv2:80: The target server failed to respond
May 23, 2020 12:14:55 PM org.apache.http.impl.execchain.RetryExec execute
INFO: I/O exception (org.apache.http.NoHttpResponseException) caught when processing request to {}->http://bsv2:80: The target server failed to respond
May 23, 2020 12:14:55 PM org.apache.http.impl.execchain.RetryExec execute
INFO: I/O exception (org.apache.http.NoHttpResponseException) caught when processing request to {}->http://bsv2:80: The target server failed to respond
May 23, 2020 12:14:55 PM org.apache.http.impl.execchain.RetryExec execute
INFO: Retrying request to {}->http://bsv2:80
May 23, 2020 12:14:55 PM org.apache.http.impl.execchain.RetryExec execute
INFO: I/O exception (org.apache.http.NoHttpResponseException) caught when processing request to {}->http://bsv2:80: The target server failed to respond
May 23, 2020 12:14:55 PM org.apache.http.impl.execchain.RetryExec execute
INFO: Retrying request to {}->http://bsv2:80
May 23, 2020 12:14:55 PM org.apache.http.impl.execchain.RetryExec execute
INFO: Retrying request to {}->http://bsv2:80
May 23, 2020 12:14:55 PM org.apache.http.impl.execchain.RetryExec execute
INFO: Retrying request to {}->http://bsv2:80
