15:14:52 **-- Starting Experiment 1: Usage, Surge with AVG workload
Seeding the UpgradeplannerDB with tenants
[{"tenantId":1,"appName":"mt-api","slaClass":"bronze","currVersion":"1","upgVersion":null,"deadline":null},{"tenantId":2,"appName":"mt-api","slaClass":"bronze","currVersion":"1","upgVersion":null,"deadline":null},{"tenantId":3,"appName":"mt-api","slaClass":"bronze","currVersion":"1","upgVersion":null,"deadline":null},{"tenantId":4,"appName":"mt-api","slaClass":"bronze","currVersion":"1","upgVersion":null,"deadline":null},{"tenantId":5,"appName":"mt-api","slaClass":"bronze","currVersion":"1","upgVersion":null,"deadline":null},{"tenantId":6,"appName":"mt-api","slaClass":"bronze","currVersion":"1","upgVersion":null,"deadline":null},{"tenantId":7,"appName":"mt-api","slaClass":"bronze","currVersion":"1","upgVersion":null,"deadline":null},{"tenantId":8,"appName":"mt-api","slaClass":"bronze","currVersion":"1","upgVersion":null,"deadline":null},{"tenantId":9,"appName":"mt-api","slaClass":"bronze","currVersion":"1","upgVersion":null,"deadline":null},{"tenantId":10,"appName":"mt-api","slaClass":"bronze","currVersion":"1","upgVersion":null,"deadline":null},{"tenantId":11,"appName":"mt-api","slaClass":"bronze","currVersion":"1","upgVersion":null,"deadline":null},{"tenantId":12,"appName":"mt-api","slaClass":"bronze","currVersion":"1","upgVersion":null,"deadline":null},{"tenantId":13,"appName":"mt-api","slaClass":"bronze","currVersion":"1","upgVersion":null,"deadline":null}]Seeding the UpgradeplannerDB with Deployments
{"deploymentName":"mt-api-v1","appName":"mt-api","version":"1","slaClass":"bronze","podRequests":871,"podLimits":1300,"tenantRequests":67,"tenantLimits":100,"upgradeTime":90}{"deploymentName":"mt-api-v2","appName":"mt-api","version":"2","slaClass":"bronze","podRequests":0,"podLimits":0,"tenantRequests":67,"tenantLimits":100,"upgradeTime":90}Seeding the application database

> mt-api@0.0.0 clear-db /app
> node ./scripts/db-clear.js

2020-05-22T15:14:55.826Z [mt-api] [32minfo[39m: Connecting to database.
2020-05-22T15:14:55.829Z [mt-api] [32minfo[39m: Connecting to: mongodb://mt-db-s/mt-api
2020-05-22T15:14:55.859Z [mt-api] [33mwarn[39m: Clearing database.
2020-05-22T15:14:55.904Z [mt-api] [32minfo[39m: TenantModel: {"n":0,"ok":1,"deletedCount":0}
2020-05-22T15:14:55.910Z [mt-api] [32minfo[39m: UserModel: {"n":0,"ok":1,"deletedCount":0}
2020-05-22T15:14:55.910Z [mt-api] [33mwarn[39m: Database cleared.
2020-05-22T15:14:55.911Z [mt-api] [32minfo[39m: Disconnecting from database.

> mt-api@0.0.0 seed-db /app
> node ./scripts/db-seed.js

2020-05-22T15:14:57.884Z [mt-api] [32minfo[39m: Connecting to database.
2020-05-22T15:14:57.888Z [mt-api] [32minfo[39m: Connecting to: mongodb://mt-db-s/mt-api
2020-05-22T15:14:57.990Z [mt-api] [33mwarn[39m: Seeding database.
2020-05-22T15:14:58.129Z [mt-api] [33mwarn[39m: Tenants seeded.
2020-05-22T15:14:58.398Z [mt-api] [32minfo[39m: [REGISTER] User created: user-1-1
2020-05-22T15:14:58.401Z [mt-api] [32minfo[39m: [REGISTER] User created: user-2-1
2020-05-22T15:14:58.407Z [mt-api] [32minfo[39m: [REGISTER] User created: user-3-1
2020-05-22T15:14:58.418Z [mt-api] [32minfo[39m: [REGISTER] User created: user-4-1
2020-05-22T15:14:58.558Z [mt-api] [32minfo[39m: [REGISTER] User created: user-5-1
2020-05-22T15:14:58.559Z [mt-api] [32minfo[39m: [REGISTER] User created: user-6-1
2020-05-22T15:14:58.801Z [mt-api] [32minfo[39m: [REGISTER] User created: user-7-1
2020-05-22T15:14:58.831Z [mt-api] [32minfo[39m: [REGISTER] User created: user-8-1
2020-05-22T15:14:58.838Z [mt-api] [32minfo[39m: [REGISTER] User created: user-10-1
2020-05-22T15:14:58.840Z [mt-api] [32minfo[39m: [REGISTER] User created: user-9-1
2020-05-22T15:14:58.934Z [mt-api] [32minfo[39m: [REGISTER] User created: user-12-1
2020-05-22T15:14:59.029Z [mt-api] [32minfo[39m: [REGISTER] User created: user-11-1
2020-05-22T15:14:59.054Z [mt-api] [32minfo[39m: [REGISTER] User created: user-13-1
2020-05-22T15:14:59.066Z [mt-api] [33mwarn[39m: Users seeded.
2020-05-22T15:14:59.067Z [mt-api] [32minfo[39m: Disconnecting from database.
Incremental stress testing
upgrade-users.json
Starting scalar script
Starting upgrade
[{"tenantId":1,"appName":"mt-api","slaClass":"bronze","currVersion":"1","upgVersion":"2","deadline":"15:15:34"},{"tenantId":2,"appName":"mt-api","slaClass":"bronze","currVersion":"1","upgVersion":"2","deadline":"15:15:54"},{"tenantId":3,"appName":"mt-api","slaClass":"bronze","currVersion":"1","upgVersion":"2","deadline":"15:16:14"},{"tenantId":4,"appName":"mt-api","slaClass":"bronze","currVersion":"1","upgVersion":"2","deadline":"15:16:34"},{"tenantId":5,"appName":"mt-api","slaClass":"bronze","currVersion":"1","upgVersion":"2","deadline":"15:16:54"},{"tenantId":6,"appName":"mt-api","slaClass":"bronze","currVersion":"1","upgVersion":"2","deadline":"15:17:14"},{"tenantId":7,"appName":"mt-api","slaClass":"bronze","currVersion":"1","upgVersion":"2","deadline":"15:17:34"},{"tenantId":8,"appName":"mt-api","slaClass":"bronze","currVersion":"1","upgVersion":"2","deadline":"15:17:54"},{"tenantId":9,"appName":"mt-api","slaClass":"bronze","currVersion":"1","upgVersion":"2","deadline":"15:18:14"},{"tenantId":10,"appName":"mt-api","slaClass":"bronze","currVersion":"1","upgVersion":"2","deadline":"15:18:34"},{"tenantId":11,"appName":"mt-api","slaClass":"bronze","currVersion":"1","upgVersion":"2","deadline":"15:18:54"},{"tenantId":12,"appName":"mt-api","slaClass":"bronze","currVersion":"1","upgVersion":"2","deadline":"15:19:14"},{"tenantId":13,"appName":"mt-api","slaClass":"bronze","currVersion":"1","upgVersion":"2","deadline":"15:19:34"}]15:38:56 -- Experiment script is over
