12:25:23 **-- Starting Experiment 2: Latency, with high workload for 125 seconds
Seeding the UpgradeplannerDB with tenants
[{"tenantId":1,"appName":"mt-api","slaClass":"bronze","currVersion":"1","upgVersion":null,"deadline":null},{"tenantId":2,"appName":"mt-api","slaClass":"bronze","currVersion":"1","upgVersion":null,"deadline":null},{"tenantId":3,"appName":"mt-api","slaClass":"bronze","currVersion":"1","upgVersion":null,"deadline":null},{"tenantId":4,"appName":"mt-api","slaClass":"bronze","currVersion":"1","upgVersion":null,"deadline":null},{"tenantId":5,"appName":"mt-api","slaClass":"bronze","currVersion":"1","upgVersion":null,"deadline":null},{"tenantId":6,"appName":"mt-api","slaClass":"bronze","currVersion":"1","upgVersion":null,"deadline":null},{"tenantId":7,"appName":"mt-api","slaClass":"bronze","currVersion":"1","upgVersion":null,"deadline":null},{"tenantId":8,"appName":"mt-api","slaClass":"bronze","currVersion":"1","upgVersion":null,"deadline":null},{"tenantId":9,"appName":"mt-api","slaClass":"bronze","currVersion":"1","upgVersion":null,"deadline":null},{"tenantId":10,"appName":"mt-api","slaClass":"bronze","currVersion":"1","upgVersion":null,"deadline":null},{"tenantId":11,"appName":"mt-api","slaClass":"bronze","currVersion":"1","upgVersion":null,"deadline":null},{"tenantId":12,"appName":"mt-api","slaClass":"bronze","currVersion":"1","upgVersion":null,"deadline":null},{"tenantId":13,"appName":"mt-api","slaClass":"bronze","currVersion":"1","upgVersion":null,"deadline":null}]Seeding the UpgradeplannerDB with Deployments
{"deploymentName":"mt-api-v1","appName":"mt-api","version":"1","slaClass":"bronze","podRequests":871,"podLimits":1300,"tenantRequests":67,"tenantLimits":100,"upgradeTime":90}{"deploymentName":"mt-api-v2","appName":"mt-api","version":"2","slaClass":"bronze","podRequests":0,"podLimits":0,"tenantRequests":67,"tenantLimits":100,"upgradeTime":90}Seeding the application database

> mt-api@0.0.0 clear-db /app
> node ./scripts/db-clear.js

2020-05-23T12:25:26.554Z [mt-api] [32minfo[39m: Connecting to database.
2020-05-23T12:25:26.558Z [mt-api] [32minfo[39m: Connecting to: mongodb://mt-db-s/mt-api
2020-05-23T12:25:26.592Z [mt-api] [33mwarn[39m: Clearing database.
2020-05-23T12:25:26.672Z [mt-api] [32minfo[39m: TenantModel: {"n":0,"ok":1,"deletedCount":0}
2020-05-23T12:25:26.679Z [mt-api] [32minfo[39m: UserModel: {"n":0,"ok":1,"deletedCount":0}
2020-05-23T12:25:26.680Z [mt-api] [33mwarn[39m: Database cleared.
2020-05-23T12:25:26.681Z [mt-api] [32minfo[39m: Disconnecting from database.

> mt-api@0.0.0 seed-db /app
> node ./scripts/db-seed.js

2020-05-23T12:25:28.198Z [mt-api] [32minfo[39m: Connecting to database.
2020-05-23T12:25:28.203Z [mt-api] [32minfo[39m: Connecting to: mongodb://mt-db-s/mt-api
2020-05-23T12:25:28.300Z [mt-api] [33mwarn[39m: Seeding database.
2020-05-23T12:25:28.450Z [mt-api] [33mwarn[39m: Tenants seeded.
2020-05-23T12:25:28.699Z [mt-api] [32minfo[39m: [REGISTER] User created: user-1-1
2020-05-23T12:25:28.739Z [mt-api] [32minfo[39m: [REGISTER] User created: user-4-1
2020-05-23T12:25:28.827Z [mt-api] [32minfo[39m: [REGISTER] User created: user-3-1
2020-05-23T12:25:28.848Z [mt-api] [32minfo[39m: [REGISTER] User created: user-2-1
2020-05-23T12:25:29.035Z [mt-api] [32minfo[39m: [REGISTER] User created: user-6-1
2020-05-23T12:25:29.055Z [mt-api] [32minfo[39m: [REGISTER] User created: user-5-1
2020-05-23T12:25:29.304Z [mt-api] [32minfo[39m: [REGISTER] User created: user-8-1
2020-05-23T12:25:29.338Z [mt-api] [32minfo[39m: [REGISTER] User created: user-7-1
2020-05-23T12:25:29.441Z [mt-api] [32minfo[39m: [REGISTER] User created: user-9-1
2020-05-23T12:25:29.526Z [mt-api] [32minfo[39m: [REGISTER] User created: user-10-1
2020-05-23T12:25:29.661Z [mt-api] [32minfo[39m: [REGISTER] User created: user-13-1
2020-05-23T12:25:29.731Z [mt-api] [32minfo[39m: [REGISTER] User created: user-12-1
2020-05-23T12:25:29.750Z [mt-api] [32minfo[39m: [REGISTER] User created: user-11-1
2020-05-23T12:25:29.759Z [mt-api] [33mwarn[39m: Users seeded.
2020-05-23T12:25:29.761Z [mt-api] [32minfo[39m: Disconnecting from database.
Group stress testing
Starting scalar script
Starting upgrade
[{"tenantId":1,"appName":"mt-api","slaClass":"bronze","currVersion":"1","upgVersion":"2","deadline":"12:25:50"},{"tenantId":2,"appName":"mt-api","slaClass":"bronze","currVersion":"1","upgVersion":"2","deadline":"12:25:50"},{"tenantId":3,"appName":"mt-api","slaClass":"bronze","currVersion":"1","upgVersion":"2","deadline":"12:25:50"},{"tenantId":4,"appName":"mt-api","slaClass":"bronze","currVersion":"1","upgVersion":"2","deadline":"12:25:50"},{"tenantId":5,"appName":"mt-api","slaClass":"bronze","currVersion":"1","upgVersion":"2","deadline":"12:25:50"},{"tenantId":6,"appName":"mt-api","slaClass":"bronze","currVersion":"1","upgVersion":"2","deadline":"12:25:50"},{"tenantId":7,"appName":"mt-api","slaClass":"bronze","currVersion":"1","upgVersion":"2","deadline":"12:25:50"},{"tenantId":8,"appName":"mt-api","slaClass":"bronze","currVersion":"1","upgVersion":"2","deadline":"12:25:50"},{"tenantId":9,"appName":"mt-api","slaClass":"bronze","currVersion":"1","upgVersion":"2","deadline":"12:25:50"},{"tenantId":10,"appName":"mt-api","slaClass":"bronze","currVersion":"1","upgVersion":"2","deadline":"12:25:50"},{"tenantId":11,"appName":"mt-api","slaClass":"bronze","currVersion":"1","upgVersion":"2","deadline":"12:25:50"},{"tenantId":12,"appName":"mt-api","slaClass":"bronze","currVersion":"1","upgVersion":"2","deadline":"12:25:50"},{"tenantId":13,"appName":"mt-api","slaClass":"bronze","currVersion":"1","upgVersion":"2","deadline":"12:25:50"}]
12:27:38 -- Experiment script is over
