16:55:22 **-- Starting Experiment 1: Usage, Surge with AVG workload
Seeding the UpgradeplannerDB with tenants
[{"tenantId":1,"appName":"mt-api","slaClass":"bronze","currVersion":"1","upgVersion":null,"deadline":null},{"tenantId":2,"appName":"mt-api","slaClass":"bronze","currVersion":"1","upgVersion":null,"deadline":null},{"tenantId":3,"appName":"mt-api","slaClass":"bronze","currVersion":"1","upgVersion":null,"deadline":null},{"tenantId":4,"appName":"mt-api","slaClass":"bronze","currVersion":"1","upgVersion":null,"deadline":null},{"tenantId":5,"appName":"mt-api","slaClass":"bronze","currVersion":"1","upgVersion":null,"deadline":null},{"tenantId":6,"appName":"mt-api","slaClass":"bronze","currVersion":"1","upgVersion":null,"deadline":null},{"tenantId":7,"appName":"mt-api","slaClass":"bronze","currVersion":"1","upgVersion":null,"deadline":null},{"tenantId":8,"appName":"mt-api","slaClass":"bronze","currVersion":"1","upgVersion":null,"deadline":null},{"tenantId":9,"appName":"mt-api","slaClass":"bronze","currVersion":"1","upgVersion":null,"deadline":null},{"tenantId":10,"appName":"mt-api","slaClass":"bronze","currVersion":"1","upgVersion":null,"deadline":null},{"tenantId":11,"appName":"mt-api","slaClass":"bronze","currVersion":"1","upgVersion":null,"deadline":null},{"tenantId":12,"appName":"mt-api","slaClass":"bronze","currVersion":"1","upgVersion":null,"deadline":null},{"tenantId":13,"appName":"mt-api","slaClass":"bronze","currVersion":"1","upgVersion":null,"deadline":null}]Seeding the UpgradeplannerDB with Deployments
{"deploymentName":"mt-api-v1","appName":"mt-api","version":"1","slaClass":"bronze","podRequests":871,"podLimits":1300,"tenantRequests":67,"tenantLimits":100,"upgradeTime":90}{"deploymentName":"mt-api-v2","appName":"mt-api","version":"2","slaClass":"bronze","podRequests":0,"podLimits":0,"tenantRequests":67,"tenantLimits":100,"upgradeTime":90}Seeding the application database

> mt-api@0.0.0 clear-db /app
> node ./scripts/db-clear.js

2020-05-22T16:55:26.456Z [mt-api] [32minfo[39m: Connecting to database.
2020-05-22T16:55:26.461Z [mt-api] [32minfo[39m: Connecting to: mongodb://mt-db-s/mt-api
2020-05-22T16:55:26.502Z [mt-api] [33mwarn[39m: Clearing database.
2020-05-22T16:55:26.571Z [mt-api] [32minfo[39m: TenantModel: {"n":0,"ok":1,"deletedCount":0}
2020-05-22T16:55:26.579Z [mt-api] [32minfo[39m: UserModel: {"n":0,"ok":1,"deletedCount":0}
2020-05-22T16:55:26.580Z [mt-api] [33mwarn[39m: Database cleared.
2020-05-22T16:55:26.580Z [mt-api] [32minfo[39m: Disconnecting from database.

> mt-api@0.0.0 seed-db /app
> node ./scripts/db-seed.js

2020-05-22T16:55:28.050Z [mt-api] [32minfo[39m: Connecting to database.
2020-05-22T16:55:28.054Z [mt-api] [32minfo[39m: Connecting to: mongodb://mt-db-s/mt-api
2020-05-22T16:55:28.154Z [mt-api] [33mwarn[39m: Seeding database.
2020-05-22T16:55:28.287Z [mt-api] [33mwarn[39m: Tenants seeded.
2020-05-22T16:55:28.698Z [mt-api] [32minfo[39m: [REGISTER] User created: user-1-1
2020-05-22T16:55:28.765Z [mt-api] [32minfo[39m: [REGISTER] User created: user-3-1
2020-05-22T16:55:28.816Z [mt-api] [32minfo[39m: [REGISTER] User created: user-2-1
2020-05-22T16:55:28.818Z [mt-api] [32minfo[39m: [REGISTER] User created: user-4-1
2020-05-22T16:55:29.064Z [mt-api] [32minfo[39m: [REGISTER] User created: user-8-1
2020-05-22T16:55:29.109Z [mt-api] [32minfo[39m: [REGISTER] User created: user-7-1
2020-05-22T16:55:29.165Z [mt-api] [32minfo[39m: [REGISTER] User created: user-5-1
2020-05-22T16:55:29.204Z [mt-api] [32minfo[39m: [REGISTER] User created: user-6-1
2020-05-22T16:55:29.535Z [mt-api] [32minfo[39m: [REGISTER] User created: user-11-1
2020-05-22T16:55:29.561Z [mt-api] [32minfo[39m: [REGISTER] User created: user-9-1
2020-05-22T16:55:29.600Z [mt-api] [32minfo[39m: [REGISTER] User created: user-12-1
2020-05-22T16:55:29.606Z [mt-api] [32minfo[39m: [REGISTER] User created: user-10-1
2020-05-22T16:55:29.731Z [mt-api] [32minfo[39m: [REGISTER] User created: user-13-1
2020-05-22T16:55:29.751Z [mt-api] [33mwarn[39m: Users seeded.
2020-05-22T16:55:29.752Z [mt-api] [32minfo[39m: Disconnecting from database.
Incremental stress testing
upgrade-users.json
Starting scalar script
Starting upgrade
[{"tenantId":1,"appName":"mt-api","slaClass":"bronze","currVersion":"1","upgVersion":"2","deadline":"16:56:05"},{"tenantId":2,"appName":"mt-api","slaClass":"bronze","currVersion":"1","upgVersion":"2","deadline":"16:56:25"},{"tenantId":3,"appName":"mt-api","slaClass":"bronze","currVersion":"1","upgVersion":"2","deadline":"16:56:45"},{"tenantId":4,"appName":"mt-api","slaClass":"bronze","currVersion":"1","upgVersion":"2","deadline":"16:57:05"},{"tenantId":5,"appName":"mt-api","slaClass":"bronze","currVersion":"1","upgVersion":"2","deadline":"16:57:25"},{"tenantId":6,"appName":"mt-api","slaClass":"bronze","currVersion":"1","upgVersion":"2","deadline":"16:57:45"},{"tenantId":7,"appName":"mt-api","slaClass":"bronze","currVersion":"1","upgVersion":"2","deadline":"16:58:05"},{"tenantId":8,"appName":"mt-api","slaClass":"bronze","currVersion":"1","upgVersion":"2","deadline":"16:58:25"},{"tenantId":9,"appName":"mt-api","slaClass":"bronze","currVersion":"1","upgVersion":"2","deadline":"16:58:45"},{"tenantId":10,"appName":"mt-api","slaClass":"bronze","currVersion":"1","upgVersion":"2","deadline":"16:59:05"},{"tenantId":11,"appName":"mt-api","slaClass":"bronze","currVersion":"1","upgVersion":"2","deadline":"16:59:25"},{"tenantId":12,"appName":"mt-api","slaClass":"bronze","currVersion":"1","upgVersion":"2","deadline":"16:59:45"},{"tenantId":13,"appName":"mt-api","slaClass":"bronze","currVersion":"1","upgVersion":"2","deadline":"17:00:05"}]17:19:27 -- Experiment script is over
