23:21:35 **-- Starting Experiment 2: Latency, with high workload for  seconds
Seeding the UpgradeplannerDB with tenants
[{"tenantId":1,"appName":"mt-api","slaClass":"bronze","currVersion":"1","upgVersion":null,"deadline":null},{"tenantId":2,"appName":"mt-api","slaClass":"bronze","currVersion":"1","upgVersion":null,"deadline":null},{"tenantId":3,"appName":"mt-api","slaClass":"bronze","currVersion":"1","upgVersion":null,"deadline":null},{"tenantId":4,"appName":"mt-api","slaClass":"bronze","currVersion":"1","upgVersion":null,"deadline":null},{"tenantId":5,"appName":"mt-api","slaClass":"bronze","currVersion":"1","upgVersion":null,"deadline":null},{"tenantId":6,"appName":"mt-api","slaClass":"bronze","currVersion":"1","upgVersion":null,"deadline":null},{"tenantId":7,"appName":"mt-api","slaClass":"bronze","currVersion":"1","upgVersion":null,"deadline":null},{"tenantId":8,"appName":"mt-api","slaClass":"bronze","currVersion":"1","upgVersion":null,"deadline":null},{"tenantId":9,"appName":"mt-api","slaClass":"bronze","currVersion":"1","upgVersion":null,"deadline":null},{"tenantId":10,"appName":"mt-api","slaClass":"bronze","currVersion":"1","upgVersion":null,"deadline":null},{"tenantId":11,"appName":"mt-api","slaClass":"bronze","currVersion":"1","upgVersion":null,"deadline":null},{"tenantId":12,"appName":"mt-api","slaClass":"bronze","currVersion":"1","upgVersion":null,"deadline":null},{"tenantId":13,"appName":"mt-api","slaClass":"bronze","currVersion":"1","upgVersion":null,"deadline":null}]Seeding the UpgradeplannerDB with Deployments
{"deploymentName":"mt-api-v1","appName":"mt-api","version":"1","slaClass":"bronze","podRequests":871,"podLimits":1300,"tenantRequests":67,"tenantLimits":100,"upgradeTime":90}{"deploymentName":"mt-api-v2","appName":"mt-api","version":"2","slaClass":"bronze","podRequests":0,"podLimits":0,"tenantRequests":67,"tenantLimits":100,"upgradeTime":90}Seeding the application database

> mt-api@0.0.0 clear-db /app
> node ./scripts/db-clear.js

2020-05-25T23:21:39.357Z [mt-api] [32minfo[39m: Connecting to database.
2020-05-25T23:21:39.362Z [mt-api] [32minfo[39m: Connecting to: mongodb://mt-db-s/mt-api
2020-05-25T23:21:39.398Z [mt-api] [33mwarn[39m: Clearing database.
2020-05-25T23:21:39.446Z [mt-api] [32minfo[39m: TenantModel: {"n":0,"ok":1,"deletedCount":0}
2020-05-25T23:21:39.453Z [mt-api] [32minfo[39m: UserModel: {"n":0,"ok":1,"deletedCount":0}
2020-05-25T23:21:39.453Z [mt-api] [33mwarn[39m: Database cleared.
2020-05-25T23:21:39.454Z [mt-api] [32minfo[39m: Disconnecting from database.

> mt-api@0.0.0 seed-db /app
> node ./scripts/db-seed.js

2020-05-25T23:21:41.211Z [mt-api] [32minfo[39m: Connecting to database.
2020-05-25T23:21:41.216Z [mt-api] [32minfo[39m: Connecting to: mongodb://mt-db-s/mt-api
2020-05-25T23:21:41.307Z [mt-api] [33mwarn[39m: Seeding database.
2020-05-25T23:21:41.462Z [mt-api] [33mwarn[39m: Tenants seeded.
2020-05-25T23:21:41.698Z [mt-api] [32minfo[39m: [REGISTER] User created: user-2-1
2020-05-25T23:21:41.914Z [mt-api] [32minfo[39m: [REGISTER] User created: user-5-1
2020-05-25T23:21:42.062Z [mt-api] [32minfo[39m: [REGISTER] User created: user-1-1
2020-05-25T23:21:42.064Z [mt-api] [32minfo[39m: [REGISTER] User created: user-3-1
2020-05-25T23:21:42.149Z [mt-api] [32minfo[39m: [REGISTER] User created: user-6-1
2020-05-25T23:21:42.164Z [mt-api] [32minfo[39m: [REGISTER] User created: user-4-1
2020-05-25T23:21:42.262Z [mt-api] [32minfo[39m: [REGISTER] User created: user-9-1
2020-05-25T23:21:42.515Z [mt-api] [32minfo[39m: [REGISTER] User created: user-11-1
2020-05-25T23:21:42.618Z [mt-api] [32minfo[39m: [REGISTER] User created: user-8-1
2020-05-25T23:21:42.647Z [mt-api] [32minfo[39m: [REGISTER] User created: user-7-1
2020-05-25T23:21:42.649Z [mt-api] [32minfo[39m: [REGISTER] User created: user-10-1
2020-05-25T23:21:42.735Z [mt-api] [32minfo[39m: [REGISTER] User created: user-12-1
2020-05-25T23:21:42.771Z [mt-api] [32minfo[39m: [REGISTER] User created: user-13-1
2020-05-25T23:21:42.815Z [mt-api] [33mwarn[39m: Users seeded.
2020-05-25T23:21:42.816Z [mt-api] [32minfo[39m: Disconnecting from database.
Single increment stress testing
23:21:45 -- Starting scalar script
23:21:45 --Starting upgrade
[{"tenantId":1,"appName":"mt-api","slaClass":"bronze","currVersion":"1","upgVersion":"2","deadline":"23:21:51"}]23:24:01 -- Experiment script is over
