13:13:53 **-- Starting Experiment 1: Usage, Surge with AVG workload
Seeding the UpgradeplannerDB with tenants
[{"tenantId":1,"appName":"mt-api","slaClass":"bronze","currVersion":"1","upgVersion":null,"deadline":null},{"tenantId":2,"appName":"mt-api","slaClass":"bronze","currVersion":"1","upgVersion":null,"deadline":null},{"tenantId":3,"appName":"mt-api","slaClass":"bronze","currVersion":"1","upgVersion":null,"deadline":null},{"tenantId":4,"appName":"mt-api","slaClass":"bronze","currVersion":"1","upgVersion":null,"deadline":null},{"tenantId":5,"appName":"mt-api","slaClass":"bronze","currVersion":"1","upgVersion":null,"deadline":null},{"tenantId":6,"appName":"mt-api","slaClass":"bronze","currVersion":"1","upgVersion":null,"deadline":null},{"tenantId":7,"appName":"mt-api","slaClass":"bronze","currVersion":"1","upgVersion":null,"deadline":null},{"tenantId":8,"appName":"mt-api","slaClass":"bronze","currVersion":"1","upgVersion":null,"deadline":null},{"tenantId":9,"appName":"mt-api","slaClass":"bronze","currVersion":"1","upgVersion":null,"deadline":null},{"tenantId":10,"appName":"mt-api","slaClass":"bronze","currVersion":"1","upgVersion":null,"deadline":null},{"tenantId":11,"appName":"mt-api","slaClass":"bronze","currVersion":"1","upgVersion":null,"deadline":null},{"tenantId":12,"appName":"mt-api","slaClass":"bronze","currVersion":"1","upgVersion":null,"deadline":null},{"tenantId":13,"appName":"mt-api","slaClass":"bronze","currVersion":"1","upgVersion":null,"deadline":null}]13:13:53 -- Seeding the UpgradeplannerDB with Deployments
{"deploymentName":"mt-api-v1","appName":"mt-api","version":"1","slaClass":"bronze","podRequests":871,"podLimits":1300,"tenantRequests":67,"tenantLimits":100,"upgradeTime":90}{"deploymentName":"mt-api-v2","appName":"mt-api","version":"2","slaClass":"bronze","podRequests":0,"podLimits":0,"tenantRequests":67,"tenantLimits":100,"upgradeTime":90}13:13:55 -- Seeding the application database

> mt-api@0.0.0 clear-db /app
> node ./scripts/db-clear.js

2020-05-25T13:13:56.836Z [mt-api] [32minfo[39m: Connecting to database.
2020-05-25T13:13:56.841Z [mt-api] [32minfo[39m: Connecting to: mongodb://mt-db-s/mt-api
2020-05-25T13:13:56.881Z [mt-api] [33mwarn[39m: Clearing database.
2020-05-25T13:13:56.933Z [mt-api] [32minfo[39m: TenantModel: {"n":0,"ok":1,"deletedCount":0}
2020-05-25T13:13:56.950Z [mt-api] [32minfo[39m: UserModel: {"n":0,"ok":1,"deletedCount":0}
2020-05-25T13:13:56.950Z [mt-api] [33mwarn[39m: Database cleared.
2020-05-25T13:13:56.951Z [mt-api] [32minfo[39m: Disconnecting from database.

> mt-api@0.0.0 seed-db /app
> node ./scripts/db-seed.js

2020-05-25T13:13:58.511Z [mt-api] [32minfo[39m: Connecting to database.
2020-05-25T13:13:58.514Z [mt-api] [32minfo[39m: Connecting to: mongodb://mt-db-s/mt-api
2020-05-25T13:13:58.582Z [mt-api] [33mwarn[39m: Seeding database.
2020-05-25T13:13:58.711Z [mt-api] [33mwarn[39m: Tenants seeded.
2020-05-25T13:13:58.898Z [mt-api] [32minfo[39m: [REGISTER] User created: user-3-1
2020-05-25T13:13:58.998Z [mt-api] [32minfo[39m: [REGISTER] User created: user-5-1
2020-05-25T13:13:59.021Z [mt-api] [32minfo[39m: [REGISTER] User created: user-1-1
2020-05-25T13:13:59.037Z [mt-api] [32minfo[39m: [REGISTER] User created: user-2-1
2020-05-25T13:13:59.045Z [mt-api] [32minfo[39m: [REGISTER] User created: user-4-1
2020-05-25T13:13:59.162Z [mt-api] [32minfo[39m: [REGISTER] User created: user-6-1
2020-05-25T13:13:59.421Z [mt-api] [32minfo[39m: [REGISTER] User created: user-10-1
2020-05-25T13:13:59.515Z [mt-api] [32minfo[39m: [REGISTER] User created: user-7-1
2020-05-25T13:13:59.535Z [mt-api] [32minfo[39m: [REGISTER] User created: user-8-1
2020-05-25T13:13:59.540Z [mt-api] [32minfo[39m: [REGISTER] User created: user-9-1
2020-05-25T13:13:59.646Z [mt-api] [32minfo[39m: [REGISTER] User created: user-11-1
2020-05-25T13:13:59.736Z [mt-api] [32minfo[39m: [REGISTER] User created: user-12-1
2020-05-25T13:13:59.806Z [mt-api] [32minfo[39m: [REGISTER] User created: user-13-1
2020-05-25T13:13:59.820Z [mt-api] [33mwarn[39m: Users seeded.
2020-05-25T13:13:59.821Z [mt-api] [32minfo[39m: Disconnecting from database.
13:13:59 -- changing experiment files
Incremental stress testing
upgrade-users.json
13:14:02 -- Starting scalar script
13:14:02 -- Starting upgrade
[{"tenantId":1,"appName":"mt-api","slaClass":"bronze","currVersion":"1","upgVersion":"2","deadline":"13:16:23"},{"tenantId":9,"appName":"mt-api","slaClass":"bronze","currVersion":"1","upgVersion":"2","deadline":"13:16:36"},{"tenantId":2,"appName":"mt-api","slaClass":"bronze","currVersion":"1","upgVersion":"2","deadline":"13:16:49"},{"tenantId":10,"appName":"mt-api","slaClass":"bronze","currVersion":"1","upgVersion":"2","deadline":"13:17:02"},{"tenantId":3,"appName":"mt-api","slaClass":"bronze","currVersion":"1","upgVersion":"2","deadline":"13:17:15"},{"tenantId":4,"appName":"mt-api","slaClass":"bronze","currVersion":"1","upgVersion":"2","deadline":"13:17:28"},{"tenantId":11,"appName":"mt-api","slaClass":"bronze","currVersion":"1","upgVersion":"2","deadline":"13:17:41"},{"tenantId":5,"appName":"mt-api","slaClass":"bronze","currVersion":"1","upgVersion":"2","deadline":"13:17:54"},{"tenantId":6,"appName":"mt-api","slaClass":"bronze","currVersion":"1","upgVersion":"2","deadline":"13:18:07"},{"tenantId":12,"appName":"mt-api","slaClass":"bronze","currVersion":"1","upgVersion":"2","deadline":"13:18:20"},{"tenantId":7,"appName":"mt-api","slaClass":"bronze","currVersion":"1","upgVersion":"2","deadline":"13:18:33"},{"tenantId":13,"appName":"mt-api","slaClass":"bronze","currVersion":"1","upgVersion":"2","deadline":"13:18:46"},{"tenantId":8,"appName":"mt-api","slaClass":"bronze","currVersion":"1","upgVersion":"2","deadline":"13:18:59"}]13:43:16 -- Experiment script is over
