11:02:32 **-- Starting Experiment 1: Usage, Surge with AVG workload
Seeding the UpgradeplannerDB with tenants
[{"tenantId":1,"appName":"mt-api","slaClass":"bronze","currVersion":"1","upgVersion":null,"deadline":null},{"tenantId":2,"appName":"mt-api","slaClass":"bronze","currVersion":"1","upgVersion":null,"deadline":null},{"tenantId":3,"appName":"mt-api","slaClass":"bronze","currVersion":"1","upgVersion":null,"deadline":null},{"tenantId":4,"appName":"mt-api","slaClass":"bronze","currVersion":"1","upgVersion":null,"deadline":null},{"tenantId":5,"appName":"mt-api","slaClass":"bronze","currVersion":"1","upgVersion":null,"deadline":null},{"tenantId":6,"appName":"mt-api","slaClass":"bronze","currVersion":"1","upgVersion":null,"deadline":null},{"tenantId":7,"appName":"mt-api","slaClass":"bronze","currVersion":"1","upgVersion":null,"deadline":null},{"tenantId":8,"appName":"mt-api","slaClass":"bronze","currVersion":"1","upgVersion":null,"deadline":null},{"tenantId":9,"appName":"mt-api","slaClass":"bronze","currVersion":"1","upgVersion":null,"deadline":null},{"tenantId":10,"appName":"mt-api","slaClass":"bronze","currVersion":"1","upgVersion":null,"deadline":null},{"tenantId":11,"appName":"mt-api","slaClass":"bronze","currVersion":"1","upgVersion":null,"deadline":null},{"tenantId":12,"appName":"mt-api","slaClass":"bronze","currVersion":"1","upgVersion":null,"deadline":null},{"tenantId":13,"appName":"mt-api","slaClass":"bronze","currVersion":"1","upgVersion":null,"deadline":null}]11:02:33 -- Seeding the UpgradeplannerDB with Deployments
{"deploymentName":"mt-api-v1","appName":"mt-api","version":"1","slaClass":"bronze","podRequests":871,"podLimits":1300,"tenantRequests":67,"tenantLimits":100,"upgradeTime":90}{"deploymentName":"mt-api-v2","appName":"mt-api","version":"2","slaClass":"bronze","podRequests":0,"podLimits":0,"tenantRequests":67,"tenantLimits":100,"upgradeTime":90}11:02:34 -- Seeding the application database

> mt-api@0.0.0 clear-db /app
> node ./scripts/db-clear.js

2020-05-26T11:02:36.602Z [mt-api] [32minfo[39m: Connecting to database.
2020-05-26T11:02:36.607Z [mt-api] [32minfo[39m: Connecting to: mongodb://mt-db-s/mt-api
2020-05-26T11:02:36.647Z [mt-api] [33mwarn[39m: Clearing database.
2020-05-26T11:02:36.727Z [mt-api] [32minfo[39m: TenantModel: {"n":0,"ok":1,"deletedCount":0}
2020-05-26T11:02:36.736Z [mt-api] [32minfo[39m: UserModel: {"n":0,"ok":1,"deletedCount":0}
2020-05-26T11:02:36.737Z [mt-api] [33mwarn[39m: Database cleared.
2020-05-26T11:02:36.738Z [mt-api] [32minfo[39m: Disconnecting from database.

> mt-api@0.0.0 seed-db /app
> node ./scripts/db-seed.js

2020-05-26T11:02:38.469Z [mt-api] [32minfo[39m: Connecting to database.
2020-05-26T11:02:38.474Z [mt-api] [32minfo[39m: Connecting to: mongodb://mt-db-s/mt-api
2020-05-26T11:02:38.557Z [mt-api] [33mwarn[39m: Seeding database.
2020-05-26T11:02:38.683Z [mt-api] [33mwarn[39m: Tenants seeded.
2020-05-26T11:02:38.998Z [mt-api] [32minfo[39m: [REGISTER] User created: user-2-1
2020-05-26T11:02:38.999Z [mt-api] [32minfo[39m: [REGISTER] User created: user-4-1
2020-05-26T11:02:39.005Z [mt-api] [32minfo[39m: [REGISTER] User created: user-3-1
2020-05-26T11:02:39.108Z [mt-api] [32minfo[39m: [REGISTER] User created: user-1-1
2020-05-26T11:02:39.304Z [mt-api] [32minfo[39m: [REGISTER] User created: user-6-1
2020-05-26T11:02:39.337Z [mt-api] [32minfo[39m: [REGISTER] User created: user-5-1
2020-05-26T11:02:39.438Z [mt-api] [32minfo[39m: [REGISTER] User created: user-7-1
2020-05-26T11:02:39.458Z [mt-api] [32minfo[39m: [REGISTER] User created: user-8-1
2020-05-26T11:02:39.598Z [mt-api] [32minfo[39m: [REGISTER] User created: user-9-1
2020-05-26T11:02:39.809Z [mt-api] [32minfo[39m: [REGISTER] User created: user-13-1
2020-05-26T11:02:39.912Z [mt-api] [32minfo[39m: [REGISTER] User created: user-12-1
2020-05-26T11:02:39.932Z [mt-api] [32minfo[39m: [REGISTER] User created: user-10-1
2020-05-26T11:02:39.966Z [mt-api] [32minfo[39m: [REGISTER] User created: user-11-1
2020-05-26T11:02:39.981Z [mt-api] [33mwarn[39m: Users seeded.
2020-05-26T11:02:39.981Z [mt-api] [32minfo[39m: Disconnecting from database.
11:02:40 -- changing experiment files
Group stress testing
11:02:43 -- Starting scalar script
11:02:43 -- Starting upgrade
[{"tenantId":1,"appName":"mt-api","slaClass":"bronze","currVersion":"1","upgVersion":"2","deadline":"11:05:40"},{"tenantId":9,"appName":"mt-api","slaClass":"bronze","currVersion":"1","upgVersion":"2","deadline":"11:05:40"},{"tenantId":2,"appName":"mt-api","slaClass":"bronze","currVersion":"1","upgVersion":"2","deadline":"11:05:40"},{"tenantId":10,"appName":"mt-api","slaClass":"bronze","currVersion":"1","upgVersion":"2","deadline":"11:05:40"},{"tenantId":3,"appName":"mt-api","slaClass":"bronze","currVersion":"1","upgVersion":"2","deadline":"11:05:40"},{"tenantId":4,"appName":"mt-api","slaClass":"bronze","currVersion":"1","upgVersion":"2","deadline":"11:05:40"},{"tenantId":11,"appName":"mt-api","slaClass":"bronze","currVersion":"1","upgVersion":"2","deadline":"11:05:40"},{"tenantId":5,"appName":"mt-api","slaClass":"bronze","currVersion":"1","upgVersion":"2","deadline":"11:05:40"},{"tenantId":12,"appName":"mt-api","slaClass":"bronze","currVersion":"1","upgVersion":"2","deadline":"11:05:40"},{"tenantId":7,"appName":"mt-api","slaClass":"bronze","currVersion":"1","upgVersion":"2","deadline":"11:05:40"},{"tenantId":13,"appName":"mt-api","slaClass":"bronze","currVersion":"1","upgVersion":"2","deadline":"11:05:40"},{"tenantId":8,"appName":"mt-api","slaClass":"bronze","currVersion":"1","upgVersion":"2","deadline":"11:05:40"}]11:08:44 -- Experiment script is over
