13:51:41 **-- Starting Experiment 1: Usage, Surge with AVG workload
Seeding the UpgradeplannerDB with tenants
[{"tenantId":1,"appName":"mt-api","slaClass":"bronze","currVersion":"1","upgVersion":null,"deadline":null},{"tenantId":2,"appName":"mt-api","slaClass":"bronze","currVersion":"1","upgVersion":null,"deadline":null},{"tenantId":3,"appName":"mt-api","slaClass":"bronze","currVersion":"1","upgVersion":null,"deadline":null},{"tenantId":4,"appName":"mt-api","slaClass":"bronze","currVersion":"1","upgVersion":null,"deadline":null},{"tenantId":5,"appName":"mt-api","slaClass":"bronze","currVersion":"1","upgVersion":null,"deadline":null},{"tenantId":6,"appName":"mt-api","slaClass":"bronze","currVersion":"1","upgVersion":null,"deadline":null},{"tenantId":7,"appName":"mt-api","slaClass":"bronze","currVersion":"1","upgVersion":null,"deadline":null},{"tenantId":8,"appName":"mt-api","slaClass":"bronze","currVersion":"1","upgVersion":null,"deadline":null},{"tenantId":9,"appName":"mt-api","slaClass":"bronze","currVersion":"1","upgVersion":null,"deadline":null},{"tenantId":10,"appName":"mt-api","slaClass":"bronze","currVersion":"1","upgVersion":null,"deadline":null},{"tenantId":11,"appName":"mt-api","slaClass":"bronze","currVersion":"1","upgVersion":null,"deadline":null},{"tenantId":12,"appName":"mt-api","slaClass":"bronze","currVersion":"1","upgVersion":null,"deadline":null},{"tenantId":13,"appName":"mt-api","slaClass":"bronze","currVersion":"1","upgVersion":null,"deadline":null}]13:51:42 -- Seeding the UpgradeplannerDB with Deployments
{"deploymentName":"mt-api-v1","appName":"mt-api","version":"1","slaClass":"bronze","podRequests":871,"podLimits":1300,"tenantRequests":67,"tenantLimits":100,"upgradeTime":90}{"deploymentName":"mt-api-v2","appName":"mt-api","version":"2","slaClass":"bronze","podRequests":0,"podLimits":0,"tenantRequests":67,"tenantLimits":100,"upgradeTime":90}13:51:43 -- Seeding the application database

> mt-api@0.0.0 clear-db /app
> node ./scripts/db-clear.js

2020-05-25T13:51:44.991Z [mt-api] [32minfo[39m: Connecting to database.
2020-05-25T13:51:44.995Z [mt-api] [32minfo[39m: Connecting to: mongodb://mt-db-s/mt-api
2020-05-25T13:51:45.028Z [mt-api] [33mwarn[39m: Clearing database.
2020-05-25T13:51:45.079Z [mt-api] [32minfo[39m: TenantModel: {"n":0,"ok":1,"deletedCount":0}
2020-05-25T13:51:45.109Z [mt-api] [32minfo[39m: UserModel: {"n":0,"ok":1,"deletedCount":0}
2020-05-25T13:51:45.110Z [mt-api] [33mwarn[39m: Database cleared.
2020-05-25T13:51:45.111Z [mt-api] [32minfo[39m: Disconnecting from database.

> mt-api@0.0.0 seed-db /app
> node ./scripts/db-seed.js

2020-05-25T13:51:46.544Z [mt-api] [32minfo[39m: Connecting to database.
2020-05-25T13:51:46.548Z [mt-api] [32minfo[39m: Connecting to: mongodb://mt-db-s/mt-api
2020-05-25T13:51:46.663Z [mt-api] [33mwarn[39m: Seeding database.
2020-05-25T13:51:46.846Z [mt-api] [33mwarn[39m: Tenants seeded.
2020-05-25T13:51:47.254Z [mt-api] [32minfo[39m: [REGISTER] User created: user-1-1
2020-05-25T13:51:47.297Z [mt-api] [32minfo[39m: [REGISTER] User created: user-2-1
2020-05-25T13:51:47.329Z [mt-api] [32minfo[39m: [REGISTER] User created: user-3-1
2020-05-25T13:51:47.442Z [mt-api] [32minfo[39m: [REGISTER] User created: user-4-1
2020-05-25T13:51:47.546Z [mt-api] [32minfo[39m: [REGISTER] User created: user-5-1
2020-05-25T13:51:47.636Z [mt-api] [32minfo[39m: [REGISTER] User created: user-8-1
2020-05-25T13:51:47.752Z [mt-api] [32minfo[39m: [REGISTER] User created: user-6-1
2020-05-25T13:51:47.804Z [mt-api] [32minfo[39m: [REGISTER] User created: user-7-1
2020-05-25T13:51:47.944Z [mt-api] [32minfo[39m: [REGISTER] User created: user-9-1
2020-05-25T13:51:48.048Z [mt-api] [32minfo[39m: [REGISTER] User created: user-10-1
2020-05-25T13:51:48.129Z [mt-api] [32minfo[39m: [REGISTER] User created: user-11-1
2020-05-25T13:51:48.147Z [mt-api] [32minfo[39m: [REGISTER] User created: user-12-1
2020-05-25T13:51:48.226Z [mt-api] [32minfo[39m: [REGISTER] User created: user-13-1
2020-05-25T13:51:48.236Z [mt-api] [33mwarn[39m: Users seeded.
2020-05-25T13:51:48.237Z [mt-api] [32minfo[39m: Disconnecting from database.
13:51:48 -- changing experiment files
Incremental stress testing
upgrade-users.json
13:51:51 -- Starting scalar script
13:51:51 -- Starting upgrade
[{"tenantId":1,"appName":"mt-api","slaClass":"bronze","currVersion":"1","upgVersion":"2","deadline":"13:54:12"},{"tenantId":9,"appName":"mt-api","slaClass":"bronze","currVersion":"1","upgVersion":"2","deadline":"13:54:25"},{"tenantId":2,"appName":"mt-api","slaClass":"bronze","currVersion":"1","upgVersion":"2","deadline":"13:54:38"},{"tenantId":10,"appName":"mt-api","slaClass":"bronze","currVersion":"1","upgVersion":"2","deadline":"13:54:51"},{"tenantId":3,"appName":"mt-api","slaClass":"bronze","currVersion":"1","upgVersion":"2","deadline":"13:55:04"},{"tenantId":4,"appName":"mt-api","slaClass":"bronze","currVersion":"1","upgVersion":"2","deadline":"13:55:17"},{"tenantId":11,"appName":"mt-api","slaClass":"bronze","currVersion":"1","upgVersion":"2","deadline":"13:55:30"},{"tenantId":5,"appName":"mt-api","slaClass":"bronze","currVersion":"1","upgVersion":"2","deadline":"13:55:43"},{"tenantId":6,"appName":"mt-api","slaClass":"bronze","currVersion":"1","upgVersion":"2","deadline":"13:55:56"},{"tenantId":12,"appName":"mt-api","slaClass":"bronze","currVersion":"1","upgVersion":"2","deadline":"13:56:09"},{"tenantId":7,"appName":"mt-api","slaClass":"bronze","currVersion":"1","upgVersion":"2","deadline":"13:56:22"},{"tenantId":13,"appName":"mt-api","slaClass":"bronze","currVersion":"1","upgVersion":"2","deadline":"13:56:35"},{"tenantId":8,"appName":"mt-api","slaClass":"bronze","currVersion":"1","upgVersion":"2","deadline":"13:56:48"}]14:21:06 -- Experiment script is over
