18:36:13 **-- Starting Experiment 1: Usage, Surge with AVG workload
Seeding the UpgradeplannerDB with tenants
[{"tenantId":1,"appName":"mt-api","slaClass":"bronze","currVersion":"1","upgVersion":null,"deadline":null},{"tenantId":2,"appName":"mt-api","slaClass":"bronze","currVersion":"1","upgVersion":null,"deadline":null},{"tenantId":3,"appName":"mt-api","slaClass":"bronze","currVersion":"1","upgVersion":null,"deadline":null},{"tenantId":4,"appName":"mt-api","slaClass":"bronze","currVersion":"1","upgVersion":null,"deadline":null},{"tenantId":5,"appName":"mt-api","slaClass":"bronze","currVersion":"1","upgVersion":null,"deadline":null},{"tenantId":6,"appName":"mt-api","slaClass":"bronze","currVersion":"1","upgVersion":null,"deadline":null},{"tenantId":7,"appName":"mt-api","slaClass":"bronze","currVersion":"1","upgVersion":null,"deadline":null},{"tenantId":8,"appName":"mt-api","slaClass":"bronze","currVersion":"1","upgVersion":null,"deadline":null},{"tenantId":9,"appName":"mt-api","slaClass":"bronze","currVersion":"1","upgVersion":null,"deadline":null},{"tenantId":10,"appName":"mt-api","slaClass":"bronze","currVersion":"1","upgVersion":null,"deadline":null},{"tenantId":11,"appName":"mt-api","slaClass":"bronze","currVersion":"1","upgVersion":null,"deadline":null},{"tenantId":12,"appName":"mt-api","slaClass":"bronze","currVersion":"1","upgVersion":null,"deadline":null},{"tenantId":13,"appName":"mt-api","slaClass":"bronze","currVersion":"1","upgVersion":null,"deadline":null}]Seeding the UpgradeplannerDB with Deployments
{"deploymentName":"mt-api-v1","appName":"mt-api","version":"1","slaClass":"bronze","podRequests":871,"podLimits":1300,"tenantRequests":67,"tenantLimits":100,"upgradeTime":90}{"deploymentName":"mt-api-v2","appName":"mt-api","version":"2","slaClass":"bronze","podRequests":0,"podLimits":0,"tenantRequests":67,"tenantLimits":100,"upgradeTime":90}Seeding the application database

> mt-api@0.0.0 clear-db /app
> node ./scripts/db-clear.js

2020-05-22T18:36:17.211Z [mt-api] [32minfo[39m: Connecting to database.
2020-05-22T18:36:17.216Z [mt-api] [32minfo[39m: Connecting to: mongodb://mt-db-s/mt-api
2020-05-22T18:36:17.273Z [mt-api] [33mwarn[39m: Clearing database.
2020-05-22T18:36:17.352Z [mt-api] [32minfo[39m: TenantModel: {"n":0,"ok":1,"deletedCount":0}
2020-05-22T18:36:17.360Z [mt-api] [32minfo[39m: UserModel: {"n":0,"ok":1,"deletedCount":0}
2020-05-22T18:36:17.361Z [mt-api] [33mwarn[39m: Database cleared.
2020-05-22T18:36:17.362Z [mt-api] [32minfo[39m: Disconnecting from database.

> mt-api@0.0.0 seed-db /app
> node ./scripts/db-seed.js

2020-05-22T18:36:19.112Z [mt-api] [32minfo[39m: Connecting to database.
2020-05-22T18:36:19.116Z [mt-api] [32minfo[39m: Connecting to: mongodb://mt-db-s/mt-api
2020-05-22T18:36:19.189Z [mt-api] [33mwarn[39m: Seeding database.
2020-05-22T18:36:19.323Z [mt-api] [33mwarn[39m: Tenants seeded.
2020-05-22T18:36:19.715Z [mt-api] [32minfo[39m: [REGISTER] User created: user-1-1
2020-05-22T18:36:19.718Z [mt-api] [32minfo[39m: [REGISTER] User created: user-3-1
2020-05-22T18:36:19.857Z [mt-api] [32minfo[39m: [REGISTER] User created: user-2-1
2020-05-22T18:36:19.908Z [mt-api] [32minfo[39m: [REGISTER] User created: user-4-1
2020-05-22T18:36:20.127Z [mt-api] [32minfo[39m: [REGISTER] User created: user-5-1
2020-05-22T18:36:20.151Z [mt-api] [32minfo[39m: [REGISTER] User created: user-7-1
2020-05-22T18:36:20.158Z [mt-api] [32minfo[39m: [REGISTER] User created: user-8-1
2020-05-22T18:36:20.214Z [mt-api] [32minfo[39m: [REGISTER] User created: user-6-1
2020-05-22T18:36:20.416Z [mt-api] [32minfo[39m: [REGISTER] User created: user-12-1
2020-05-22T18:36:20.418Z [mt-api] [32minfo[39m: [REGISTER] User created: user-9-1
2020-05-22T18:36:20.530Z [mt-api] [32minfo[39m: [REGISTER] User created: user-13-1
2020-05-22T18:36:20.548Z [mt-api] [32minfo[39m: [REGISTER] User created: user-10-1
2020-05-22T18:36:20.551Z [mt-api] [32minfo[39m: [REGISTER] User created: user-11-1
2020-05-22T18:36:20.599Z [mt-api] [33mwarn[39m: Users seeded.
2020-05-22T18:36:20.601Z [mt-api] [32minfo[39m: Disconnecting from database.
Incremental stress testing
upgrade-users.json
Starting scalar script
Starting upgrade
[{"tenantId":1,"appName":"mt-api","slaClass":"bronze","currVersion":"1","upgVersion":"2","deadline":"18:36:56"},{"tenantId":2,"appName":"mt-api","slaClass":"bronze","currVersion":"1","upgVersion":"2","deadline":"18:37:16"},{"tenantId":3,"appName":"mt-api","slaClass":"bronze","currVersion":"1","upgVersion":"2","deadline":"18:37:36"},{"tenantId":4,"appName":"mt-api","slaClass":"bronze","currVersion":"1","upgVersion":"2","deadline":"18:37:56"},{"tenantId":5,"appName":"mt-api","slaClass":"bronze","currVersion":"1","upgVersion":"2","deadline":"18:38:16"},{"tenantId":6,"appName":"mt-api","slaClass":"bronze","currVersion":"1","upgVersion":"2","deadline":"18:38:36"},{"tenantId":7,"appName":"mt-api","slaClass":"bronze","currVersion":"1","upgVersion":"2","deadline":"18:38:56"},{"tenantId":8,"appName":"mt-api","slaClass":"bronze","currVersion":"1","upgVersion":"2","deadline":"18:39:16"},{"tenantId":9,"appName":"mt-api","slaClass":"bronze","currVersion":"1","upgVersion":"2","deadline":"18:39:36"},{"tenantId":10,"appName":"mt-api","slaClass":"bronze","currVersion":"1","upgVersion":"2","deadline":"18:39:56"},{"tenantId":11,"appName":"mt-api","slaClass":"bronze","currVersion":"1","upgVersion":"2","deadline":"18:40:16"},{"tenantId":12,"appName":"mt-api","slaClass":"bronze","currVersion":"1","upgVersion":"2","deadline":"18:40:36"},{"tenantId":13,"appName":"mt-api","slaClass":"bronze","currVersion":"1","upgVersion":"2","deadline":"18:40:56"}]19:00:18 -- Experiment script is over
