18:02:43 **-- Starting Experiment 1: Usage, Surge with AVG workload
Seeding the UpgradeplannerDB with tenants
[{"tenantId":1,"appName":"mt-api","slaClass":"bronze","currVersion":"1","upgVersion":null,"deadline":null},{"tenantId":2,"appName":"mt-api","slaClass":"bronze","currVersion":"1","upgVersion":null,"deadline":null},{"tenantId":3,"appName":"mt-api","slaClass":"bronze","currVersion":"1","upgVersion":null,"deadline":null},{"tenantId":4,"appName":"mt-api","slaClass":"bronze","currVersion":"1","upgVersion":null,"deadline":null},{"tenantId":5,"appName":"mt-api","slaClass":"bronze","currVersion":"1","upgVersion":null,"deadline":null},{"tenantId":6,"appName":"mt-api","slaClass":"bronze","currVersion":"1","upgVersion":null,"deadline":null},{"tenantId":7,"appName":"mt-api","slaClass":"bronze","currVersion":"1","upgVersion":null,"deadline":null},{"tenantId":8,"appName":"mt-api","slaClass":"bronze","currVersion":"1","upgVersion":null,"deadline":null},{"tenantId":9,"appName":"mt-api","slaClass":"bronze","currVersion":"1","upgVersion":null,"deadline":null},{"tenantId":10,"appName":"mt-api","slaClass":"bronze","currVersion":"1","upgVersion":null,"deadline":null},{"tenantId":11,"appName":"mt-api","slaClass":"bronze","currVersion":"1","upgVersion":null,"deadline":null},{"tenantId":12,"appName":"mt-api","slaClass":"bronze","currVersion":"1","upgVersion":null,"deadline":null},{"tenantId":13,"appName":"mt-api","slaClass":"bronze","currVersion":"1","upgVersion":null,"deadline":null}]Seeding the UpgradeplannerDB with Deployments
{"deploymentName":"mt-api-v1","appName":"mt-api","version":"1","slaClass":"bronze","podRequests":871,"podLimits":1300,"tenantRequests":67,"tenantLimits":100,"upgradeTime":90}{"deploymentName":"mt-api-v2","appName":"mt-api","version":"2","slaClass":"bronze","podRequests":0,"podLimits":0,"tenantRequests":67,"tenantLimits":100,"upgradeTime":90}Seeding the application database

> mt-api@0.0.0 clear-db /app
> node ./scripts/db-clear.js

2020-05-22T18:02:46.911Z [mt-api] [32minfo[39m: Connecting to database.
2020-05-22T18:02:46.917Z [mt-api] [32minfo[39m: Connecting to: mongodb://mt-db-s/mt-api
2020-05-22T18:02:46.962Z [mt-api] [33mwarn[39m: Clearing database.
2020-05-22T18:02:47.019Z [mt-api] [32minfo[39m: TenantModel: {"n":0,"ok":1,"deletedCount":0}
2020-05-22T18:02:47.038Z [mt-api] [32minfo[39m: UserModel: {"n":0,"ok":1,"deletedCount":0}
2020-05-22T18:02:47.039Z [mt-api] [33mwarn[39m: Database cleared.
2020-05-22T18:02:47.040Z [mt-api] [32minfo[39m: Disconnecting from database.

> mt-api@0.0.0 seed-db /app
> node ./scripts/db-seed.js

2020-05-22T18:02:48.555Z [mt-api] [32minfo[39m: Connecting to database.
2020-05-22T18:02:48.559Z [mt-api] [32minfo[39m: Connecting to: mongodb://mt-db-s/mt-api
2020-05-22T18:02:48.636Z [mt-api] [33mwarn[39m: Seeding database.
2020-05-22T18:02:48.749Z [mt-api] [33mwarn[39m: Tenants seeded.
2020-05-22T18:02:48.961Z [mt-api] [32minfo[39m: [REGISTER] User created: user-1-1
2020-05-22T18:02:49.045Z [mt-api] [32minfo[39m: [REGISTER] User created: user-3-1
2020-05-22T18:02:49.046Z [mt-api] [32minfo[39m: [REGISTER] User created: user-4-1
2020-05-22T18:02:49.047Z [mt-api] [32minfo[39m: [REGISTER] User created: user-2-1
2020-05-22T18:02:49.136Z [mt-api] [32minfo[39m: [REGISTER] User created: user-5-1
2020-05-22T18:02:49.256Z [mt-api] [32minfo[39m: [REGISTER] User created: user-6-1
2020-05-22T18:02:49.323Z [mt-api] [32minfo[39m: [REGISTER] User created: user-7-1
2020-05-22T18:02:49.335Z [mt-api] [32minfo[39m: [REGISTER] User created: user-8-1
2020-05-22T18:02:49.520Z [mt-api] [32minfo[39m: [REGISTER] User created: user-9-1
2020-05-22T18:02:49.651Z [mt-api] [32minfo[39m: [REGISTER] User created: user-12-1
2020-05-22T18:02:49.652Z [mt-api] [32minfo[39m: [REGISTER] User created: user-10-1
2020-05-22T18:02:49.712Z [mt-api] [32minfo[39m: [REGISTER] User created: user-11-1
2020-05-22T18:02:49.810Z [mt-api] [32minfo[39m: [REGISTER] User created: user-13-1
2020-05-22T18:02:49.818Z [mt-api] [33mwarn[39m: Users seeded.
2020-05-22T18:02:49.818Z [mt-api] [32minfo[39m: Disconnecting from database.
Incremental stress testing
upgrade-users.json
Starting scalar script
Starting upgrade
[{"tenantId":1,"appName":"mt-api","slaClass":"bronze","currVersion":"1","upgVersion":"2","deadline":"18:03:25"},{"tenantId":2,"appName":"mt-api","slaClass":"bronze","currVersion":"1","upgVersion":"2","deadline":"18:03:45"},{"tenantId":3,"appName":"mt-api","slaClass":"bronze","currVersion":"1","upgVersion":"2","deadline":"18:04:05"},{"tenantId":4,"appName":"mt-api","slaClass":"bronze","currVersion":"1","upgVersion":"2","deadline":"18:04:25"},{"tenantId":5,"appName":"mt-api","slaClass":"bronze","currVersion":"1","upgVersion":"2","deadline":"18:04:45"},{"tenantId":6,"appName":"mt-api","slaClass":"bronze","currVersion":"1","upgVersion":"2","deadline":"18:05:05"},{"tenantId":7,"appName":"mt-api","slaClass":"bronze","currVersion":"1","upgVersion":"2","deadline":"18:05:25"},{"tenantId":8,"appName":"mt-api","slaClass":"bronze","currVersion":"1","upgVersion":"2","deadline":"18:05:45"},{"tenantId":9,"appName":"mt-api","slaClass":"bronze","currVersion":"1","upgVersion":"2","deadline":"18:06:05"},{"tenantId":10,"appName":"mt-api","slaClass":"bronze","currVersion":"1","upgVersion":"2","deadline":"18:06:25"},{"tenantId":11,"appName":"mt-api","slaClass":"bronze","currVersion":"1","upgVersion":"2","deadline":"18:06:45"},{"tenantId":12,"appName":"mt-api","slaClass":"bronze","currVersion":"1","upgVersion":"2","deadline":"18:07:05"},{"tenantId":13,"appName":"mt-api","slaClass":"bronze","currVersion":"1","upgVersion":"2","deadline":"18:07:25"}]18:26:46 -- Experiment script is over
