09:34:23 **-- Starting Experiment 1: Usage, Surge with AVG workload
Seeding the UpgradeplannerDB with tenants
[{"tenantId":1,"appName":"mt-api","slaClass":"bronze","currVersion":"1","upgVersion":null,"deadline":null},{"tenantId":2,"appName":"mt-api","slaClass":"bronze","currVersion":"1","upgVersion":null,"deadline":null},{"tenantId":3,"appName":"mt-api","slaClass":"bronze","currVersion":"1","upgVersion":null,"deadline":null},{"tenantId":4,"appName":"mt-api","slaClass":"bronze","currVersion":"1","upgVersion":null,"deadline":null},{"tenantId":5,"appName":"mt-api","slaClass":"bronze","currVersion":"1","upgVersion":null,"deadline":null},{"tenantId":6,"appName":"mt-api","slaClass":"bronze","currVersion":"1","upgVersion":null,"deadline":null},{"tenantId":7,"appName":"mt-api","slaClass":"bronze","currVersion":"1","upgVersion":null,"deadline":null},{"tenantId":8,"appName":"mt-api","slaClass":"bronze","currVersion":"1","upgVersion":null,"deadline":null},{"tenantId":9,"appName":"mt-api","slaClass":"bronze","currVersion":"1","upgVersion":null,"deadline":null},{"tenantId":10,"appName":"mt-api","slaClass":"bronze","currVersion":"1","upgVersion":null,"deadline":null},{"tenantId":11,"appName":"mt-api","slaClass":"bronze","currVersion":"1","upgVersion":null,"deadline":null},{"tenantId":12,"appName":"mt-api","slaClass":"bronze","currVersion":"1","upgVersion":null,"deadline":null},{"tenantId":13,"appName":"mt-api","slaClass":"bronze","currVersion":"1","upgVersion":null,"deadline":null}]09:34:24 -- Seeding the UpgradeplannerDB with Deployments
{"deploymentName":"mt-api-v1","appName":"mt-api","version":"1","slaClass":"bronze","podRequests":871,"podLimits":1300,"tenantRequests":67,"tenantLimits":100,"upgradeTime":90}{"deploymentName":"mt-api-v2","appName":"mt-api","version":"2","slaClass":"bronze","podRequests":0,"podLimits":0,"tenantRequests":67,"tenantLimits":100,"upgradeTime":90}09:34:25 -- Seeding the application database

> mt-api@0.0.0 clear-db /app
> node ./scripts/db-clear.js

2020-05-26T09:34:26.942Z [mt-api] [32minfo[39m: Connecting to database.
2020-05-26T09:34:26.946Z [mt-api] [32minfo[39m: Connecting to: mongodb://mt-db-s/mt-api
2020-05-26T09:34:26.984Z [mt-api] [33mwarn[39m: Clearing database.
2020-05-26T09:34:27.042Z [mt-api] [32minfo[39m: TenantModel: {"n":0,"ok":1,"deletedCount":0}
2020-05-26T09:34:27.065Z [mt-api] [32minfo[39m: UserModel: {"n":0,"ok":1,"deletedCount":0}
2020-05-26T09:34:27.066Z [mt-api] [33mwarn[39m: Database cleared.
2020-05-26T09:34:27.067Z [mt-api] [32minfo[39m: Disconnecting from database.

> mt-api@0.0.0 seed-db /app
> node ./scripts/db-seed.js

2020-05-26T09:34:28.641Z [mt-api] [32minfo[39m: Connecting to database.
2020-05-26T09:34:28.648Z [mt-api] [32minfo[39m: Connecting to: mongodb://mt-db-s/mt-api
2020-05-26T09:34:28.774Z [mt-api] [33mwarn[39m: Seeding database.
2020-05-26T09:34:28.898Z [mt-api] [33mwarn[39m: Tenants seeded.
2020-05-26T09:34:29.060Z [mt-api] [32minfo[39m: [REGISTER] User created: user-2-1
2020-05-26T09:34:29.231Z [mt-api] [32minfo[39m: [REGISTER] User created: user-5-1
2020-05-26T09:34:29.258Z [mt-api] [32minfo[39m: [REGISTER] User created: user-4-1
2020-05-26T09:34:29.299Z [mt-api] [32minfo[39m: [REGISTER] User created: user-3-1
2020-05-26T09:34:29.304Z [mt-api] [32minfo[39m: [REGISTER] User created: user-1-1
2020-05-26T09:34:29.627Z [mt-api] [32minfo[39m: [REGISTER] User created: user-9-1
2020-05-26T09:34:29.657Z [mt-api] [32minfo[39m: [REGISTER] User created: user-8-1
2020-05-26T09:34:29.728Z [mt-api] [32minfo[39m: [REGISTER] User created: user-6-1
2020-05-26T09:34:29.805Z [mt-api] [32minfo[39m: [REGISTER] User created: user-7-1
2020-05-26T09:34:29.938Z [mt-api] [32minfo[39m: [REGISTER] User created: user-10-1
2020-05-26T09:34:29.953Z [mt-api] [32minfo[39m: [REGISTER] User created: user-11-1
2020-05-26T09:34:30.046Z [mt-api] [32minfo[39m: [REGISTER] User created: user-12-1
2020-05-26T09:34:30.116Z [mt-api] [32minfo[39m: [REGISTER] User created: user-13-1
2020-05-26T09:34:30.125Z [mt-api] [33mwarn[39m: Users seeded.
2020-05-26T09:34:30.126Z [mt-api] [32minfo[39m: Disconnecting from database.
09:34:30 -- changing experiment files
Group stress testing
09:34:33 -- Starting scalar script
09:34:33 -- Starting upgrade
[{"tenantId":1,"appName":"mt-api","slaClass":"bronze","currVersion":"1","upgVersion":"2","deadline":"09:37:30"},{"tenantId":9,"appName":"mt-api","slaClass":"bronze","currVersion":"1","upgVersion":"2","deadline":"09:37:30"},{"tenantId":2,"appName":"mt-api","slaClass":"bronze","currVersion":"1","upgVersion":"2","deadline":"09:37:30"},{"tenantId":10,"appName":"mt-api","slaClass":"bronze","currVersion":"1","upgVersion":"2","deadline":"09:37:30"},{"tenantId":3,"appName":"mt-api","slaClass":"bronze","currVersion":"1","upgVersion":"2","deadline":"09:37:30"},{"tenantId":4,"appName":"mt-api","slaClass":"bronze","currVersion":"1","upgVersion":"2","deadline":"09:37:30"},{"tenantId":11,"appName":"mt-api","slaClass":"bronze","currVersion":"1","upgVersion":"2","deadline":"09:37:30"},{"tenantId":5,"appName":"mt-api","slaClass":"bronze","currVersion":"1","upgVersion":"2","deadline":"09:37:30"},{"tenantId":12,"appName":"mt-api","slaClass":"bronze","currVersion":"1","upgVersion":"2","deadline":"09:37:30"},{"tenantId":7,"appName":"mt-api","slaClass":"bronze","currVersion":"1","upgVersion":"2","deadline":"09:37:30"},{"tenantId":13,"appName":"mt-api","slaClass":"bronze","currVersion":"1","upgVersion":"2","deadline":"09:37:30"},{"tenantId":8,"appName":"mt-api","slaClass":"bronze","currVersion":"1","upgVersion":"2","deadline":"09:37:30"}]09:40:34 -- Experiment script is over
