11:28:42 **-- Starting Experiment 2: Latency, with high workload for 125 seconds
Seeding the UpgradeplannerDB with tenants
[{"tenantId":1,"appName":"mt-api","slaClass":"bronze","currVersion":"1","upgVersion":null,"deadline":null},{"tenantId":2,"appName":"mt-api","slaClass":"bronze","currVersion":"1","upgVersion":null,"deadline":null},{"tenantId":3,"appName":"mt-api","slaClass":"bronze","currVersion":"1","upgVersion":null,"deadline":null},{"tenantId":4,"appName":"mt-api","slaClass":"bronze","currVersion":"1","upgVersion":null,"deadline":null},{"tenantId":5,"appName":"mt-api","slaClass":"bronze","currVersion":"1","upgVersion":null,"deadline":null},{"tenantId":6,"appName":"mt-api","slaClass":"bronze","currVersion":"1","upgVersion":null,"deadline":null},{"tenantId":7,"appName":"mt-api","slaClass":"bronze","currVersion":"1","upgVersion":null,"deadline":null},{"tenantId":8,"appName":"mt-api","slaClass":"bronze","currVersion":"1","upgVersion":null,"deadline":null},{"tenantId":9,"appName":"mt-api","slaClass":"bronze","currVersion":"1","upgVersion":null,"deadline":null},{"tenantId":10,"appName":"mt-api","slaClass":"bronze","currVersion":"1","upgVersion":null,"deadline":null},{"tenantId":11,"appName":"mt-api","slaClass":"bronze","currVersion":"1","upgVersion":null,"deadline":null},{"tenantId":12,"appName":"mt-api","slaClass":"bronze","currVersion":"1","upgVersion":null,"deadline":null},{"tenantId":13,"appName":"mt-api","slaClass":"bronze","currVersion":"1","upgVersion":null,"deadline":null}]Seeding the UpgradeplannerDB with Deployments
{"deploymentName":"mt-api-v1","appName":"mt-api","version":"1","slaClass":"bronze","podRequests":871,"podLimits":1300,"tenantRequests":67,"tenantLimits":100,"upgradeTime":90}{"deploymentName":"mt-api-v2","appName":"mt-api","version":"2","slaClass":"bronze","podRequests":0,"podLimits":0,"tenantRequests":67,"tenantLimits":100,"upgradeTime":90}Seeding the application database

> mt-api@0.0.0 clear-db /app
> node ./scripts/db-clear.js

2020-05-23T11:28:45.971Z [mt-api] [32minfo[39m: Connecting to database.
2020-05-23T11:28:45.975Z [mt-api] [32minfo[39m: Connecting to: mongodb://mt-db-s/mt-api
2020-05-23T11:28:46.014Z [mt-api] [33mwarn[39m: Clearing database.
2020-05-23T11:28:46.061Z [mt-api] [32minfo[39m: TenantModel: {"n":0,"ok":1,"deletedCount":0}
2020-05-23T11:28:46.081Z [mt-api] [32minfo[39m: UserModel: {"n":0,"ok":1,"deletedCount":0}
2020-05-23T11:28:46.082Z [mt-api] [33mwarn[39m: Database cleared.
2020-05-23T11:28:46.082Z [mt-api] [32minfo[39m: Disconnecting from database.

> mt-api@0.0.0 seed-db /app
> node ./scripts/db-seed.js

2020-05-23T11:28:47.701Z [mt-api] [32minfo[39m: Connecting to database.
2020-05-23T11:28:47.705Z [mt-api] [32minfo[39m: Connecting to: mongodb://mt-db-s/mt-api
2020-05-23T11:28:47.796Z [mt-api] [33mwarn[39m: Seeding database.
2020-05-23T11:28:47.908Z [mt-api] [33mwarn[39m: Tenants seeded.
2020-05-23T11:28:48.150Z [mt-api] [32minfo[39m: [REGISTER] User created: user-2-1
2020-05-23T11:28:48.360Z [mt-api] [32minfo[39m: [REGISTER] User created: user-5-1
2020-05-23T11:28:48.403Z [mt-api] [32minfo[39m: [REGISTER] User created: user-1-1
2020-05-23T11:28:48.428Z [mt-api] [32minfo[39m: [REGISTER] User created: user-4-1
2020-05-23T11:28:48.432Z [mt-api] [32minfo[39m: [REGISTER] User created: user-3-1
2020-05-23T11:28:48.611Z [mt-api] [32minfo[39m: [REGISTER] User created: user-6-1
2020-05-23T11:28:48.832Z [mt-api] [32minfo[39m: [REGISTER] User created: user-10-1
2020-05-23T11:28:49.066Z [mt-api] [32minfo[39m: [REGISTER] User created: user-7-1
2020-05-23T11:28:49.099Z [mt-api] [32minfo[39m: [REGISTER] User created: user-11-1
2020-05-23T11:28:49.140Z [mt-api] [32minfo[39m: [REGISTER] User created: user-9-1
2020-05-23T11:28:49.147Z [mt-api] [32minfo[39m: [REGISTER] User created: user-8-1
2020-05-23T11:28:49.309Z [mt-api] [32minfo[39m: [REGISTER] User created: user-12-1
2020-05-23T11:28:49.374Z [mt-api] [32minfo[39m: [REGISTER] User created: user-13-1
2020-05-23T11:28:49.392Z [mt-api] [33mwarn[39m: Users seeded.
2020-05-23T11:28:49.392Z [mt-api] [32minfo[39m: Disconnecting from database.
Group stress testing
Starting scalar script
Starting upgrade
[{"tenantId":1,"appName":"mt-api","slaClass":"bronze","currVersion":"1","upgVersion":"2","deadline":"11:29:10"},{"tenantId":2,"appName":"mt-api","slaClass":"bronze","currVersion":"1","upgVersion":"2","deadline":"11:29:10"},{"tenantId":3,"appName":"mt-api","slaClass":"bronze","currVersion":"1","upgVersion":"2","deadline":"11:29:10"},{"tenantId":4,"appName":"mt-api","slaClass":"bronze","currVersion":"1","upgVersion":"2","deadline":"11:29:10"},{"tenantId":5,"appName":"mt-api","slaClass":"bronze","currVersion":"1","upgVersion":"2","deadline":"11:29:10"},{"tenantId":6,"appName":"mt-api","slaClass":"bronze","currVersion":"1","upgVersion":"2","deadline":"11:29:10"},{"tenantId":7,"appName":"mt-api","slaClass":"bronze","currVersion":"1","upgVersion":"2","deadline":"11:29:10"},{"tenantId":8,"appName":"mt-api","slaClass":"bronze","currVersion":"1","upgVersion":"2","deadline":"11:29:10"},{"tenantId":9,"appName":"mt-api","slaClass":"bronze","currVersion":"1","upgVersion":"2","deadline":"11:29:10"},{"tenantId":10,"appName":"mt-api","slaClass":"bronze","currVersion":"1","upgVersion":"2","deadline":"11:29:10"},{"tenantId":11,"appName":"mt-api","slaClass":"bronze","currVersion":"1","upgVersion":"2","deadline":"11:29:10"},{"tenantId":12,"appName":"mt-api","slaClass":"bronze","currVersion":"1","upgVersion":"2","deadline":"11:29:10"},{"tenantId":13,"appName":"mt-api","slaClass":"bronze","currVersion":"1","upgVersion":"2","deadline":"11:29:10"}]11:30:58 -- Experiment script is over
