17:42:30 **-- Starting Experiment 1: Usage, Surge with AVG workload
Seeding the UpgradeplannerDB with tenants
[{"tenantId":1,"appName":"mt-api","slaClass":"bronze","currVersion":"1","upgVersion":null,"deadline":null},{"tenantId":2,"appName":"mt-api","slaClass":"bronze","currVersion":"1","upgVersion":null,"deadline":null},{"tenantId":3,"appName":"mt-api","slaClass":"bronze","currVersion":"1","upgVersion":null,"deadline":null},{"tenantId":4,"appName":"mt-api","slaClass":"bronze","currVersion":"1","upgVersion":null,"deadline":null},{"tenantId":5,"appName":"mt-api","slaClass":"bronze","currVersion":"1","upgVersion":null,"deadline":null},{"tenantId":6,"appName":"mt-api","slaClass":"bronze","currVersion":"1","upgVersion":null,"deadline":null},{"tenantId":7,"appName":"mt-api","slaClass":"bronze","currVersion":"1","upgVersion":null,"deadline":null},{"tenantId":8,"appName":"mt-api","slaClass":"bronze","currVersion":"1","upgVersion":null,"deadline":null},{"tenantId":9,"appName":"mt-api","slaClass":"bronze","currVersion":"1","upgVersion":null,"deadline":null},{"tenantId":10,"appName":"mt-api","slaClass":"bronze","currVersion":"1","upgVersion":null,"deadline":null},{"tenantId":11,"appName":"mt-api","slaClass":"bronze","currVersion":"1","upgVersion":null,"deadline":null},{"tenantId":12,"appName":"mt-api","slaClass":"bronze","currVersion":"1","upgVersion":null,"deadline":null},{"tenantId":13,"appName":"mt-api","slaClass":"bronze","currVersion":"1","upgVersion":null,"deadline":null}]17:42:32 -- Seeding the UpgradeplannerDB with Deployments
{"deploymentName":"mt-api-v1","appName":"mt-api","version":"1","slaClass":"bronze","podRequests":871,"podLimits":1300,"tenantRequests":67,"tenantLimits":100,"upgradeTime":90}{"deploymentName":"mt-api-v2","appName":"mt-api","version":"2","slaClass":"bronze","podRequests":0,"podLimits":0,"tenantRequests":67,"tenantLimits":100,"upgradeTime":90}17:42:34 -- Seeding the application database

> mt-api@0.0.0 clear-db /app
> node ./scripts/db-clear.js

2021-05-05T15:42:37.533Z [mt-api] [32minfo[39m: Connecting to database.
2021-05-05T15:42:37.540Z [mt-api] [32minfo[39m: Connecting to: mongodb://mt-db-s/mt-api
2021-05-05T15:42:37.593Z [mt-api] [33mwarn[39m: Clearing database.
2021-05-05T15:42:37.735Z [mt-api] [32minfo[39m: TenantModel: {"n":0,"ok":1,"deletedCount":0}
2021-05-05T15:42:37.740Z [mt-api] [32minfo[39m: UserModel: {"n":0,"ok":1,"deletedCount":0}
2021-05-05T15:42:37.740Z [mt-api] [33mwarn[39m: Database cleared.
2021-05-05T15:42:37.741Z [mt-api] [32minfo[39m: Disconnecting from database.

> mt-api@0.0.0 seed-db /app
> node ./scripts/db-seed.js

2021-05-05T15:42:40.518Z [mt-api] [32minfo[39m: Connecting to database.
2021-05-05T15:42:40.525Z [mt-api] [32minfo[39m: Connecting to: mongodb://mt-db-s/mt-api
2021-05-05T15:42:40.664Z [mt-api] [33mwarn[39m: Seeding database.
2021-05-05T15:42:40.894Z [mt-api] [33mwarn[39m: Tenants seeded.
2021-05-05T15:42:41.215Z [mt-api] [32minfo[39m: [REGISTER] User created: user-3-1
2021-05-05T15:42:41.243Z [mt-api] [32minfo[39m: [REGISTER] User created: user-1-1
2021-05-05T15:42:41.932Z [mt-api] [32minfo[39m: [REGISTER] User created: user-4-1
2021-05-05T15:42:42.024Z [mt-api] [32minfo[39m: [REGISTER] User created: user-6-1
2021-05-05T15:42:42.026Z [mt-api] [32minfo[39m: [REGISTER] User created: user-2-1
2021-05-05T15:42:42.028Z [mt-api] [32minfo[39m: [REGISTER] User created: user-5-1
2021-05-05T15:42:42.033Z [mt-api] [32minfo[39m: [REGISTER] User created: user-7-1
2021-05-05T15:42:42.334Z [mt-api] [32minfo[39m: [REGISTER] User created: user-9-1
2021-05-05T15:42:42.340Z [mt-api] [32minfo[39m: [REGISTER] User created: user-11-1
2021-05-05T15:42:42.351Z [mt-api] [32minfo[39m: [REGISTER] User created: user-10-1
2021-05-05T15:42:42.468Z [mt-api] [32minfo[39m: [REGISTER] User created: user-8-1
2021-05-05T15:42:42.469Z [mt-api] [32minfo[39m: [REGISTER] User created: user-12-1
2021-05-05T15:42:42.475Z [mt-api] [32minfo[39m: [REGISTER] User created: user-13-1
2021-05-05T15:42:42.515Z [mt-api] [33mwarn[39m: Users seeded.
2021-05-05T15:42:42.515Z [mt-api] [32minfo[39m: Disconnecting from database.
17:42:42 -- changing experiment files
Group stress testing
17:42:47 -- Starting scalar script
17:42:47 -- Starting upgrade
[{"tenantId":1,"appName":"mt-api","slaClass":"bronze","currVersion":"1","upgVersion":"2","deadline":"17:45:44"},{"tenantId":9,"appName":"mt-api","slaClass":"bronze","currVersion":"1","upgVersion":"2","deadline":"17:45:44"},{"tenantId":2,"appName":"mt-api","slaClass":"bronze","currVersion":"1","upgVersion":"2","deadline":"17:45:44"},{"tenantId":10,"appName":"mt-api","slaClass":"bronze","currVersion":"1","upgVersion":"2","deadline":"17:45:44"},{"tenantId":3,"appName":"mt-api","slaClass":"bronze","currVersion":"1","upgVersion":"2","deadline":"17:45:44"},{"tenantId":4,"appName":"mt-api","slaClass":"bronze","currVersion":"1","upgVersion":"2","deadline":"17:45:44"},{"tenantId":11,"appName":"mt-api","slaClass":"bronze","currVersion":"1","upgVersion":"2","deadline":"17:45:44"},{"tenantId":5,"appName":"mt-api","slaClass":"bronze","currVersion":"1","upgVersion":"2","deadline":"17:45:44"},{"tenantId":12,"appName":"mt-api","slaClass":"bronze","currVersion":"1","upgVersion":"2","deadline":"17:45:44"},{"tenantId":7,"appName":"mt-api","slaClass":"bronze","currVersion":"1","upgVersion":"2","deadline":"17:45:44"},{"tenantId":13,"appName":"mt-api","slaClass":"bronze","currVersion":"1","upgVersion":"2","deadline":"17:45:44"},{"tenantId":8,"appName":"mt-api","slaClass":"bronze","currVersion":"1","upgVersion":"2","deadline":"17:45:44"},{"tenantId":6,"appName":"mt-api","slaClass":"bronze","currVersion":"1","upgVersion":"2","deadline":"17:45:44"}]17:44:19 -- Experiment script is over
