be.kuleuven.distrinet.scalar.exceptions.InternalException: org.apache.http.client.ClientProtocolException
	at be.kuleuven.distrinet.dedycker.ApplicationInterface.executeRequest(ApplicationInterface.java:139)
	at be.kuleuven.distrinet.dedycker.ApplicationInterface.info(ApplicationInterface.java:62)
	at be.kuleuven.distrinet.dedycker.requests.InfoRequest.doRequest(InfoRequest.java:24)
	at be.kuleuven.distrinet.dedycker.tenants.Tenant.mainLoop(Tenant.java:55)
	at be.kuleuven.distrinet.dedycker.tenants.Tenant1.mainLoop(Tenant1.java:36)
	at be.kuleuven.distrinet.scalar.core.User.run(User.java:379)
	at java.util.concurrent.ThreadPoolExecutor.runWorker(ThreadPoolExecutor.java:1149)
	at java.util.concurrent.ThreadPoolExecutor$Worker.run(ThreadPoolExecutor.java:624)
	at java.lang.Thread.run(Thread.java:748)
Caused by: org.apache.http.client.ClientProtocolException
	at org.apache.http.impl.client.InternalHttpClient.doExecute(InternalHttpClient.java:186)
	at org.apache.http.impl.client.CloseableHttpClient.execute(CloseableHttpClient.java:82)
	at org.apache.http.impl.client.CloseableHttpClient.execute(CloseableHttpClient.java:107)
	at be.kuleuven.distrinet.dedycker.ApplicationInterface.executeRequest(ApplicationInterface.java:128)
	... 8 more
Caused by: org.apache.http.ProtocolException: Received redirect response HTTP/1.1 301 Moved Permanently but no location header
	at org.apache.http.impl.client.DefaultRedirectStrategy.getLocationURI(DefaultRedirectStrategy.java:136)
	at org.apache.http.impl.client.DefaultRedirectStrategy.getRedirect(DefaultRedirectStrategy.java:220)
	at org.apache.http.impl.execchain.RedirectExec.execute(RedirectExec.java:121)
	at org.apache.http.impl.client.InternalHttpClient.doExecute(InternalHttpClient.java:184)
	... 11 more
