17:29:02 **-- Starting Experiment 1: Usage, Surge with AVG workload
Seeding the UpgradeplannerDB with tenants
[{"tenantId":1,"appName":"mt-api","slaClass":"bronze","currVersion":"1","upgVersion":null,"deadline":null},{"tenantId":2,"appName":"mt-api","slaClass":"bronze","currVersion":"1","upgVersion":null,"deadline":null},{"tenantId":3,"appName":"mt-api","slaClass":"bronze","currVersion":"1","upgVersion":null,"deadline":null},{"tenantId":4,"appName":"mt-api","slaClass":"bronze","currVersion":"1","upgVersion":null,"deadline":null},{"tenantId":5,"appName":"mt-api","slaClass":"bronze","currVersion":"1","upgVersion":null,"deadline":null},{"tenantId":6,"appName":"mt-api","slaClass":"bronze","currVersion":"1","upgVersion":null,"deadline":null},{"tenantId":7,"appName":"mt-api","slaClass":"bronze","currVersion":"1","upgVersion":null,"deadline":null},{"tenantId":8,"appName":"mt-api","slaClass":"bronze","currVersion":"1","upgVersion":null,"deadline":null},{"tenantId":9,"appName":"mt-api","slaClass":"bronze","currVersion":"1","upgVersion":null,"deadline":null},{"tenantId":10,"appName":"mt-api","slaClass":"bronze","currVersion":"1","upgVersion":null,"deadline":null},{"tenantId":11,"appName":"mt-api","slaClass":"bronze","currVersion":"1","upgVersion":null,"deadline":null},{"tenantId":12,"appName":"mt-api","slaClass":"bronze","currVersion":"1","upgVersion":null,"deadline":null},{"tenantId":13,"appName":"mt-api","slaClass":"bronze","currVersion":"1","upgVersion":null,"deadline":null}]Seeding the UpgradeplannerDB with Deployments
{"deploymentName":"mt-api-v1","appName":"mt-api","version":"1","slaClass":"bronze","podRequests":871,"podLimits":1300,"tenantRequests":67,"tenantLimits":100,"upgradeTime":90}{"deploymentName":"mt-api-v2","appName":"mt-api","version":"2","slaClass":"bronze","podRequests":0,"podLimits":0,"tenantRequests":67,"tenantLimits":100,"upgradeTime":90}Seeding the application database

> mt-api@0.0.0 clear-db /app
> node ./scripts/db-clear.js

2020-05-22T17:29:06.129Z [mt-api] [32minfo[39m: Connecting to database.
2020-05-22T17:29:06.134Z [mt-api] [32minfo[39m: Connecting to: mongodb://mt-db-s/mt-api
2020-05-22T17:29:06.174Z [mt-api] [33mwarn[39m: Clearing database.
2020-05-22T17:29:06.228Z [mt-api] [32minfo[39m: TenantModel: {"n":0,"ok":1,"deletedCount":0}
2020-05-22T17:29:06.236Z [mt-api] [32minfo[39m: UserModel: {"n":0,"ok":1,"deletedCount":0}
2020-05-22T17:29:06.236Z [mt-api] [33mwarn[39m: Database cleared.
2020-05-22T17:29:06.237Z [mt-api] [32minfo[39m: Disconnecting from database.

> mt-api@0.0.0 seed-db /app
> node ./scripts/db-seed.js

2020-05-22T17:29:08.157Z [mt-api] [32minfo[39m: Connecting to database.
2020-05-22T17:29:08.162Z [mt-api] [32minfo[39m: Connecting to: mongodb://mt-db-s/mt-api
2020-05-22T17:29:08.249Z [mt-api] [33mwarn[39m: Seeding database.
2020-05-22T17:29:08.464Z [mt-api] [33mwarn[39m: Tenants seeded.
2020-05-22T17:29:08.724Z [mt-api] [32minfo[39m: [REGISTER] User created: user-4-1
2020-05-22T17:29:08.857Z [mt-api] [32minfo[39m: [REGISTER] User created: user-5-1
2020-05-22T17:29:09.032Z [mt-api] [32minfo[39m: [REGISTER] User created: user-1-1
2020-05-22T17:29:09.056Z [mt-api] [32minfo[39m: [REGISTER] User created: user-3-1
2020-05-22T17:29:09.067Z [mt-api] [32minfo[39m: [REGISTER] User created: user-2-1
2020-05-22T17:29:09.145Z [mt-api] [32minfo[39m: [REGISTER] User created: user-6-1
2020-05-22T17:29:09.363Z [mt-api] [32minfo[39m: [REGISTER] User created: user-10-1
2020-05-22T17:29:09.498Z [mt-api] [32minfo[39m: [REGISTER] User created: user-7-1
2020-05-22T17:29:09.525Z [mt-api] [32minfo[39m: [REGISTER] User created: user-9-1
2020-05-22T17:29:09.539Z [mt-api] [32minfo[39m: [REGISTER] User created: user-8-1
2020-05-22T17:29:09.711Z [mt-api] [32minfo[39m: [REGISTER] User created: user-13-1
2020-05-22T17:29:09.742Z [mt-api] [32minfo[39m: [REGISTER] User created: user-11-1
2020-05-22T17:29:09.768Z [mt-api] [32minfo[39m: [REGISTER] User created: user-12-1
2020-05-22T17:29:09.818Z [mt-api] [33mwarn[39m: Users seeded.
2020-05-22T17:29:09.818Z [mt-api] [32minfo[39m: Disconnecting from database.
Incremental stress testing
upgrade-users.json
Starting scalar script
Starting upgrade
[{"tenantId":1,"appName":"mt-api","slaClass":"bronze","currVersion":"1","upgVersion":"2","deadline":"17:29:45"},{"tenantId":2,"appName":"mt-api","slaClass":"bronze","currVersion":"1","upgVersion":"2","deadline":"17:30:05"},{"tenantId":3,"appName":"mt-api","slaClass":"bronze","currVersion":"1","upgVersion":"2","deadline":"17:30:25"},{"tenantId":4,"appName":"mt-api","slaClass":"bronze","currVersion":"1","upgVersion":"2","deadline":"17:30:45"},{"tenantId":5,"appName":"mt-api","slaClass":"bronze","currVersion":"1","upgVersion":"2","deadline":"17:31:05"},{"tenantId":6,"appName":"mt-api","slaClass":"bronze","currVersion":"1","upgVersion":"2","deadline":"17:31:25"},{"tenantId":7,"appName":"mt-api","slaClass":"bronze","currVersion":"1","upgVersion":"2","deadline":"17:31:45"},{"tenantId":8,"appName":"mt-api","slaClass":"bronze","currVersion":"1","upgVersion":"2","deadline":"17:32:05"},{"tenantId":9,"appName":"mt-api","slaClass":"bronze","currVersion":"1","upgVersion":"2","deadline":"17:32:25"},{"tenantId":10,"appName":"mt-api","slaClass":"bronze","currVersion":"1","upgVersion":"2","deadline":"17:32:45"},{"tenantId":11,"appName":"mt-api","slaClass":"bronze","currVersion":"1","upgVersion":"2","deadline":"17:33:05"},{"tenantId":12,"appName":"mt-api","slaClass":"bronze","currVersion":"1","upgVersion":"2","deadline":"17:33:25"},{"tenantId":13,"appName":"mt-api","slaClass":"bronze","currVersion":"1","upgVersion":"2","deadline":"17:33:45"}]17:53:07 -- Experiment script is over
