
   ______    ______    ______    __        ______    ______
  /\  ___\  /\  ___\  /\  __ \  /\ \      /\  __ \  /\  == \
  \ \___  \ \ \ \____ \ \  __ \ \ \ \____ \ \  __ \ \ \  __<
   \/\_____\ \ \_____\ \ \_\ \_\ \ \_____\ \ \_\ \_\ \ \_\ \_\
    \/_____/  \/_____/  \/_/\/_/  \/_____/  \/_/\/_/  \/_/ /_/


23:16:30   Scalar v1.0.0 starting up...
           experiment.properties - /exp/etc/normal-incremental-experiment.properties
           platform.properties - /exp/etc/platform.properties
23:16:30   Registered new VMShutdownHook housekeeper.
23:16:30   Loaded data provider LocalStorageProvider
23:16:30   Host experiment-controller-0 (10.244.0.59) is registered as node 5571abf7-854e-4900-8ac0-71c01a141406.
23:16:30   Loaded plugin be.kuleuven.distrinet.scalar.plugin.ExperimentalPropertiesLoader
23:16:30   Loaded plugin be.kuleuven.distrinet.scalar.plugin.ExperimentalResultsPublisher
23:16:30   Loaded plugin be.kuleuven.distrinet.scalar.plugin.SummaryGenerator
23:16:30   Loaded plugin be.kuleuven.distrinet.scalar.plugin.RequestReporter
23:16:30   Loaded plugin be.kuleuven.distrinet.scalar.plugin.GnuPlotGenerator
23:16:30   Assuming master state - Performing experiment.
23:16:30   Registered new ClusterShutdownHook housekeeper.
23:16:30   Registered new ManagerDebugHelper housekeeper.
23:16:30   Registered new CommandServer housekeeper.
23:16:30   Attaching command server to port 6666.
23:16:30   Loaded think time strategy factory ConstantThinkTimeStrategyFactory
23:16:31   Registered new ClusterWatcher housekeeper.
23:16:31   Waiting for 1 nodes in total...
23:16:31   Current members known: 
           node 1 - 5571abf7-854e-4900-8ac0-71c01a141406 (experiment-controller-0)
23:16:31   Instantiating user pool.
23:16:32   Waiting for the other nodes...
23:16:32   >>> Starting run <<<
23:16:32   Entering peak phase with a user load of 13 for 1445 seconds.
23:16:32   Starting statistics collection.
23:16:33   duration - 579891158
           id - 479698919
           relevant - true
           request - login
           result - successful
23:16:34   duration - 251211907
           id - 1774193903
           relevant - true
           request - login
           result - successful
23:16:34   duration - 83138270
           id - 733107238
           relevant - true
           request - info
           result - successful
23:16:34   duration - 350774919
           id - 834526085
           relevant - true
           request - login
           result - successful
23:16:34   duration - 207302893
           id - 1845466383
           relevant - true
           request - info
           result - successful
23:16:34   duration - 281152690
           id - 997252354
           relevant - true
           request - login
           result - successful
23:16:34   duration - 92146860
           id - 897730922
           relevant - true
           request - info
           result - successful
23:16:34   duration - 61558600
           id - 1062162100
           relevant - true
           request - info
           result - successful
23:16:34   duration - 585909775
           id - 1804034101
           relevant - true
           request - login
           result - successful
23:16:34   duration - 580569862
           id - 1355003236
           relevant - true
           request - login
           result - successful
23:16:34   duration - 108052566
           id - 1874393501
           relevant - true
           request - info
           result - successful
23:16:34   duration - 90815473
           id - 1425816484
           relevant - true
           request - info
           result - successful
23:16:35   duration - 389316788
           id - 699085278
           relevant - true
           request - login
           result - successful
23:16:35   duration - 90236886
           id - 764719155
           relevant - true
           request - info
           result - successful
23:16:35   duration - 518935506
           id - 1420011371
           relevant - true
           request - login
           result - successful
23:16:35   duration - 255401621
           id - 1352415527
           relevant - true
           request - info
           result - successful
23:16:35   duration - 395785192
           id - 1284714193
           relevant - true
           request - login
           result - successful
23:16:35   duration - 47854050
           id - 1219273627
           relevant - true
           request - info
           result - successful
23:16:36   duration - 314886919
           id - 439072899
           relevant - true
           request - login
           result - successful
23:16:36   duration - 30303510
           id - 504639262
           relevant - true
           request - info
           result - successful
23:16:36   duration - 833452098
           id - 362720592
           relevant - true
           request - home
           result - successful
23:16:36   duration - 2128600751
           id - 2051921721
           relevant - true
           request - home
           result - successful
[TENANT 10] requests: 0
23:16:36   duration - 2427662514
           id - 1311361915
           relevant - true
           request - home
           result - successful
[TENANT 4] requests: 0
23:16:36   duration - 2240339112
           id - 687670996
           relevant - true
           request - home
           result - successful
[TENANT 1] requests: 0
23:16:36   duration - 552592918
           id - 229516522
           relevant - true
           request - home
           result - successful
[TENANT 3] requests: 0
23:16:36   duration - 1150764453
           id - 1754676197
           relevant - true
           request - home
           result - successful
[TENANT 5] requests: 0
23:16:36   duration - 2190940432
           id - 1887490494
           relevant - true
           request - home
           result - successful
[TENANT 13] requests: 0
[TENANT 12] requests: 0
23:16:36   duration - 1641554205
           id - 716859918
           relevant - true
           request - home
           result - successful
[TENANT 6] requests: 0
23:16:36   duration - 1613124338
           id - 301907807
           relevant - true
           request - home
           result - successful
23:16:36   duration - 109851288
           id - 1528214200
           relevant - true
           request - home
           result - successful
[TENANT 9] requests: 0
[TENANT 11] requests: 0
23:16:36   duration - 93898260
           id - 545473348
           relevant - true
           request - login
           result - successful
23:16:36   duration - 14878271
           id - 616354700
           relevant - true
           request - info
           result - successful
23:16:36   duration - 36739358
           id - 1639860607
           relevant - true
           request - home
           result - successful
[TENANT 2] requests: 0
23:16:37   duration - 152662112
           id - 270547834
           relevant - true
           request - login
           result - successful
23:16:37   duration - 12256003
           id - 337624486
           relevant - true
           request - info
           result - successful
23:16:37   duration - 37296596
           id - 1360867649
           relevant - true
           request - home
           result - successful
[TENANT 7] requests: 0
23:16:37   duration - 96438148
           id - 1210202239
           relevant - true
           request - login
           result - successful
23:16:37   duration - 13767070
           id - 1277015459
           relevant - true
           request - info
           result - successful
23:16:37   duration - 28729070
           id - 153039428
           relevant - true
           request - home
           result - successful
[TENANT 8] requests: 0
23:16:41   duration - 98749352
           id - 310404749
           relevant - true
           request - login
           result - successful
23:16:41   duration - 96384322
           id - 732232488
           relevant - true
           request - login
           result - successful
23:16:41   duration - 258532643
           id - 1217124304
           relevant - true
           request - login
           result - successful
23:16:41   duration - 287251375
           id - 474454701
           relevant - true
           request - info
           result - successful
23:16:41   duration - 395941450
           id - 1310441325
           relevant - true
           request - login
           result - successful
23:16:41   duration - 298948185
           id - 627249196
           relevant - true
           request - info
           result - successful
23:16:41   duration - 418432878
           id - 1878706307
           relevant - true
           request - login
           result - successful
23:16:41   duration - 86274020
           id - 1088182494
           relevant - true
           request - info
           result - successful
23:16:41   duration - 82943894
           id - 1631402764
           relevant - true
           request - info
           result - successful
23:16:42   duration - 514446225
           id - 1299447524
           relevant - true
           request - login
           result - successful
23:16:42   duration - 258700007
           id - 1179398321
           relevant - true
           request - info
           result - successful
23:16:42   duration - 710199014
           id - 1962187951
           relevant - true
           request - login
           result - successful
23:16:42   duration - 769765094
           id - 1971013436
           relevant - true
           request - login
           result - successful
23:16:42   duration - 293051255
           id - 1135872314
           relevant - true
           request - info
           result - successful
23:16:42   duration - 190600089
           id - 2050194497
           relevant - true
           request - info
           result - successful
23:16:42   duration - 898143248
           id - 1344680474
           relevant - true
           request - login
           result - successful
23:16:42   duration - 535934667
           id - 410521085
           relevant - true
           request - home
           result - successful
[TENANT 10] requests: 1
23:16:42   duration - 201283017
           id - 2075961315
           relevant - true
           request - info
           result - successful
23:16:42   duration - 507298874
           id - 1155781661
           relevant - true
           request - home
           result - successful
[TENANT 4] requests: 1
23:16:42   duration - 579988214
           id - 1694671859
           relevant - true
           request - home
           result - successful
[TENANT 5] requests: 1
23:16:42   duration - 820678018
           id - 1337536086
           relevant - true
           request - login
           result - successful
23:16:42   duration - 208759786
           id - 1591854702
           relevant - true
           request - info
           result - successful
23:16:42   duration - 798209653
           id - 559714392
           relevant - true
           request - home
           result - successful
[TENANT 1] requests: 1
23:16:42   duration - 1285599453
           id - 1611939162
           relevant - true
           request - login
           result - successful
23:16:42   duration - 409762982
           id - 2114779103
           relevant - true
           request - home
           result - successful
[TENANT 3] requests: 1
23:16:42   duration - 333080886
           id - 2139302988
           relevant - true
           request - home
           result - successful
[TENANT 9] requests: 1
23:16:42   duration - 562921963
           id - 1200330132
           relevant - true
           request - home
           result - successful
[TENANT 6] requests: 1
23:16:42   duration - 275134712
           id - 1098832337
           relevant - true
           request - info
           result - successful
23:16:42   duration - 84792884
           id - 1859374888
           relevant - true
           request - info
           result - successful
23:16:42   duration - 879630754
           id - 1114881184
           relevant - true
           request - home
           result - successful
[TENANT 13] requests: 1
23:16:42   duration - 281791069
           id - 1524521322
           relevant - true
           request - home
           result - successful
[TENANT 12] requests: 1
23:16:42   duration - 773250099
           id - 60654341
           relevant - true
           request - login
           result - successful
23:16:43   duration - 174072859
           id - 224034054
           relevant - true
           request - info
           result - successful
23:16:43   duration - 191431678
           id - 1161905446
           relevant - true
           request - home
           result - successful
[TENANT 2] requests: 1
23:16:43   duration - 728145449
           id - 1022127441
           relevant - true
           request - login
           result - successful
23:16:43   duration - 13785273
           id - 841716924
           relevant - true
           request - info
           result - successful
23:16:43   duration - 210729154
           id - 1793873450
           relevant - true
           request - home
           result - successful
[TENANT 11] requests: 1
23:16:43   duration - 221576777
           id - 157673589
           relevant - true
           request - home
           result - successful
[TENANT 7] requests: 1
23:16:43   duration - 227716711
           id - 907281953
           relevant - true
           request - home
           result - successful
[TENANT 8] requests: 1
23:16:47   duration - 115395959
           id - 1568313494
           relevant - true
           request - login
           result - successful
23:16:47   duration - 11122942
           id - 1289695674
           relevant - true
           request - info
           result - successful
23:16:47   duration - 45613186
           id - 1827489918
           relevant - true
           request - home
           result - successful
[TENANT 10] requests: 2
23:16:47   duration - 154440039
           id - 2062873331
           relevant - true
           request - login
           result - successful
23:16:47   duration - 12394539
           id - 1949504477
           relevant - true
           request - info
           result - successful
23:16:47   duration - 119205731
           id - 559243157
           relevant - true
           request - login
           result - successful
23:16:47   duration - 61378896
           id - 1879873923
           relevant - true
           request - home
           result - successful
[TENANT 4] requests: 2
23:16:47   duration - 48776270
           id - 798143951
           relevant - true
           request - info
           result - successful
23:16:47   duration - 46749427
           id - 732771557
           relevant - true
           request - home
           result - successful
[TENANT 5] requests: 2
23:16:47   duration - 281029968
           id - 91946064
           relevant - true
           request - login
           result - successful
23:16:48   duration - 201886216
           id - 1072604283
           relevant - true
           request - login
           result - successful
23:16:48   duration - 205471806
           id - 196940431
           relevant - true
           request - info
           result - successful
23:16:48   duration - 177226549
           id - 824794614
           relevant - true
           request - info
           result - successful
23:16:48   duration - 381333739
           id - 1649677602
           relevant - true
           request - login
           result - successful
23:16:48   duration - 59051175
           id - 1821636376
           relevant - true
           request - info
           result - successful
23:16:48   duration - 568235500
           id - 1815251235
           relevant - true
           request - login
           result - successful
23:16:48   duration - 197775810
           id - 260216608
           relevant - true
           request - home
           result - successful
[TENANT 1] requests: 2
23:16:48   duration - 238544186
           id - 890687243
           relevant - true
           request - home
           result - successful
[TENANT 3] requests: 2
23:16:48   duration - 559752308
           id - 876002215
           relevant - true
           request - login
           result - successful
23:16:48   duration - 89962134
           id - 1660250837
           relevant - true
           request - info
           result - successful
23:16:48   duration - 244804785
           id - 1756134994
           relevant - true
           request - home
           result - successful
[TENANT 13] requests: 2
23:16:48   duration - 545811962
           id - 329891894
           relevant - true
           request - login
           result - successful
23:16:48   duration - 184194398
           id - 988894033
           relevant - true
           request - info
           result - successful
23:16:48   duration - 581536735
           id - 1693143349
           relevant - true
           request - login
           result - successful
23:16:48   duration - 213012839
           id - 1724572243
           relevant - true
           request - home
           result - successful
[TENANT 9] requests: 2
23:16:48   duration - 50079514
           id - 493759539
           relevant - true
           request - info
           result - successful
23:16:48   duration - 89373255
           id - 1781310424
           relevant - true
           request - info
           result - successful
23:16:48   duration - 481294778
           id - 748506710
           relevant - true
           request - login
           result - successful
23:16:48   duration - 883403692
           id - 592188956
           relevant - true
           request - login
           result - successful
23:16:48   duration - 52489914
           id - 576366005
           relevant - true
           request - info
           result - successful
23:16:48   duration - 52722514
           id - 764148741
           relevant - true
           request - info
           result - successful
23:16:49   duration - 341509368
           id - 424782662
           relevant - true
           request - home
           result - successful
[TENANT 2] requests: 2
23:16:49   duration - 266920429
           id - 1846753861
           relevant - true
           request - home
           result - successful
[TENANT 11] requests: 2
23:16:49   duration - 398722286
           id - 1053741271
           relevant - true
           request - home
           result - successful
[TENANT 6] requests: 2
23:16:49   duration - 736608312
           id - 272748843
           relevant - true
           request - login
           result - successful
23:16:49   duration - 235736532
           id - 699694444
           relevant - true
           request - home
           result - successful
[TENANT 12] requests: 2
23:16:49   duration - 10001451
           id - 512109907
           relevant - true
           request - info
           result - successful
23:16:49   duration - 252091169
           id - 644162854
           relevant - true
           request - home
           result - successful
[TENANT 7] requests: 2
23:16:49   duration - 57507239
           id - 448379483
           relevant - true
           request - home
           result - successful
[TENANT 8] requests: 2
23:16:52   duration - 73725371
           id - 1148278055
           relevant - true
           request - login
           result - successful
23:16:52   duration - 9977989
           id - 1253483481
           relevant - true
           request - info
           result - successful
23:16:52   duration - 23742583
           id - 1317617239
           relevant - true
           request - home
           result - successful
[TENANT 10] requests: 3
23:16:52   duration - 99312623
           id - 815685916
           relevant - true
           request - login
           result - successful
23:16:52   duration - 32489517
           id - 1046059391
           relevant - true
           request - info
           result - successful
23:16:52   duration - 20197681
           id - 979765868
           relevant - true
           request - home
           result - successful
[TENANT 4] requests: 3
23:16:52   duration - 147093605
           id - 1102621435
           relevant - true
           request - login
           result - successful
23:16:52   duration - 11661542
           id - 1333742780
           relevant - true
           request - info
           result - successful
23:16:52   duration - 20323724
           id - 1262535051
           relevant - true
           request - home
           result - successful
[TENANT 5] requests: 3
23:16:53   duration - 126512109
           id - 1600553327
           relevant - true
           request - login
           result - successful
23:16:53   duration - 6688024
           id - 1369535731
           relevant - true
           request - info
           result - successful
23:16:53   duration - 30924876
           id - 1436477983
           relevant - true
           request - home
           result - successful
[TENANT 1] requests: 3
23:16:53   duration - 81585691
           id - 370194370
           relevant - true
           request - login
           result - successful
23:16:53   duration - 39669358
           id - 416766832
           relevant - true
           request - info
           result - successful
23:16:53   duration - 20959057
           id - 485022898
           relevant - true
           request - home
           result - successful
[TENANT 3] requests: 3
23:16:53   duration - 157412379
           id - 505938634
           relevant - true
           request - login
           result - successful
23:16:53   duration - 16643923
           id - 284163967
           relevant - true
           request - info
           result - successful
23:16:53   duration - 75611156
           id - 349202874
           relevant - true
           request - home
           result - successful
[TENANT 13] requests: 3
23:16:53   duration - 185221589
           id - 1410491515
           relevant - true
           request - login
           result - successful
23:16:53   duration - 6975533
           id - 1523945609
           relevant - true
           request - info
           result - successful
23:16:53   duration - 48978141
           id - 1592397579
           relevant - true
           request - home
           result - successful
[TENANT 9] requests: 3
23:16:54   duration - 90251273
           id - 152991572
           relevant - true
           request - login
           result - successful
23:16:54   duration - 102140522
           id - 199714429
           relevant - true
           request - login
           result - successful
23:16:54   duration - 107485769
           id - 349795637
           relevant - true
           request - login
           result - successful
23:16:54   duration - 16356735
           id - 131696647
           relevant - true
           request - info
           result - successful
23:16:54   duration - 97416674
           id - 86022513
           relevant - true
           request - info
           result - successful
23:16:54   duration - 311511661
           id - 438213086
           relevant - true
           request - info
           result - successful
23:16:54   duration - 218149870
           id - 18812173
           relevant - true
           request - home
           result - successful
23:16:54   duration - 353794657
           id - 1202440441
           relevant - true
           request - login
           result - successful
[TENANT 6] requests: 3
23:16:54   duration - 394419675
           id - 65412132
           relevant - true
           request - home
           result - successful
[TENANT 11] requests: 3
23:16:54   duration - 86043258
           id - 1231826556
           relevant - true
           request - info
           result - successful
23:16:54   duration - 95585021
           id - 505486917
           relevant - true
           request - home
           result - successful
[TENANT 2] requests: 3
23:16:54   duration - 411959350
           id - 1442945242
           relevant - true
           request - login
           result - successful
23:16:54   duration - 84048268
           id - 1297326985
           relevant - true
           request - home
           result - successful
[TENANT 12] requests: 3
23:16:54   duration - 72667800
           id - 1489402986
           relevant - true
           request - info
           result - successful
23:16:54   duration - 531062747
           id - 1684415766
           relevant - true
           request - login
           result - successful
23:16:54   duration - 17731095
           id - 1559884714
           relevant - true
           request - home
           result - successful
[TENANT 8] requests: 3
23:16:54   duration - 19166370
           id - 1788991466
           relevant - true
           request - info
           result - successful
23:16:54   duration - 87580999
           id - 1855868518
           relevant - true
           request - home
           result - successful
[TENANT 7] requests: 3
23:16:57   duration - 84591636
           id - 686369273
           relevant - true
           request - login
           result - successful
23:16:57   duration - 11151064
           id - 640598676
           relevant - true
           request - info
           result - successful
23:16:57   duration - 15180042
           id - 571556489
           relevant - true
           request - home
           result - successful
[TENANT 10] requests: 4
23:16:58   duration - 101257147
           id - 493465209
           relevant - true
           request - login
           result - successful
23:16:58   duration - 30424918
           id - 330187684
           relevant - true
           request - info
           result - successful
23:16:58   duration - 48212775
           id - 395429129
           relevant - true
           request - home
           result - successful
[TENANT 4] requests: 4
23:16:58   duration - 158515900
           id - 1834431632
           relevant - true
           request - login
           result - successful
23:16:58   duration - 10127306
           id - 1670436682
           relevant - true
           request - info
           result - successful
23:16:58   duration - 30170333
           id - 1739546592
           relevant - true
           request - home
           result - successful
[TENANT 5] requests: 4
23:16:58   duration - 77266453
           id - 2032234103
           relevant - true
           request - login
           result - successful
23:16:58   duration - 11838628
           id - 2011598627
           relevant - true
           request - info
           result - successful
23:16:58   duration - 25711443
           id - 1943602439
           relevant - true
           request - home
           result - successful
[TENANT 1] requests: 4
23:16:58   duration - 114846811
           id - 1761995795
           relevant - true
           request - login
           result - successful
23:16:58   duration - 12125897
           id - 1740771139
           relevant - true
           request - info
           result - successful
23:16:58   duration - 15408828
           id - 1677559651
           relevant - true
           request - home
           result - successful
[TENANT 3] requests: 4
23:16:58   duration - 75571189
           id - 1929299829
           relevant - true
           request - login
           result - successful
23:16:58   duration - 5173636
           id - 2084124506
           relevant - true
           request - info
           result - successful
23:16:58   duration - 19609845
           id - 2013703173
           relevant - true
           request - home
           result - successful
[TENANT 13] requests: 4
23:16:59   duration - 83366719
           id - 1398458985
           relevant - true
           request - login
           result - successful
23:16:59   duration - 6597755
           id - 1570586226
           relevant - true
           request - info
           result - successful
23:16:59   duration - 14682654
           id - 1503830297
           relevant - true
           request - home
           result - successful
[TENANT 9] requests: 4
23:16:59   duration - 77426177
           id - 1085280807
           relevant - true
           request - login
           result - successful
23:16:59   duration - 7082173
           id - 1316484161
           relevant - true
           request - info
           result - successful
23:16:59   duration - 198406417
           id - 1246263639
           relevant - true
           request - home
           result - successful
[TENANT 6] requests: 4
23:16:59   duration - 248220469
           id - 1890056204
           relevant - true
           request - login
           result - successful
23:16:59   duration - 89911995
           id - 2120226920
           relevant - true
           request - info
           result - successful
23:16:59   duration - 341904082
           id - 2082730623
           relevant - true
           request - login
           result - successful
23:16:59   duration - 317036058
           id - 2058772792
           relevant - true
           request - login
           result - successful
23:17:00   duration - 129580239
           id - 2053084028
           relevant - true
           request - home
           result - successful
[TENANT 11] requests: 4
23:17:00   duration - 52147942
           id - 1953595422
           relevant - true
           request - info
           result - successful
23:17:00   duration - 62455464
           id - 1927545739
           relevant - true
           request - info
           result - successful
23:17:00   duration - 493201036
           id - 1106591019
           relevant - true
           request - login
           result - successful
23:17:00   duration - 304513624
           id - 256573050
           relevant - true
           request - login
           result - successful
23:17:00   duration - 28048716
           id - 1328728933
           relevant - true
           request - info
           result - successful
23:17:00   duration - 25918743
           id - 1328280734
           relevant - true
           request - info
           result - successful
23:17:00   duration - 39997177
           id - 1994103055
           relevant - true
           request - home
           result - successful
[TENANT 12] requests: 4
23:17:00   duration - 91117778
           id - 1884162632
           relevant - true
           request - home
           result - successful
[TENANT 8] requests: 4
23:17:00   duration - 60565855
           id - 1259165275
           relevant - true
           request - home
           result - successful
[TENANT 2] requests: 4
23:17:00   duration - 60895921
           id - 1041224902
           relevant - true
           request - home
           result - successful
[TENANT 7] requests: 4
23:17:02   duration - 82519102
           id - 31108703
           relevant - true
           request - login
           result - successful
23:17:02   duration - 8630201
           id - 253579284
           relevant - true
           request - info
           result - successful
23:17:02   duration - 24731042
           id - 186828079
           relevant - true
           request - home
           result - successful
[TENANT 10] requests: 5
23:17:03   duration - 98784278
           id - 952832361
           relevant - true
           request - login
           result - successful
23:17:03   duration - 12432854
           id - 906819584
           relevant - true
           request - info
           result - successful
23:17:03   duration - 34721381
           id - 842234393
           relevant - true
           request - home
           result - successful
[TENANT 4] requests: 5
23:17:03   duration - 107993148
           id - 1178297590
           relevant - true
           request - login
           result - successful
23:17:03   duration - 9010310
           id - 1224512065
           relevant - true
           request - info
           result - successful
23:17:03   duration - 16314451
           id - 1287851910
           relevant - true
           request - home
           result - successful
[TENANT 5] requests: 5
23:17:03   duration - 88999590
           id - 496863232
           relevant - true
           request - login
           result - successful
23:17:03   duration - 7553119
           id - 324691395
           relevant - true
           request - info
           result - successful
23:17:03   duration - 13767623
           id - 392553328
           relevant - true
           request - home
           result - successful
[TENANT 1] requests: 5
23:17:03   duration - 80390853
           id - 1668992452
           relevant - true
           request - login
           result - successful
23:17:03   duration - 6301710
           id - 1841119195
           relevant - true
           request - info
           result - successful
23:17:03   duration - 14929437
           id - 1770170036
           relevant - true
           request - home
           result - successful
[TENANT 3] requests: 5
23:17:04   duration - 88128048
           id - 419147198
           relevant - true
           request - login
           result - successful
23:17:04   duration - 10059085
           id - 373051601
           relevant - true
           request - info
           result - successful
23:17:04   duration - 11731353
           id - 302237390
           relevant - true
           request - home
           result - successful
[TENANT 13] requests: 5
23:17:04   duration - 109926713
           id - 2087334252
           relevant - true
           request - login
           result - successful
23:17:04   duration - 9588393
           id - 1923993745
           relevant - true
           request - info
           result - successful
23:17:04   duration - 14988572
           id - 1989302812
           relevant - true
           request - home
           result - successful
[TENANT 9] requests: 5
23:17:04   duration - 79672094
           id - 1413215746
           relevant - true
           request - login
           result - successful
23:17:04   duration - 13971591
           id - 1526469365
           relevant - true
           request - info
           result - successful
23:17:04   duration - 20509152
           id - 1589878130
           relevant - true
           request - home
           result - successful
[TENANT 6] requests: 5
23:17:05   duration - 98302155
           id - 555995607
           relevant - true
           request - login
           result - successful
23:17:05   duration - 7945540
           id - 803482499
           relevant - true
           request - info
           result - successful
23:17:05   duration - 56083478
           id - 735820455
           relevant - true
           request - home
           result - successful
[TENANT 11] requests: 5
23:17:05   duration - 191301502
           id - 1025054823
           relevant - true
           request - login
           result - successful
23:17:05   duration - 47525659
           id - 870248884
           relevant - true
           request - info
           result - successful
23:17:05   duration - 258062378
           id - 158423325
           relevant - true
           request - login
           result - successful
23:17:05   duration - 293423887
           id - 744659822
           relevant - true
           request - login
           result - successful
23:17:05   duration - 44925316
           id - 129410627
           relevant - true
           request - info
           result - successful
23:17:05   duration - 290384296
           id - 1532734903
           relevant - true
           request - login
           result - successful
23:17:05   duration - 8364288
           id - 581267602
           relevant - true
           request - info
           result - successful
23:17:05   duration - 148835631
           id - 1436305580
           relevant - true
           request - info
           result - successful
23:17:05   duration - 264168664
           id - 937521943
           relevant - true
           request - home
           result - successful
[TENANT 12] requests: 5
23:17:05   duration - 191118050
           id - 59322989
           relevant - true
           request - home
           result - successful
[TENANT 8] requests: 5
23:17:05   duration - 197932846
           id - 647688222
           relevant - true
           request - home
           result - successful
[TENANT 2] requests: 5
23:17:05   duration - 62651090
           id - 1369687751
           relevant - true
           request - home
           result - successful
[TENANT 7] requests: 5
23:17:08   duration - 89012247
           id - 1598450540
           relevant - true
           request - login
           result - successful
23:17:08   duration - 7369248
           id - 1367445236
           relevant - true
           request - info
           result - successful
23:17:08   duration - 14129943
           id - 1438515228
           relevant - true
           request - home
           result - successful
[TENANT 10] requests: 6
23:17:08   duration - 90515992
           id - 1015125906
           relevant - true
           request - login
           result - successful
23:17:08   duration - 7063896
           id - 843480690
           relevant - true
           request - info
           result - successful
23:17:08   duration - 11378495
           id - 913964258
           relevant - true
           request - home
           result - successful
[TENANT 4] requests: 6
23:17:08   duration - 90531106
           id - 91258976
           relevant - true
           request - login
           result - successful
23:17:08   duration - 5951398
           id - 196574910
           relevant - true
           request - info
           result - successful
23:17:08   duration - 20944754
           id - 260631312
           relevant - true
           request - home
           result - successful
[TENANT 5] requests: 6
23:17:08   duration - 87818064
           id - 1436892740
           relevant - true
           request - login
           result - successful
23:17:08   duration - 6301286
           id - 1533205120
           relevant - true
           request - info
           result - successful
23:17:08   duration - 14306077
           id - 1599952180
           relevant - true
           request - home
           result - successful
[TENANT 1] requests: 6
23:17:09   duration - 93393788
           id - 1648693926
           relevant - true
           request - login
           result - successful
23:17:09   duration - 8384567
           id - 1820520606
           relevant - true
           request - info
           result - successful
23:17:09   duration - 15648471
           id - 1757247958
           relevant - true
           request - home
           result - successful
[TENANT 3] requests: 6
23:17:09   duration - 76337314
           id - 1040244136
           relevant - true
           request - login
           result - successful
23:17:09   duration - 7025236
           id - 818361368
           relevant - true
           request - info
           result - successful
23:17:09   duration - 16966899
           id - 888714968
           relevant - true
           request - home
           result - successful
[TENANT 13] requests: 6
23:17:09   duration - 99878653
           id - 432677989
           relevant - true
           request - login
           result - successful
23:17:09   duration - 12612818
           id - 386779436
           relevant - true
           request - info
           result - successful
23:17:09   duration - 22163900
           id - 322064149
           relevant - true
           request - home
           result - successful
[TENANT 9] requests: 6
23:17:09   duration - 91241868
           id - 1632898400
           relevant - true
           request - login
           result - successful
23:17:09   duration - 9579853
           id - 1871970106
           relevant - true
           request - info
           result - successful
23:17:10   duration - 29423162
           id - 1806460432
           relevant - true
           request - home
           result - successful
[TENANT 6] requests: 6
23:17:10   duration - 87663325
           id - 361123162
           relevant - true
           request - login
           result - successful
23:17:10   duration - 7520726
           id - 457286042
           relevant - true
           request - info
           result - successful
23:17:10   duration - 18755786
           id - 528361002
           relevant - true
           request - home
           result - successful
[TENANT 11] requests: 6
23:17:10   duration - 176291768
           id - 1209861891
           relevant - true
           request - login
           result - successful
23:17:10   duration - 147575391
           id - 2008386513
           relevant - true
           request - login
           result - successful
23:17:10   duration - 189971693
           id - 165885208
           relevant - true
           request - login
           result - successful
23:17:10   duration - 56415306
           id - 2037541719
           relevant - true
           request - info
           result - successful
23:17:10   duration - 61754632
           id - 1188749424
           relevant - true
           request - info
           result - successful
23:17:10   duration - 40437065
           id - 119851604
           relevant - true
           request - info
           result - successful
23:17:11   duration - 199399533
           id - 1122331763
           relevant - true
           request - home
           result - successful
[TENANT 12] requests: 6
23:17:11   duration - 386488176
           id - 614747962
           relevant - true
           request - login
           result - successful
23:17:11   duration - 164948273
           id - 52125288
           relevant - true
           request - home
           result - successful
[TENANT 2] requests: 6
23:17:11   duration - 218326544
           id - 2102255777
           relevant - true
           request - home
           result - successful
[TENANT 8] requests: 6
23:17:11   duration - 30843464
           id - 711177694
           relevant - true
           request - info
           result - successful
23:17:11   duration - 21903956
           id - 777790538
           relevant - true
           request - home
           result - successful
[TENANT 7] requests: 6
23:17:13   duration - 84195186
           id - 939015802
           relevant - true
           request - login
           result - successful
23:17:13   duration - 5972061
           id - 960485109
           relevant - true
           request - info
           result - successful
23:17:13   duration - 27021983
           id - 1023431946
           relevant - true
           request - home
           result - successful
[TENANT 10] requests: 7
23:17:13   duration - 86354122
           id - 1309196978
           relevant - true
           request - login
           result - successful
23:17:13   duration - 7789175
           id - 1087317251
           relevant - true
           request - info
           result - successful
23:17:13   duration - 15456819
           id - 1156622786
           relevant - true
           request - home
           result - successful
[TENANT 4] requests: 7
23:17:13   duration - 84459222
           id - 1201642392
           relevant - true
           request - login
           result - successful
23:17:13   duration - 10022187
           id - 1230535963
           relevant - true
           request - info
           result - successful
23:17:13   duration - 19119045
           id - 1298657512
           relevant - true
           request - home
           result - successful
[TENANT 5] requests: 7
23:17:14   duration - 89929109
           id - 1243862046
           relevant - true
           request - login
           result - successful
23:17:14   duration - 20887431
           id - 1155805994
           relevant - true
           request - info
           result - successful
23:17:14   duration - 25077495
           id - 1088143214
           relevant - true
           request - home
           result - successful
[TENANT 1] requests: 7
23:17:14   duration - 87728988
           id - 667697169
           relevant - true
           request - login
           result - successful
23:17:14   duration - 8232949
           id - 688634520
           relevant - true
           request - info
           result - successful
23:17:14   duration - 24140599
           id - 758393697
           relevant - true
           request - home
           result - successful
[TENANT 3] requests: 7
23:17:14   duration - 94012671
           id - 10428502
           relevant - true
           request - login
           result - successful
23:17:14   duration - 12942503
           id - 240700981
           relevant - true
           request - info
           result - successful
23:17:14   duration - 29294995
           id - 174541606
           relevant - true
           request - home
           result - successful
[TENANT 13] requests: 7
23:17:14   duration - 90945994
           id - 23653006
           relevant - true
           request - login
           result - successful
23:17:14   duration - 6266131
           id - 263132371
           relevant - true
           request - info
           result - successful
23:17:14   duration - 16689490
           id - 194019838
           relevant - true
           request - home
           result - successful
[TENANT 9] requests: 7
23:17:15   duration - 82760330
           id - 1344444721
           relevant - true
           request - login
           result - successful
23:17:15   duration - 8274794
           id - 1592098117
           relevant - true
           request - info
           result - successful
23:17:15   duration - 19108806
           id - 1524298305
           relevant - true
           request - home
           result - successful
[TENANT 6] requests: 7
23:17:15   duration - 83841594
           id - 227596473
           relevant - true
           request - login
           result - successful
23:17:15   duration - 7820636
           id - 56043387
           relevant - true
           request - info
           result - successful
23:17:15   duration - 20057598
           id - 124302281
           relevant - true
           request - home
           result - successful
[TENANT 11] requests: 7
23:17:16   duration - 78197088
           id - 117235326
           relevant - true
           request - login
           result - successful
23:17:16   duration - 84166847
           id - 500509674
           relevant - true
           request - login
           result - successful
23:17:16   duration - 51808012
           id - 138092753
           relevant - true
           request - info
           result - successful
23:17:16   duration - 97492625
           id - 320001568
           relevant - true
           request - info
           result - successful
23:17:16   duration - 181294024
           id - 1076714638
           relevant - true
           request - login
           result - successful
23:17:16   duration - 17633944
           id - 388841626
           relevant - true
           request - home
           result - successful
[TENANT 2] requests: 7
23:17:16   duration - 8640011
           id - 1324006139
           relevant - true
           request - info
           result - successful
23:17:16   duration - 100241822
           id - 201635086
           relevant - true
           request - home
           result - successful
[TENANT 12] requests: 7
23:17:16   duration - 306875432
           id - 314246354
           relevant - true
           request - login
           result - successful
23:17:16   duration - 180740053
           id - 1255487486
           relevant - true
           request - home
           result - successful
[TENANT 8] requests: 7
23:17:16   duration - 21446508
           id - 477948149
           relevant - true
           request - info
           result - successful
23:17:16   duration - 23102120
           id - 407072674
           relevant - true
           request - home
           result - successful
[TENANT 7] requests: 7
23:17:18   duration - 83558321
           id - 13206160
           relevant - true
           request - login
           result - successful
23:17:18   duration - 8168521
           id - 235830521
           relevant - true
           request - info
           result - successful
23:17:18   duration - 18234284
           id - 171043296
           relevant - true
           request - home
           result - successful
[TENANT 10] requests: 8
23:17:18   duration - 82598835
           id - 921991590
           relevant - true
           request - login
           result - successful
23:17:18   duration - 14068950
           id - 942899464
           relevant - true
           request - info
           result - successful
23:17:18   duration - 17425006
           id - 1007424214
           relevant - true
           request - home
           result - successful
[TENANT 4] requests: 8
23:17:18   duration - 78283606
           id - 753516449
           relevant - true
           request - login
           result - successful
23:17:18   duration - 8369516
           id - 573457484
           relevant - true
           request - info
           result - successful
23:17:18   duration - 16986293
           id - 638702801
           relevant - true
           request - home
           result - successful
[TENANT 5] requests: 8
23:17:19   duration - 83120200
           id - 1361593498
           relevant - true
           request - login
           result - successful
23:17:19   duration - 8423627
           id - 1609543887
           relevant - true
           request - info
           result - successful
23:17:19   duration - 25406435
           id - 1540370410
           relevant - true
           request - home
           result - successful
[TENANT 1] requests: 8
23:17:19   duration - 84662260
           id - 1545833781
           relevant - true
           request - login
           result - successful
23:17:19   duration - 11967572
           id - 1390700737
           relevant - true
           request - info
           result - successful
23:17:19   duration - 22610734
           id - 1457251909
           relevant - true
           request - home
           result - successful
[TENANT 3] requests: 8
23:17:19   duration - 74487488
           id - 279917839
           relevant - true
           request - login
           result - successful
23:17:19   duration - 7251084
           id - 510187882
           relevant - true
           request - info
           result - successful
23:17:19   duration - 19153926
           id - 441933439
           relevant - true
           request - home
           result - successful
[TENANT 13] requests: 8
23:17:19   duration - 98892204
           id - 1062213012
           relevant - true
           request - login
           result - successful
23:17:19   duration - 7415579
           id - 832039950
           relevant - true
           request - info
           result - successful
23:17:19   duration - 14468898
           id - 900234980
           relevant - true
           request - home
           result - successful
[TENANT 9] requests: 8
23:17:20   duration - 87532224
           id - 1781780064
           relevant - true
           request - login
           result - successful
23:17:20   duration - 6673385
           id - 1693723990
           relevant - true
           request - info
           result - successful
23:17:20   duration - 15205910
           id - 1623958800
           relevant - true
           request - home
           result - successful
[TENANT 6] requests: 8
23:17:20   duration - 94225061
           id - 1370328483
           relevant - true
           request - login
           result - successful
23:17:20   duration - 10345286
           id - 1600813542
           relevant - true
           request - info
           result - successful
23:17:20   duration - 20664941
           id - 1532356307
           relevant - true
           request - home
           result - successful
[TENANT 11] requests: 8
23:17:21   duration - 74883566
           id - 1680011011
           relevant - true
           request - login
           result - successful
23:17:21   duration - 9009820
           id - 1793396215
           relevant - true
           request - info
           result - successful
23:17:21   duration - 16310125
           id - 1859814515
           relevant - true
           request - home
           result - successful
[TENANT 2] requests: 8
23:17:21   duration - 96575997
           id - 522226221
           relevant - true
           request - login
           result - successful
23:17:21   duration - 6585987
           id - 300382137
           relevant - true
           request - info
           result - successful
23:17:21   duration - 17733856
           id - 366535005
           relevant - true
           request - home
           result - successful
[TENANT 12] requests: 8
23:17:21   duration - 102577223
           id - 581665712
           relevant - true
           request - login
           result - successful
23:17:21   duration - 9288202
           id - 745306517
           relevant - true
           request - info
           result - successful
23:17:21   duration - 201318791
           id - 32844556
           relevant - true
           request - login
           result - successful
23:17:21   duration - 150324565
           id - 676587712
           relevant - true
           request - home
           result - successful
[TENANT 8] requests: 8
23:17:21   duration - 20780372
           id - 254985538
           relevant - true
           request - info
           result - successful
23:17:21   duration - 53014789
           id - 185417852
           relevant - true
           request - home
           result - successful
[TENANT 7] requests: 8
23:17:23   duration - 92510901
           id - 688985799
           relevant - true
           request - login
           result - successful
23:17:23   duration - 7337697
           id - 668401045
           relevant - true
           request - info
           result - successful
23:17:23   duration - 17524115
           id - 602504631
           relevant - true
           request - home
           result - successful
[TENANT 10] requests: 9
23:17:23   duration - 85479295
           id - 450490627
           relevant - true
           request - login
           result - successful
23:17:23   duration - 8956598
           id - 337513512
           relevant - true
           request - info
           result - successful
23:17:23   duration - 19634724
           id - 270637683
           relevant - true
           request - home
           result - successful
[TENANT 4] requests: 9
23:17:23   duration - 83314656
           id - 397731237
           relevant - true
           request - login
           result - successful
23:17:23   duration - 8886093
           id - 426973475
           relevant - true
           request - info
           result - successful
23:17:23   duration - 17172459
           id - 491556565
           relevant - true
           request - home
           result - successful
[TENANT 5] requests: 9
23:17:24   duration - 92488049
           id - 2065648450
           relevant - true
           request - login
           result - successful
23:17:24   duration - 24783728
           id - 1977137745
           relevant - true
           request - info
           result - successful
23:17:24   duration - 32400231
           id - 1910972466
           relevant - true
           request - home
           result - successful
[TENANT 1] requests: 9
23:17:24   duration - 107777141
           id - 756816325
           relevant - true
           request - login
           result - successful
23:17:24   duration - 6508024
           id - 601612822
           relevant - true
           request - info
           result - successful
23:17:24   duration - 12560105
           id - 669282997
           relevant - true
           request - home
           result - successful
[TENANT 3] requests: 9
23:17:24   duration - 80972516
           id - 554297578
           relevant - true
           request - login
           result - successful
23:17:24   duration - 10187587
           id - 802030267
           relevant - true
           request - info
           result - successful
23:17:24   duration - 12042643
           id - 737248154
           relevant - true
           request - home
           result - successful
[TENANT 13] requests: 9
23:17:24   duration - 77665067
           id - 12331137
           relevant - true
           request - login
           result - successful
23:17:24   duration - 7754302
           id - 242996966
           relevant - true
           request - info
           result - successful
23:17:24   duration - 19890748
           id - 172246001
           relevant - true
           request - home
           result - successful
[TENANT 9] requests: 9
23:17:25   duration - 89984033
           id - 830183221
           relevant - true
           request - login
           result - successful
23:17:25   duration - 7768105
           id - 1069317994
           relevant - true
           request - info
           result - successful
23:17:25   duration - 14459247
           id - 998505541
           relevant - true
           request - home
           result - successful
[TENANT 6] requests: 9
23:17:25   duration - 72305030
           id - 1392093199
           relevant - true
           request - login
           result - successful
23:17:25   duration - 6024764
           id - 1547590688
           relevant - true
           request - info
           result - successful
23:17:25   duration - 14080733
           id - 1476510591
           relevant - true
           request - home
           result - successful
[TENANT 11] requests: 9
23:17:26   duration - 85220197
           id - 1154400899
           relevant - true
           request - login
           result - successful
23:17:26   duration - 6759719
           id - 1242113130
           relevant - true
           request - info
           result - successful
23:17:26   duration - 14620295
           id - 1312205299
           relevant - true
           request - home
           result - successful
[TENANT 2] requests: 9
23:17:26   duration - 82648030
           id - 610373419
           relevant - true
           request - login
           result - successful
23:17:26   duration - 6819483
           id - 715552215
           relevant - true
           request - info
           result - successful
23:17:26   duration - 13935655
           id - 781837403
           relevant - true
           request - home
           result - successful
[TENANT 12] requests: 9
23:17:26   duration - 84765657
           id - 2094433958
           relevant - true
           request - login
           result - successful
23:17:26   duration - 5162271
           id - 1913743180
           relevant - true
           request - info
           result - successful
23:17:26   duration - 144889359
           id - 1982787030
           relevant - true
           request - home
           result - successful
[TENANT 8] requests: 9
23:17:26   duration - 178631530
           id - 1410514484
           relevant - true
           request - login
           result - successful
23:17:26   duration - 42248886
           id - 1523931846
           relevant - true
           request - info
           result - successful
23:17:27   duration - 27397809
           id - 1592448324
           relevant - true
           request - home
           result - successful
[TENANT 7] requests: 9
23:17:28   duration - 89083221
           id - 712740241
           relevant - true
           request - login
           result - successful
23:17:28   duration - 5670183
           id - 616330926
           relevant - true
           request - info
           result - successful
23:17:28   duration - 15276194
           id - 545515233
           relevant - true
           request - home
           result - successful
[TENANT 10] requests: 10
23:17:28   duration - 85978168
           id - 2000966772
           relevant - true
           request - login
           result - successful
23:17:28   duration - 7174876
           id - 2038674668
           relevant - true
           request - info
           result - successful
23:17:28   duration - 10277650
           id - 2109488900
           relevant - true
           request - home
           result - successful
[TENANT 4] requests: 10
23:17:28   duration - 70962092
           id - 1270140910
           relevant - true
           request - login
           result - successful
23:17:28   duration - 4444054
           id - 1165179112
           relevant - true
           request - info
           result - successful
23:17:28   duration - 14778573
           id - 1095541918
           relevant - true
           request - home
           result - successful
[TENANT 5] requests: 10
23:17:29   duration - 93891487
           id - 859998825
           relevant - true
           request - login
           result - successful
23:17:29   duration - 8692481
           id - 1032151665
           relevant - true
           request - info
           result - successful
23:17:29   duration - 16102500
           id - 968548633
           relevant - true
           request - home
           result - successful
[TENANT 1] requests: 10
23:17:29   duration - 81391138
           id - 684978808
           relevant - true
           request - login
           result - successful
23:17:29   duration - 6600138
           id - 638847250
           relevant - true
           request - info
           result - successful
23:17:29   duration - 13378154
           id - 573282568
           relevant - true
           request - home
           result - successful
[TENANT 3] requests: 10
23:17:29   duration - 122404708
           id - 664322345
           relevant - true
           request - login
           result - successful
23:17:29   duration - 9585976
           id - 694102954
           relevant - true
           request - info
           result - successful
23:17:29   duration - 24138736
           id - 761309785
           relevant - true
           request - home
           result - successful
[TENANT 13] requests: 10
23:17:29   duration - 78093861
           id - 1262450883
           relevant - true
           request - login
           result - successful
23:17:29   duration - 4919004
           id - 1173917652
           relevant - true
           request - info
           result - successful
23:17:29   duration - 10244210
           id - 1103565747
           relevant - true
           request - home
           result - successful
[TENANT 9] requests: 10
23:17:30   duration - 80309345
           id - 1444880792
           relevant - true
           request - login
           result - successful
23:17:30   duration - 5399064
           id - 1490601259
           relevant - true
           request - info
           result - successful
23:17:30   duration - 8883079
           id - 1558661864
           relevant - true
           request - home
           result - successful
[TENANT 6] requests: 10
23:17:30   duration - 64568700
           id - 982236190
           relevant - true
           request - login
           result - successful
23:17:30   duration - 5467923
           id - 877413695
           relevant - true
           request - info
           result - successful
23:17:30   duration - 12767828
           id - 812898158
           relevant - true
           request - home
           result - successful
[TENANT 11] requests: 10
23:17:31   duration - 71477721
           id - 1117365183
           relevant - true
           request - login
           result - successful
23:17:31   duration - 5420346
           id - 1281250716
           relevant - true
           request - info
           result - successful
23:17:31   duration - 10019973
           id - 1214367951
           relevant - true
           request - home
           result - successful
[TENANT 2] requests: 10
23:17:31   duration - 80030089
           id - 562200651
           relevant - true
           request - login
           result - successful
23:17:31   duration - 7645579
           id - 793082379
           relevant - true
           request - info
           result - successful
23:17:31   duration - 76599111
           id - 729475899
           relevant - true
           request - home
           result - successful
[TENANT 12] requests: 10
23:17:32   duration - 112598836
           id - 651967453
           relevant - true
           request - login
           result - successful
23:17:32   duration - 5739387
           id - 672907638
           relevant - true
           request - info
           result - successful
23:17:32   duration - 28779384
           id - 740577453
           relevant - true
           request - home
           result - successful
[TENANT 8] requests: 10
23:17:32   duration - 93125589
           id - 1442484506
           relevant - true
           request - login
           result - successful
23:17:32   duration - 4059808
           id - 1530750421
           relevant - true
           request - info
           result - successful
23:17:32   duration - 34155971
           id - 1594030698
           relevant - true
           request - home
           result - successful
[TENANT 7] requests: 10
23:17:33   duration - 83368723
           id - 1585351959
           relevant - true
           request - login
           result - successful
23:17:33   duration - 4831311
           id - 1354328232
           relevant - true
           request - info
           result - successful
23:17:33   duration - 10036783
           id - 1418126951
           relevant - true
           request - home
           result - successful
[TENANT 10] requests: 11
23:17:33   duration - 80617833
           id - 1250391008
           relevant - true
           request - login
           result - successful
23:17:33   duration - 5865757
           id - 1145078976
           relevant - true
           request - info
           result - successful
23:17:33   duration - 14961748
           id - 1082071184
           relevant - true
           request - home
           result - successful
[TENANT 4] requests: 11
23:17:33   duration - 87967913
           id - 1235314501
           relevant - true
           request - login
           result - successful
23:17:33   duration - 9730313
           id - 1197903873
           relevant - true
           request - info
           result - successful
23:17:33   duration - 12751505
           id - 1129909301
           relevant - true
           request - home
           result - successful
[TENANT 5] requests: 11
23:17:34   duration - 78004574
           id - 1602673805
           relevant - true
           request - login
           result - successful
23:17:34   duration - 6373016
           id - 1363224845
           relevant - true
           request - info
           result - successful
23:17:34   duration - 17505026
           id - 1434367997
           relevant - true
           request - home
           result - successful
[TENANT 1] requests: 11
23:17:34   duration - 81899991
           id - 1090633328
           relevant - true
           request - login
           result - successful
23:17:34   duration - 5484944
           id - 1338394656
           relevant - true
           request - info
           result - successful
23:17:34   duration - 14291625
           id - 1274664192
           relevant - true
           request - home
           result - successful
[TENANT 3] requests: 11
23:17:34   duration - 102076274
           id - 752842826
           relevant - true
           request - login
           result - successful
23:17:34   duration - 5860116
           id - 572036001
           relevant - true
           request - info
           result - successful
23:17:34   duration - 10484645
           id - 640095034
           relevant - true
           request - home
           result - successful
[TENANT 13] requests: 11
23:17:34   duration - 105513648
           id - 333221566
           relevant - true
           request - login
           result - successful
23:17:34   duration - 9267911
           id - 488334005
           relevant - true
           request - info
           result - successful
23:17:34   duration - 12073057
           id - 421848526
           relevant - true
           request - home
           result - successful
[TENANT 9] requests: 11
23:17:35   duration - 103848609
           id - 1688605380
           relevant - true
           request - login
           result - successful
23:17:35   duration - 9185931
           id - 1784803360
           relevant - true
           request - info
           result - successful
23:17:35   duration - 26250529
           id - 1851685300
           relevant - true
           request - home
           result - successful
[TENANT 6] requests: 11
23:17:35   duration - 141992923
           id - 146766617
           relevant - true
           request - login
           result - successful
23:17:35   duration - 10117215
           id - 108561534
           relevant - true
           request - info
           result - successful
23:17:35   duration - 21486873
           id - 38211689
           relevant - true
           request - home
           result - successful
[TENANT 11] requests: 11
23:17:36   duration - 94710132
           id - 1733966273
           relevant - true
           request - login
           result - successful
23:17:36   duration - 8578381
           id - 1771948890
           relevant - true
           request - info
           result - successful
23:17:36   duration - 21904552
           id - 1839354545
           relevant - true
           request - home
           result - successful
[TENANT 2] requests: 11
23:17:36   duration - 94251923
           id - 1630784837
           relevant - true
           request - login
           result - successful
23:17:36   duration - 7450921
           id - 1878273811
           relevant - true
           request - info
           result - successful
23:17:36   duration - 118686751
           id - 1808508469
           relevant - true
           request - home
           result - successful
[TENANT 12] requests: 11
23:17:37   duration - 142245169
           id - 889704762
           relevant - true
           request - login
           result - successful
23:17:37   duration - 7551922
           id - 1002453482
           relevant - true
           request - info
           result - successful
23:17:37   duration - 131388946
           id - 1490144623
           relevant - true
           request - login
           result - successful
23:17:37   duration - 50161342
           id - 1073723978
           relevant - true
           request - home
           result - successful
[TENANT 8] requests: 11
23:17:37   duration - 19042786
           id - 1444292613
           relevant - true
           request - info
           result - successful
23:17:37   duration - 47222168
           id - 1378461215
           relevant - true
           request - home
           result - successful
[TENANT 7] requests: 11
23:17:38   duration - 87022045
           id - 1256003318
           relevant - true
           request - login
           result - successful
23:17:38   duration - 8244892
           id - 1142612445
           relevant - true
           request - info
           result - successful
23:17:38   duration - 15873316
           id - 1076198790
           relevant - true
           request - home
           result - successful
[TENANT 10] requests: 12
23:17:38   duration - 81612416
           id - 2036115247
           relevant - true
           request - login
           result - successful
23:17:39   duration - 15861693
           id - 2006668916
           relevant - true
           request - info
           result - successful
23:17:39   duration - 15486585
           id - 1940180063
           relevant - true
           request - home
           result - successful
[TENANT 4] requests: 12
23:17:39   duration - 110150454
           id - 2118827800
           relevant - true
           request - login
           result - successful
23:17:39   duration - 9622971
           id - 1888312993
           relevant - true
           request - info
           result - successful
23:17:39   duration - 14949499
           id - 1957876840
           relevant - true
           request - home
           result - successful
[TENANT 5] requests: 12
23:17:39   duration - 78369693
           id - 554778068
           relevant - true
           request - login
           result - successful
23:17:39   duration - 5160270
           id - 802604934
           relevant - true
           request - info
           result - successful
23:17:39   duration - 23232861
           id - 736712356
           relevant - true
           request - home
           result - successful
[TENANT 1] requests: 12
23:17:39   duration - 94787157
           id - 1505156254
           relevant - true
           request - login
           result - successful
23:17:39   duration - 6741367
           id - 1467034072
           relevant - true
           request - info
           result - successful
23:17:39   duration - 13570377
           id - 1397667822
           relevant - true
           request - home
           result - successful
[TENANT 3] requests: 12
23:17:39   duration - 86970705
           id - 1169459605
           relevant - true
           request - login
           result - successful
23:17:39   duration - 6065312
           id - 1265860435
           relevant - true
           request - info
           result - successful
23:17:39   duration - 15070752
           id - 1330438885
           relevant - true
           request - home
           result - successful
[TENANT 13] requests: 12
23:17:40   duration - 88967807
           id - 581933371
           relevant - true
           request - login
           result - successful
23:17:40   duration - 14195549
           id - 745042718
           relevant - true
           request - info
           result - successful
23:17:40   duration - 18987140
           id - 676852299
           relevant - true
           request - home
           result - successful
[TENANT 9] requests: 12
23:17:40   duration - 78698434
           id - 383622452
           relevant - true
           request - login
           result - successful
23:17:40   duration - 5216244
           id - 404382111
           relevant - true
           request - info
           result - successful
23:17:40   duration - 11610786
           id - 472249924
           relevant - true
           request - home
           result - successful
[TENANT 6] requests: 12
23:17:41   duration - 84265973
           id - 1688651734
           relevant - true
           request - login
           result - successful
23:17:41   duration - 7774833
           id - 1784751410
           relevant - true
           request - info
           result - successful
23:17:41   duration - 14802145
           id - 1851698342
           relevant - true
           request - home
           result - successful
[TENANT 11] requests: 12
23:17:41   duration - 80297371
           id - 1508643441
           relevant - true
           request - login
           result - successful
23:17:41   duration - 8426602
           id - 1462499132
           relevant - true
           request - info
           result - successful
23:17:41   duration - 17585472
           id - 1393850625
           relevant - true
           request - home
           result - successful
[TENANT 2] requests: 12
23:17:42   duration - 97231839
           id - 1215789334
           relevant - true
           request - login
           result - successful
23:17:42   duration - 9133749
           id - 1185980008
           relevant - true
           request - info
           result - successful
23:17:42   duration - 64711632
           id - 1116672614
           relevant - true
           request - home
           result - successful
[TENANT 12] requests: 12
23:17:42   duration - 104916401
           id - 543385875
           relevant - true
           request - login
           result - successful
23:17:42   duration - 8484861
           id - 782537583
           relevant - true
           request - info
           result - successful
23:17:42   duration - 14474404
           id - 714801763
           relevant - true
           request - home
           result - successful
[TENANT 8] requests: 12
23:17:42   duration - 94942573
           id - 1598574618
           relevant - true
           request - login
           result - successful
23:17:42   duration - 7354983
           id - 1368372611
           relevant - true
           request - info
           result - successful
23:17:42   duration - 9916346
           id - 1437612906
           relevant - true
           request - home
           result - successful
[TENANT 7] requests: 12
23:17:43   duration - 99327562
           id - 982716629
           relevant - true
           request - login
           result - successful
23:17:43   duration - 8924753
           id - 877984247
           relevant - true
           request - info
           result - successful
23:17:43   duration - 14204094
           id - 812350373
           relevant - true
           request - home
           result - successful
[TENANT 10] requests: 13
23:17:44   duration - 92889561
           id - 1882407486
           relevant - true
           request - login
           result - successful
23:17:44   duration - 11688502
           id - 2129961544
           relevant - true
           request - info
           result - successful
23:17:44   duration - 11611543
           id - 2060134734
           relevant - true
           request - home
           result - successful
[TENANT 4] requests: 13
23:17:44   duration - 93775420
           id - 1083281181
           relevant - true
           request - login
           result - successful
23:17:44   duration - 6243255
           id - 1314285951
           relevant - true
           request - info
           result - successful
23:17:44   duration - 16314562
           id - 1248453741
           relevant - true
           request - home
           result - successful
[TENANT 5] requests: 13
23:17:44   duration - 89354506
           id - 269541209
           relevant - true
           request - login
           result - successful
23:17:44   duration - 5582663
           id - 517415723
           relevant - true
           request - info
           result - successful
23:17:44   duration - 18498055
           id - 451458089
           relevant - true
           request - home
           result - successful
[TENANT 1] requests: 13
23:17:44   duration - 79869002
           id - 517798639
           relevant - true
           request - login
           result - successful
23:17:44   duration - 15232082
           id - 270210884
           relevant - true
           request - info
           result - successful
23:17:44   duration - 12791692
           id - 337940895
           relevant - true
           request - home
           result - successful
[TENANT 3] requests: 13
23:17:45   duration - 89951242
           id - 1897055236
           relevant - true
           request - login
           result - successful
23:17:45   duration - 7090848
           id - 2144678998
           relevant - true
           request - info
           result - successful
23:17:45   duration - 18413680
           id - 2078977908
           relevant - true
           request - home
           result - successful
[TENANT 13] requests: 13
23:17:45   duration - 127509863
           id - 1009037800
           relevant - true
           request - login
           result - successful
23:17:45   duration - 6246729
           id - 853755932
           relevant - true
           request - info
           result - successful
23:17:45   duration - 12799056
           id - 920443544
           relevant - true
           request - home
           result - successful
[TENANT 9] requests: 13
23:17:45   duration - 82427263
           id - 1290927995
           relevant - true
           request - login
           result - successful
23:17:45   duration - 8576300
           id - 1110841493
           relevant - true
           request - info
           result - successful
23:17:45   duration - 16051181
           id - 1175032843
           relevant - true
           request - home
           result - successful
[TENANT 6] requests: 13
23:17:46   duration - 72333048
           id - 306461510
           relevant - true
           request - login
           result - successful
23:17:46   duration - 5249825
           id - 478398334
           relevant - true
           request - info
           result - successful
23:17:46   duration - 12897465
           id - 414994486
           relevant - true
           request - home
           result - successful
[TENANT 11] requests: 13
23:17:46   duration - 88914081
           id - 1408953906
           relevant - true
           request - login
           result - successful
23:17:46   duration - 7747911
           id - 1564285501
           relevant - true
           request - info
           result - successful
23:17:46   duration - 10258044
           id - 1493337410
           relevant - true
           request - home
           result - successful
[TENANT 2] requests: 13
23:17:47   duration - 83216666
           id - 1614758380
           relevant - true
           request - login
           result - successful
23:17:47   duration - 6990824
           id - 1861788571
           relevant - true
           request - info
           result - successful
23:17:47   duration - 76997200
           id - 1791437468
           relevant - true
           request - home
           result - successful
[TENANT 12] requests: 13
23:17:47   duration - 122743417
           id - 1318035230
           relevant - true
           request - login
           result - successful
23:17:47   duration - 10149661
           id - 1078487231
           relevant - true
           request - info
           result - successful
23:17:47   duration - 25797379
           id - 1148712046
           relevant - true
           request - home
           result - successful
[TENANT 8] requests: 13
23:17:47   duration - 98542271
           id - 1328022264
           relevant - true
           request - login
           result - successful
23:17:47   duration - 7008307
           id - 1106240877
           relevant - true
           request - info
           result - successful
23:17:47   duration - 22602826
           id - 1171286408
           relevant - true
           request - home
           result - successful
[TENANT 7] requests: 13
23:17:48   duration - 75209664
           id - 2073678364
           relevant - true
           request - login
           result - successful
23:17:48   duration - 7608929
           id - 1969107743
           relevant - true
           request - info
           result - successful
23:17:48   duration - 14834151
           id - 1902229868
           relevant - true
           request - home
           result - successful
[TENANT 10] requests: 14
23:17:49   duration - 72626024
           id - 1073789384
           relevant - true
           request - login
           result - successful
23:17:49   duration - 8365752
           id - 1321689016
           relevant - true
           request - info
           result - successful
23:17:49   duration - 12693231
           id - 1257820856
           relevant - true
           request - home
           result - successful
[TENANT 4] requests: 14
23:17:49   duration - 86209899
           id - 1220534367
           relevant - true
           request - login
           result - successful
23:17:49   duration - 8813114
           id - 1182271288
           relevant - true
           request - info
           result - successful
23:17:49   duration - 13990733
           id - 1111984943
           relevant - true
           request - home
           result - successful
[TENANT 5] requests: 14
23:17:49   duration - 82089047
           id - 96462855
           relevant - true
           request - login
           result - successful
23:17:49   duration - 8674066
           id - 192415424
           relevant - true
           request - info
           result - successful
23:17:49   duration - 10721884
           id - 256344951
           relevant - true
           request - home
           result - successful
[TENANT 1] requests: 14
23:17:49   duration - 70234822
           id - 1466453234
           relevant - true
           request - login
           result - successful
23:17:49   duration - 5355619
           id - 1504684143
           relevant - true
           request - info
           result - successful
23:17:49   duration - 10054649
           id - 1569728386
           relevant - true
           request - home
           result - successful
[TENANT 3] requests: 14
23:17:50   duration - 82197759
           id - 960957505
           relevant - true
           request - login
           result - successful
23:17:50   duration - 5623763
           id - 931194137
           relevant - true
           request - info
           result - successful
23:17:50   duration - 12261532
           id - 868181809
           relevant - true
           request - home
           result - successful
[TENANT 13] requests: 14
23:17:50   duration - 91811822
           id - 896397582
           relevant - true
           request - login
           result - successful
23:17:50   duration - 5157640
           id - 1000999379
           relevant - true
           request - info
           result - successful
23:17:50   duration - 11370153
           id - 1066769022
           relevant - true
           request - home
           result - successful
[TENANT 9] requests: 14
23:17:50   duration - 84769255
           id - 1844242691
           relevant - true
           request - login
           result - successful
23:17:50   duration - 4610476
           id - 1663765198
           relevant - true
           request - info
           result - successful
23:17:50   duration - 8968217
           id - 1729397363
           relevant - true
           request - home
           result - successful
[TENANT 6] requests: 14
23:17:51   duration - 79481353
           id - 698846984
           relevant - true
           request - login
           result - successful
23:17:51   duration - 6861628
           id - 660628556
           relevant - true
           request - info
           result - successful
23:17:51   duration - 10560648
           id - 593486968
           relevant - true
           request - home
           result - successful
[TENANT 11] requests: 14
