15:40:22 **-- Starting Experiment 1: Usage, Surge with AVG workload
Seeding the UpgradeplannerDB with tenants
[{"tenantId":1,"appName":"mt-api","slaClass":"bronze","currVersion":"1","upgVersion":null,"deadline":null},{"tenantId":2,"appName":"mt-api","slaClass":"bronze","currVersion":"1","upgVersion":null,"deadline":null},{"tenantId":3,"appName":"mt-api","slaClass":"bronze","currVersion":"1","upgVersion":null,"deadline":null},{"tenantId":4,"appName":"mt-api","slaClass":"bronze","currVersion":"1","upgVersion":null,"deadline":null},{"tenantId":5,"appName":"mt-api","slaClass":"bronze","currVersion":"1","upgVersion":null,"deadline":null},{"tenantId":6,"appName":"mt-api","slaClass":"bronze","currVersion":"1","upgVersion":null,"deadline":null},{"tenantId":7,"appName":"mt-api","slaClass":"bronze","currVersion":"1","upgVersion":null,"deadline":null},{"tenantId":8,"appName":"mt-api","slaClass":"bronze","currVersion":"1","upgVersion":null,"deadline":null},{"tenantId":9,"appName":"mt-api","slaClass":"bronze","currVersion":"1","upgVersion":null,"deadline":null},{"tenantId":10,"appName":"mt-api","slaClass":"bronze","currVersion":"1","upgVersion":null,"deadline":null},{"tenantId":11,"appName":"mt-api","slaClass":"bronze","currVersion":"1","upgVersion":null,"deadline":null},{"tenantId":12,"appName":"mt-api","slaClass":"bronze","currVersion":"1","upgVersion":null,"deadline":null},{"tenantId":13,"appName":"mt-api","slaClass":"bronze","currVersion":"1","upgVersion":null,"deadline":null}]15:40:23 -- Seeding the UpgradeplannerDB with Deployments
{"deploymentName":"mt-api-v1","appName":"mt-api","version":"1","slaClass":"bronze","podRequests":871,"podLimits":1300,"tenantRequests":67,"tenantLimits":100,"upgradeTime":90}{"deploymentName":"mt-api-v2","appName":"mt-api","version":"2","slaClass":"bronze","podRequests":0,"podLimits":0,"tenantRequests":67,"tenantLimits":100,"upgradeTime":90}15:40:24 -- Seeding the application database

> mt-api@0.0.0 clear-db /app
> node ./scripts/db-clear.js

2021-02-18T15:40:27.574Z [mt-api] [32minfo[39m: Connecting to database.
2021-02-18T15:40:27.578Z [mt-api] [32minfo[39m: Connecting to: mongodb://mt-db-s/mt-api
2021-02-18T15:40:27.609Z [mt-api] [33mwarn[39m: Clearing database.
2021-02-18T15:40:27.656Z [mt-api] [32minfo[39m: TenantModel: {"n":0,"ok":1,"deletedCount":0}
2021-02-18T15:40:27.689Z [mt-api] [32minfo[39m: UserModel: {"n":0,"ok":1,"deletedCount":0}
2021-02-18T15:40:27.690Z [mt-api] [33mwarn[39m: Database cleared.
2021-02-18T15:40:27.690Z [mt-api] [32minfo[39m: Disconnecting from database.

> mt-api@0.0.0 seed-db /app
> node ./scripts/db-seed.js

2021-02-18T15:40:29.131Z [mt-api] [32minfo[39m: Connecting to database.
2021-02-18T15:40:29.134Z [mt-api] [32minfo[39m: Connecting to: mongodb://mt-db-s/mt-api
2021-02-18T15:40:29.227Z [mt-api] [33mwarn[39m: Seeding database.
2021-02-18T15:40:30.419Z [mt-api] [33mwarn[39m: Tenants seeded.
2021-02-18T15:40:30.674Z [mt-api] [32minfo[39m: [REGISTER] User created: user-1-1
2021-02-18T15:40:30.729Z [mt-api] [32minfo[39m: [REGISTER] User created: user-4-1
2021-02-18T15:40:30.780Z [mt-api] [32minfo[39m: [REGISTER] User created: user-5-1
2021-02-18T15:40:30.873Z [mt-api] [32minfo[39m: [REGISTER] User created: user-6-1
2021-02-18T15:40:30.879Z [mt-api] [32minfo[39m: [REGISTER] User created: user-7-1
2021-02-18T15:40:30.977Z [mt-api] [32minfo[39m: [REGISTER] User created: user-8-1
2021-02-18T15:40:31.038Z [mt-api] [32minfo[39m: [REGISTER] User created: user-9-1
2021-02-18T15:40:31.070Z [mt-api] [32minfo[39m: [REGISTER] User created: user-2-1
2021-02-18T15:40:31.081Z [mt-api] [32minfo[39m: [REGISTER] User created: user-3-1
2021-02-18T15:40:31.143Z [mt-api] [32minfo[39m: [REGISTER] User created: user-10-1
2021-02-18T15:40:31.149Z [mt-api] [32minfo[39m: [REGISTER] User created: user-11-1
2021-02-18T15:40:31.236Z [mt-api] [32minfo[39m: [REGISTER] User created: user-13-1
2021-02-18T15:40:31.273Z [mt-api] [32minfo[39m: [REGISTER] User created: user-12-1
2021-02-18T15:40:31.288Z [mt-api] [33mwarn[39m: Users seeded.
2021-02-18T15:40:31.289Z [mt-api] [32minfo[39m: Disconnecting from database.
15:40:31 -- changing experiment files
Incremental stress testing
upgrade-users.json
15:40:34 -- Starting scalar script
15:40:34 -- Starting upgrade
[{"tenantId":1,"appName":"mt-api","slaClass":"bronze","currVersion":"1","upgVersion":"2","deadline":"15:40:45"},{"tenantId":9,"appName":"mt-api","slaClass":"bronze","currVersion":"1","upgVersion":"2","deadline":"15:40:45"},{"tenantId":2,"appName":"mt-api","slaClass":"bronze","currVersion":"1","upgVersion":"2","deadline":"15:40:45"},{"tenantId":10,"appName":"mt-api","slaClass":"bronze","currVersion":"1","upgVersion":"2","deadline":"15:40:45"},{"tenantId":3,"appName":"mt-api","slaClass":"bronze","currVersion":"1","upgVersion":"2","deadline":"15:40:45"},{"tenantId":4,"appName":"mt-api","slaClass":"bronze","currVersion":"1","upgVersion":"2","deadline":"15:40:45"},{"tenantId":11,"appName":"mt-api","slaClass":"bronze","currVersion":"1","upgVersion":"2","deadline":"15:40:45"},{"tenantId":5,"appName":"mt-api","slaClass":"bronze","currVersion":"1","upgVersion":"2","deadline":"15:40:45"},{"tenantId":12,"appName":"mt-api","slaClass":"bronze","currVersion":"1","upgVersion":"2","deadline":"15:40:45"},{"tenantId":7,"appName":"mt-api","slaClass":"bronze","currVersion":"1","upgVersion":"2","deadline":"15:40:45"},{"tenantId":13,"appName":"mt-api","slaClass":"bronze","currVersion":"1","upgVersion":"2","deadline":"15:40:45"},{"tenantId":8,"appName":"mt-api","slaClass":"bronze","currVersion":"1","upgVersion":"2","deadline":"15:40:45"},{"tenantId":6,"appName":"mt-api","slaClass":"bronze","currVersion":"1","upgVersion":"2","deadline":"15:40:45"}]15:42:37 -- Experiment script is over
